#
# There is insufficient memory for the Java Runtime Environment to continue.
# Native memory allocation (mmap) failed to map 65536 bytes for Failed to commit metaspace.
# Possible reasons:
#   The system is out of physical RAM or swap space
#   The process is running with CompressedOops enabled, and the Java Heap may be blocking the growth of the native heap
# Possible solutions:
#   Reduce memory load on the system
#   Increase physical memory or swap space
#   Check if swap backing store is full
#   Decrease Java heap size (-Xmx/-Xms)
#   Decrease number of Java threads
#   Decrease Java thread stack sizes (-Xss)
#   Set larger code cache with -XX:ReservedCodeCacheSize=
#   JVM is running with Unscaled Compressed Oops mode in which the Java heap is
#     placed in the first 4GB address space. The Java Heap base address is the
#     maximum limit for the native heap growth. Please use -XX:HeapBaseMinAddress
#     to set the Java Heap base and to place the Java Heap above 4GB virtual address.
# This output file may be truncated or incomplete.
#
#  Out of Memory Error (virtualSpaceNode.cpp:112), pid=20912, tid=24620
#
# JRE version: Java(TM) SE Runtime Environment (21.0.1+12) (build 21.0.1+12-LTS-29)
# Java VM: Java HotSpot(TM) 64-Bit Server VM (21.0.1+12-LTS-29, mixed mode, sharing, tiered, compressed oops, compressed class ptrs, g1 gc, windows-amd64)
# No core dump will be written. Minidumps are not enabled by default on client versions of Windows
#

---------------  S U M M A R Y ------------

Command Line: -Dfile.encoding=UTF-8 --module-path=C:\Users\User\Documents\NetBeansProjects\AirlineManagementSystem\build\classes airlinemanagementsystem.AddCustomer

Host: Intel(R) Core(TM) i5-7200U CPU @ 2.50GHz, 4 cores, 7G,  Windows 10 , 64 bit Build 19041 (10.0.19041.4957)
Time: Sat Dec  7 19:21:09 2024 India Standard Time elapsed time: 982.346181 seconds (0d 0h 16m 22s)

---------------  T H R E A D  ---------------

Current thread (0x000002d3eb330d90):  JavaThread "AWT-Windows" daemon [_thread_in_vm, id=24620, stack(0x000000d4d0f00000,0x000000d4d1000000) (1024K)]

Stack: [0x000000d4d0f00000,0x000000d4d1000000]
Native frames: (J=compiled Java code, j=interpreted, Vv=VM code, C=native code)
V  [jvm.dll+0x6c9029]
V  [jvm.dll+0x854b81]
V  [jvm.dll+0x856e5e]
V  [jvm.dll+0x857543]
V  [jvm.dll+0x280c06]
V  [jvm.dll+0x8508ae]
V  [jvm.dll+0x66ca45]
V  [jvm.dll+0x66caaa]
V  [jvm.dll+0x66f2a6]
V  [jvm.dll+0x66f172]
V  [jvm.dll+0x66d41e]
V  [jvm.dll+0x677657]
V  [jvm.dll+0x217a53]
V  [jvm.dll+0x217f95]
V  [jvm.dll+0x2189b1]
V  [jvm.dll+0x20dc4e]
V  [jvm.dll+0x5ac6dc]
V  [jvm.dll+0x7cd90d]
V  [jvm.dll+0x4704ca]
V  [jvm.dll+0x4838d6]
C  [java.dll+0x1657]

Java frames: (J=compiled Java code, j=interpreted, Vv=VM code)
j  java.lang.ClassLoader.defineClass0(Ljava/lang/ClassLoader;Ljava/lang/Class;Ljava/lang/String;[BIILjava/security/ProtectionDomain;ZILjava/lang/Object;)Ljava/lang/Class;+0 java.base@21.0.1
j  java.lang.System$2.defineClass(Ljava/lang/ClassLoader;Ljava/lang/Class;Ljava/lang/String;[BLjava/security/ProtectionDomain;ZILjava/lang/Object;)Ljava/lang/Class;+17 java.base@21.0.1
j  java.lang.invoke.MethodHandles$Lookup$ClassDefiner.defineClass(ZLjava/lang/Object;)Ljava/lang/Class;+57 java.base@21.0.1
j  java.lang.invoke.InnerClassLambdaMetafactory.generateInnerClass()Ljava/lang/Class;+490 java.base@21.0.1
j  java.lang.invoke.InnerClassLambdaMetafactory.spinInnerClass()Ljava/lang/Class;+114 java.base@21.0.1
j  java.lang.invoke.InnerClassLambdaMetafactory.buildCallSite()Ljava/lang/invoke/CallSite;+1 java.base@21.0.1
j  java.lang.invoke.LambdaMetafactory.metafactory(Ljava/lang/invoke/MethodHandles$Lookup;Ljava/lang/String;Ljava/lang/invoke/MethodType;Ljava/lang/invoke/MethodType;Ljava/lang/invoke/MethodHandle;Ljava/lang/invoke/MethodType;)Ljava/lang/invoke/CallSite;+67 java.base@21.0.1
j  java.lang.invoke.LambdaForm$DMH+0x000002d3a70c0800.invokeStatic(Ljava/lang/Object;Ljava/lang/Object;Ljava/lang/Object;Ljava/lang/Object;Ljava/lang/Object;Ljava/lang/Object;Ljava/lang/Object;)Ljava/lang/Object;+27 java.base@21.0.1
j  java.lang.invoke.Invokers$Holder.invokeExact_MT(Ljava/lang/Object;Ljava/lang/Object;Ljava/lang/Object;Ljava/lang/Object;Ljava/lang/Object;Ljava/lang/Object;Ljava/lang/Object;Ljava/lang/Object;)Ljava/lang/Object;+28 java.base@21.0.1
j  java.lang.invoke.BootstrapMethodInvoker.invoke(Ljava/lang/Class;Ljava/lang/invoke/MethodHandle;Ljava/lang/String;Ljava/lang/Object;Ljava/lang/Object;Ljava/lang/Class;)Ljava/lang/Object;+319 java.base@21.0.1
j  java.lang.invoke.CallSite.makeSite(Ljava/lang/invoke/MethodHandle;Ljava/lang/String;Ljava/lang/invoke/MethodType;Ljava/lang/Object;Ljava/lang/Class;)Ljava/lang/invoke/CallSite;+8 java.base@21.0.1
j  java.lang.invoke.MethodHandleNatives.linkCallSiteImpl(Ljava/lang/Class;Ljava/lang/invoke/MethodHandle;Ljava/lang/String;Ljava/lang/invoke/MethodType;Ljava/lang/Object;[Ljava/lang/Object;)Ljava/lang/invoke/MemberName;+6 java.base@21.0.1
j  java.lang.invoke.MethodHandleNatives.linkCallSite(Ljava/lang/Object;Ljava/lang/Object;Ljava/lang/Object;Ljava/lang/Object;Ljava/lang/Object;[Ljava/lang/Object;)Ljava/lang/invoke/MemberName;+45 java.base@21.0.1
v  ~StubRoutines::call_stub 0x000002d39961100d
j  sun.awt.windows.WToolkit.displayChanged()V+0 java.desktop@21.0.1
v  ~StubRoutines::call_stub 0x000002d39961100d
j  sun.awt.windows.WToolkit.eventLoop()V+0 java.desktop@21.0.1
j  sun.awt.windows.WToolkit.run()V+50 java.desktop@21.0.1
j  java.lang.Thread.runWith(Ljava/lang/Object;Ljava/lang/Runnable;)V+5 java.base@21.0.1
j  java.lang.Thread.run()V+19 java.base@21.0.1
v  ~StubRoutines::call_stub 0x000002d39961100d

---------------  P R O C E S S  ---------------

Threads class SMR info:
_java_thread_list=0x000002d3ec4db2e0, length=16, elements={
0x000002d3a5d1f7d0, 0x000002d3a5d21d40, 0x000002d3a5d271f0, 0x000002d3a5d27c50,
0x000002d3a5d286b0, 0x000002d3a5d29110, 0x000002d3a5d29ea0, 0x000002d3a5d2f100,
0x000002d3a5cebc50, 0x000002d3eb199080, 0x000002d3eb324d30, 0x000002d3eb3265f0,
0x000002d3eb330d90, 0x000002d3ec411700, 0x000002d387bae790, 0x000002d3ec7e5000
}

Java Threads: ( => current thread )
  0x000002d3a5d1f7d0 JavaThread "Reference Handler"          daemon [_thread_blocked, id=24344, stack(0x000000d4d0300000,0x000000d4d0400000) (1024K)]
  0x000002d3a5d21d40 JavaThread "Finalizer"                  daemon [_thread_blocked, id=16856, stack(0x000000d4d0400000,0x000000d4d0500000) (1024K)]
  0x000002d3a5d271f0 JavaThread "Signal Dispatcher"          daemon [_thread_blocked, id=24580, stack(0x000000d4d0500000,0x000000d4d0600000) (1024K)]
  0x000002d3a5d27c50 JavaThread "Attach Listener"            daemon [_thread_blocked, id=24584, stack(0x000000d4d0600000,0x000000d4d0700000) (1024K)]
  0x000002d3a5d286b0 JavaThread "Service Thread"             daemon [_thread_blocked, id=24588, stack(0x000000d4d0700000,0x000000d4d0800000) (1024K)]
  0x000002d3a5d29110 JavaThread "Monitor Deflation Thread"   daemon [_thread_blocked, id=24592, stack(0x000000d4d0800000,0x000000d4d0900000) (1024K)]
  0x000002d3a5d29ea0 JavaThread "C2 CompilerThread0"         daemon [_thread_blocked, id=24596, stack(0x000000d4d0900000,0x000000d4d0a00000) (1024K)]
  0x000002d3a5d2f100 JavaThread "C1 CompilerThread0"         daemon [_thread_blocked, id=24600, stack(0x000000d4d0a00000,0x000000d4d0b00000) (1024K)]
  0x000002d3a5cebc50 JavaThread "Common-Cleaner"             daemon [_thread_blocked, id=24604, stack(0x000000d4d0b00000,0x000000d4d0c00000) (1024K)]
  0x000002d3eb199080 JavaThread "Notification Thread"        daemon [_thread_blocked, id=24608, stack(0x000000d4d0c00000,0x000000d4d0d00000) (1024K)]
  0x000002d3eb324d30 JavaThread "Java2D Disposer"            daemon [_thread_blocked, id=24612, stack(0x000000d4d0d00000,0x000000d4d0e00000) (1024K)]
  0x000002d3eb3265f0 JavaThread "AWT-Shutdown"                      [_thread_blocked, id=24616, stack(0x000000d4d0e00000,0x000000d4d0f00000) (1024K)]
=>0x000002d3eb330d90 JavaThread "AWT-Windows"                daemon [_thread_in_vm, id=24620, stack(0x000000d4d0f00000,0x000000d4d1000000) (1024K)]
  0x000002d3ec411700 JavaThread "AWT-EventQueue-0"                  [_thread_blocked, id=24632, stack(0x000000d4d1100000,0x000000d4d1200000) (1024K)]
  0x000002d387bae790 JavaThread "DestroyJavaVM"                     [_thread_blocked, id=22472, stack(0x000000d4cfb00000,0x000000d4cfc00000) (1024K)]
  0x000002d3ec7e5000 JavaThread "TimerQueue"                 daemon [_thread_blocked, id=24648, stack(0x000000d4d1500000,0x000000d4d1600000) (1024K)]
Total: 16

Other Threads:
  0x000002d387b8ae80 VMThread "VM Thread"                           [id=24564, stack(0x000000d4d0200000,0x000000d4d0300000) (1024K)]
  0x000002d3a5cea9d0 WatcherThread "VM Periodic Task Thread"        [id=22488, stack(0x000000d4d0100000,0x000000d4d0200000) (1024K)]
  0x000002d387b8a000 WorkerThread "GC Thread#0"                     [id=21616, stack(0x000000d4cfc00000,0x000000d4cfd00000) (1024K)]
  0x000002d389ce0040 ConcurrentGCThread "G1 Main Marker"            [id=24240, stack(0x000000d4cfd00000,0x000000d4cfe00000) (1024K)]
  0x000002d387b8aae0 WorkerThread "G1 Conc#0"                       [id=24328, stack(0x000000d4cfe00000,0x000000d4cff00000) (1024K)]
  0x000002d3a5bba530 ConcurrentGCThread "G1 Refine#0"               [id=18228, stack(0x000000d4cff00000,0x000000d4d0000000) (1024K)]
  0x000002d3a5bbafb0 ConcurrentGCThread "G1 Service"                [id=21344, stack(0x000000d4d0000000,0x000000d4d0100000) (1024K)]
Total: 7

Threads with active compile tasks:
Total: 0

VM state: not at safepoint (normal execution)

VM Mutex/Monitor currently owned by a thread:  ([mutex/lock_event])
[0x00007ffc7e898578] Metaspace_lock - owner thread: 0x000002d3eb330d90

Heap address: 0x0000000082200000, size: 2014 MB, Compressed Oops mode: 32-bit

CDS archive(s) mapped at: [0x000002d3a6000000-0x000002d3a6c90000-0x000002d3a6c90000), size 13172736, SharedBaseAddress: 0x000002d3a6000000, ArchiveRelocationMode: 1.
Compressed class space mapped at: 0x000002d3a7000000-0x000002d3e7000000, reserved size: 1073741824
Narrow klass base: 0x000002d3a6000000, Narrow klass shift: 0, Narrow klass range: 0x100000000

GC Precious Log:
 CardTable entry size: 512
 Card Set container configuration: InlinePtr #cards 5 size 8 Array Of Cards #cards 12 size 40 Howl #buckets 4 coarsen threshold 1843 Howl Bitmap #cards 512 size 80 coarsen threshold 460 Card regions per heap region 1 cards per card region 2048
 CPUs: 4 total, 4 available
 Memory: 8054M
 Large Page Support: Disabled
 NUMA Support: Disabled
 Compressed Oops: Enabled (32-bit)
 Heap Region Size: 1M
 Heap Min Capacity: 8M
 Heap Initial Capacity: 126M
 Heap Max Capacity: 2014M
 Pre-touch: Disabled
 Parallel Workers: 4
 Concurrent Workers: 1
 Concurrent Refinement Workers: 4
 Periodic GC: Disabled

Heap:
 garbage-first heap   total 129024K, used 12288K [0x0000000082200000, 0x0000000100000000)
  region size 1024K, 10 young (10240K), 0 survivors (0K)
 Metaspace       used 8527K, committed 8704K, reserved 1114112K
  class space    used 939K, committed 1024K, reserved 1048576K

Heap Regions: E=young(eden), S=young(survivor), O=old, HS=humongous(starts), HC=humongous(continues), CS=collection set, F=free, TAMS=top-at-mark-start, PB=parsable bottom
|   0|0x0000000082200000, 0x0000000082300000, 0x0000000082300000|100%|HS|  |TAMS 0x0000000082200000| PB 0x0000000082200000| Complete 
|   1|0x0000000082300000, 0x0000000082400000, 0x0000000082400000|100%|HS|  |TAMS 0x0000000082300000| PB 0x0000000082300000| Complete 
|   2|0x0000000082400000, 0x0000000082500000, 0x0000000082500000|100%|HC|  |TAMS 0x0000000082400000| PB 0x0000000082400000| Complete 
|   3|0x0000000082500000, 0x0000000082500000, 0x0000000082600000|  0%| F|  |TAMS 0x0000000082500000| PB 0x0000000082500000| Untracked 
|   4|0x0000000082600000, 0x0000000082600000, 0x0000000082700000|  0%| F|  |TAMS 0x0000000082600000| PB 0x0000000082600000| Untracked 
|   5|0x0000000082700000, 0x0000000082700000, 0x0000000082800000|  0%| F|  |TAMS 0x0000000082700000| PB 0x0000000082700000| Untracked 
|   6|0x0000000082800000, 0x0000000082800000, 0x0000000082900000|  0%| F|  |TAMS 0x0000000082800000| PB 0x0000000082800000| Untracked 
|   7|0x0000000082900000, 0x0000000082900000, 0x0000000082a00000|  0%| F|  |TAMS 0x0000000082900000| PB 0x0000000082900000| Untracked 
|   8|0x0000000082a00000, 0x0000000082a00000, 0x0000000082b00000|  0%| F|  |TAMS 0x0000000082a00000| PB 0x0000000082a00000| Untracked 
|   9|0x0000000082b00000, 0x0000000082b00000, 0x0000000082c00000|  0%| F|  |TAMS 0x0000000082b00000| PB 0x0000000082b00000| Untracked 
|  10|0x0000000082c00000, 0x0000000082c00000, 0x0000000082d00000|  0%| F|  |TAMS 0x0000000082c00000| PB 0x0000000082c00000| Untracked 
|  11|0x0000000082d00000, 0x0000000082d00000, 0x0000000082e00000|  0%| F|  |TAMS 0x0000000082d00000| PB 0x0000000082d00000| Untracked 
|  12|0x0000000082e00000, 0x0000000082e00000, 0x0000000082f00000|  0%| F|  |TAMS 0x0000000082e00000| PB 0x0000000082e00000| Untracked 
|  13|0x0000000082f00000, 0x0000000082f00000, 0x0000000083000000|  0%| F|  |TAMS 0x0000000082f00000| PB 0x0000000082f00000| Untracked 
|  14|0x0000000083000000, 0x0000000083000000, 0x0000000083100000|  0%| F|  |TAMS 0x0000000083000000| PB 0x0000000083000000| Untracked 
|  15|0x0000000083100000, 0x0000000083100000, 0x0000000083200000|  0%| F|  |TAMS 0x0000000083100000| PB 0x0000000083100000| Untracked 
|  16|0x0000000083200000, 0x0000000083200000, 0x0000000083300000|  0%| F|  |TAMS 0x0000000083200000| PB 0x0000000083200000| Untracked 
|  17|0x0000000083300000, 0x0000000083300000, 0x0000000083400000|  0%| F|  |TAMS 0x0000000083300000| PB 0x0000000083300000| Untracked 
|  18|0x0000000083400000, 0x0000000083400000, 0x0000000083500000|  0%| F|  |TAMS 0x0000000083400000| PB 0x0000000083400000| Untracked 
|  19|0x0000000083500000, 0x0000000083500000, 0x0000000083600000|  0%| F|  |TAMS 0x0000000083500000| PB 0x0000000083500000| Untracked 
|  20|0x0000000083600000, 0x0000000083600000, 0x0000000083700000|  0%| F|  |TAMS 0x0000000083600000| PB 0x0000000083600000| Untracked 
|  21|0x0000000083700000, 0x0000000083700000, 0x0000000083800000|  0%| F|  |TAMS 0x0000000083700000| PB 0x0000000083700000| Untracked 
|  22|0x0000000083800000, 0x0000000083800000, 0x0000000083900000|  0%| F|  |TAMS 0x0000000083800000| PB 0x0000000083800000| Untracked 
|  23|0x0000000083900000, 0x0000000083900000, 0x0000000083a00000|  0%| F|  |TAMS 0x0000000083900000| PB 0x0000000083900000| Untracked 
|  24|0x0000000083a00000, 0x0000000083a00000, 0x0000000083b00000|  0%| F|  |TAMS 0x0000000083a00000| PB 0x0000000083a00000| Untracked 
|  25|0x0000000083b00000, 0x0000000083b00000, 0x0000000083c00000|  0%| F|  |TAMS 0x0000000083b00000| PB 0x0000000083b00000| Untracked 
|  26|0x0000000083c00000, 0x0000000083c00000, 0x0000000083d00000|  0%| F|  |TAMS 0x0000000083c00000| PB 0x0000000083c00000| Untracked 
|  27|0x0000000083d00000, 0x0000000083d00000, 0x0000000083e00000|  0%| F|  |TAMS 0x0000000083d00000| PB 0x0000000083d00000| Untracked 
|  28|0x0000000083e00000, 0x0000000083e00000, 0x0000000083f00000|  0%| F|  |TAMS 0x0000000083e00000| PB 0x0000000083e00000| Untracked 
|  29|0x0000000083f00000, 0x0000000083f00000, 0x0000000084000000|  0%| F|  |TAMS 0x0000000083f00000| PB 0x0000000083f00000| Untracked 
|  30|0x0000000084000000, 0x0000000084000000, 0x0000000084100000|  0%| F|  |TAMS 0x0000000084000000| PB 0x0000000084000000| Untracked 
|  31|0x0000000084100000, 0x0000000084100000, 0x0000000084200000|  0%| F|  |TAMS 0x0000000084100000| PB 0x0000000084100000| Untracked 
|  32|0x0000000084200000, 0x0000000084200000, 0x0000000084300000|  0%| F|  |TAMS 0x0000000084200000| PB 0x0000000084200000| Untracked 
|  33|0x0000000084300000, 0x0000000084300000, 0x0000000084400000|  0%| F|  |TAMS 0x0000000084300000| PB 0x0000000084300000| Untracked 
|  34|0x0000000084400000, 0x0000000084400000, 0x0000000084500000|  0%| F|  |TAMS 0x0000000084400000| PB 0x0000000084400000| Untracked 
|  35|0x0000000084500000, 0x0000000084500000, 0x0000000084600000|  0%| F|  |TAMS 0x0000000084500000| PB 0x0000000084500000| Untracked 
|  36|0x0000000084600000, 0x0000000084600000, 0x0000000084700000|  0%| F|  |TAMS 0x0000000084600000| PB 0x0000000084600000| Untracked 
|  37|0x0000000084700000, 0x0000000084700000, 0x0000000084800000|  0%| F|  |TAMS 0x0000000084700000| PB 0x0000000084700000| Untracked 
|  38|0x0000000084800000, 0x0000000084800000, 0x0000000084900000|  0%| F|  |TAMS 0x0000000084800000| PB 0x0000000084800000| Untracked 
|  39|0x0000000084900000, 0x0000000084900000, 0x0000000084a00000|  0%| F|  |TAMS 0x0000000084900000| PB 0x0000000084900000| Untracked 
|  40|0x0000000084a00000, 0x0000000084a00000, 0x0000000084b00000|  0%| F|  |TAMS 0x0000000084a00000| PB 0x0000000084a00000| Untracked 
|  41|0x0000000084b00000, 0x0000000084b00000, 0x0000000084c00000|  0%| F|  |TAMS 0x0000000084b00000| PB 0x0000000084b00000| Untracked 
|  42|0x0000000084c00000, 0x0000000084c00000, 0x0000000084d00000|  0%| F|  |TAMS 0x0000000084c00000| PB 0x0000000084c00000| Untracked 
|  43|0x0000000084d00000, 0x0000000084d00000, 0x0000000084e00000|  0%| F|  |TAMS 0x0000000084d00000| PB 0x0000000084d00000| Untracked 
|  44|0x0000000084e00000, 0x0000000084e00000, 0x0000000084f00000|  0%| F|  |TAMS 0x0000000084e00000| PB 0x0000000084e00000| Untracked 
|  45|0x0000000084f00000, 0x0000000084f00000, 0x0000000085000000|  0%| F|  |TAMS 0x0000000084f00000| PB 0x0000000084f00000| Untracked 
|  46|0x0000000085000000, 0x0000000085000000, 0x0000000085100000|  0%| F|  |TAMS 0x0000000085000000| PB 0x0000000085000000| Untracked 
|  47|0x0000000085100000, 0x0000000085100000, 0x0000000085200000|  0%| F|  |TAMS 0x0000000085100000| PB 0x0000000085100000| Untracked 
|  48|0x0000000085200000, 0x0000000085200000, 0x0000000085300000|  0%| F|  |TAMS 0x0000000085200000| PB 0x0000000085200000| Untracked 
|  49|0x0000000085300000, 0x0000000085300000, 0x0000000085400000|  0%| F|  |TAMS 0x0000000085300000| PB 0x0000000085300000| Untracked 
|  50|0x0000000085400000, 0x0000000085400000, 0x0000000085500000|  0%| F|  |TAMS 0x0000000085400000| PB 0x0000000085400000| Untracked 
|  51|0x0000000085500000, 0x0000000085500000, 0x0000000085600000|  0%| F|  |TAMS 0x0000000085500000| PB 0x0000000085500000| Untracked 
|  52|0x0000000085600000, 0x0000000085600000, 0x0000000085700000|  0%| F|  |TAMS 0x0000000085600000| PB 0x0000000085600000| Untracked 
|  53|0x0000000085700000, 0x0000000085700000, 0x0000000085800000|  0%| F|  |TAMS 0x0000000085700000| PB 0x0000000085700000| Untracked 
|  54|0x0000000085800000, 0x0000000085800000, 0x0000000085900000|  0%| F|  |TAMS 0x0000000085800000| PB 0x0000000085800000| Untracked 
|  55|0x0000000085900000, 0x0000000085900000, 0x0000000085a00000|  0%| F|  |TAMS 0x0000000085900000| PB 0x0000000085900000| Untracked 
|  56|0x0000000085a00000, 0x0000000085a00000, 0x0000000085b00000|  0%| F|  |TAMS 0x0000000085a00000| PB 0x0000000085a00000| Untracked 
|  57|0x0000000085b00000, 0x0000000085b00000, 0x0000000085c00000|  0%| F|  |TAMS 0x0000000085b00000| PB 0x0000000085b00000| Untracked 
|  58|0x0000000085c00000, 0x0000000085c00000, 0x0000000085d00000|  0%| F|  |TAMS 0x0000000085c00000| PB 0x0000000085c00000| Untracked 
|  59|0x0000000085d00000, 0x0000000085d00000, 0x0000000085e00000|  0%| F|  |TAMS 0x0000000085d00000| PB 0x0000000085d00000| Untracked 
|  60|0x0000000085e00000, 0x0000000085e00000, 0x0000000085f00000|  0%| F|  |TAMS 0x0000000085e00000| PB 0x0000000085e00000| Untracked 
|  61|0x0000000085f00000, 0x0000000085f00000, 0x0000000086000000|  0%| F|  |TAMS 0x0000000085f00000| PB 0x0000000085f00000| Untracked 
|  62|0x0000000086000000, 0x0000000086000000, 0x0000000086100000|  0%| F|  |TAMS 0x0000000086000000| PB 0x0000000086000000| Untracked 
|  63|0x0000000086100000, 0x0000000086100000, 0x0000000086200000|  0%| F|  |TAMS 0x0000000086100000| PB 0x0000000086100000| Untracked 
|  64|0x0000000086200000, 0x0000000086200000, 0x0000000086300000|  0%| F|  |TAMS 0x0000000086200000| PB 0x0000000086200000| Untracked 
|  65|0x0000000086300000, 0x0000000086300000, 0x0000000086400000|  0%| F|  |TAMS 0x0000000086300000| PB 0x0000000086300000| Untracked 
|  66|0x0000000086400000, 0x0000000086400000, 0x0000000086500000|  0%| F|  |TAMS 0x0000000086400000| PB 0x0000000086400000| Untracked 
|  67|0x0000000086500000, 0x0000000086500000, 0x0000000086600000|  0%| F|  |TAMS 0x0000000086500000| PB 0x0000000086500000| Untracked 
|  68|0x0000000086600000, 0x0000000086600000, 0x0000000086700000|  0%| F|  |TAMS 0x0000000086600000| PB 0x0000000086600000| Untracked 
|  69|0x0000000086700000, 0x0000000086700000, 0x0000000086800000|  0%| F|  |TAMS 0x0000000086700000| PB 0x0000000086700000| Untracked 
|  70|0x0000000086800000, 0x0000000086800000, 0x0000000086900000|  0%| F|  |TAMS 0x0000000086800000| PB 0x0000000086800000| Untracked 
|  71|0x0000000086900000, 0x0000000086900000, 0x0000000086a00000|  0%| F|  |TAMS 0x0000000086900000| PB 0x0000000086900000| Untracked 
|  72|0x0000000086a00000, 0x0000000086a00000, 0x0000000086b00000|  0%| F|  |TAMS 0x0000000086a00000| PB 0x0000000086a00000| Untracked 
|  73|0x0000000086b00000, 0x0000000086b00000, 0x0000000086c00000|  0%| F|  |TAMS 0x0000000086b00000| PB 0x0000000086b00000| Untracked 
|  74|0x0000000086c00000, 0x0000000086c00000, 0x0000000086d00000|  0%| F|  |TAMS 0x0000000086c00000| PB 0x0000000086c00000| Untracked 
|  75|0x0000000086d00000, 0x0000000086d00000, 0x0000000086e00000|  0%| F|  |TAMS 0x0000000086d00000| PB 0x0000000086d00000| Untracked 
|  76|0x0000000086e00000, 0x0000000086e00000, 0x0000000086f00000|  0%| F|  |TAMS 0x0000000086e00000| PB 0x0000000086e00000| Untracked 
|  77|0x0000000086f00000, 0x0000000086f00000, 0x0000000087000000|  0%| F|  |TAMS 0x0000000086f00000| PB 0x0000000086f00000| Untracked 
|  78|0x0000000087000000, 0x0000000087000000, 0x0000000087100000|  0%| F|  |TAMS 0x0000000087000000| PB 0x0000000087000000| Untracked 
|  79|0x0000000087100000, 0x0000000087100000, 0x0000000087200000|  0%| F|  |TAMS 0x0000000087100000| PB 0x0000000087100000| Untracked 
|  80|0x0000000087200000, 0x0000000087200000, 0x0000000087300000|  0%| F|  |TAMS 0x0000000087200000| PB 0x0000000087200000| Untracked 
|  81|0x0000000087300000, 0x0000000087300000, 0x0000000087400000|  0%| F|  |TAMS 0x0000000087300000| PB 0x0000000087300000| Untracked 
|  82|0x0000000087400000, 0x0000000087400000, 0x0000000087500000|  0%| F|  |TAMS 0x0000000087400000| PB 0x0000000087400000| Untracked 
|  83|0x0000000087500000, 0x0000000087500000, 0x0000000087600000|  0%| F|  |TAMS 0x0000000087500000| PB 0x0000000087500000| Untracked 
|  84|0x0000000087600000, 0x0000000087600000, 0x0000000087700000|  0%| F|  |TAMS 0x0000000087600000| PB 0x0000000087600000| Untracked 
|  85|0x0000000087700000, 0x0000000087700000, 0x0000000087800000|  0%| F|  |TAMS 0x0000000087700000| PB 0x0000000087700000| Untracked 
|  86|0x0000000087800000, 0x0000000087800000, 0x0000000087900000|  0%| F|  |TAMS 0x0000000087800000| PB 0x0000000087800000| Untracked 
|  87|0x0000000087900000, 0x0000000087900000, 0x0000000087a00000|  0%| F|  |TAMS 0x0000000087900000| PB 0x0000000087900000| Untracked 
|  88|0x0000000087a00000, 0x0000000087a00000, 0x0000000087b00000|  0%| F|  |TAMS 0x0000000087a00000| PB 0x0000000087a00000| Untracked 
|  89|0x0000000087b00000, 0x0000000087b00000, 0x0000000087c00000|  0%| F|  |TAMS 0x0000000087b00000| PB 0x0000000087b00000| Untracked 
|  90|0x0000000087c00000, 0x0000000087c00000, 0x0000000087d00000|  0%| F|  |TAMS 0x0000000087c00000| PB 0x0000000087c00000| Untracked 
|  91|0x0000000087d00000, 0x0000000087d00000, 0x0000000087e00000|  0%| F|  |TAMS 0x0000000087d00000| PB 0x0000000087d00000| Untracked 
|  92|0x0000000087e00000, 0x0000000087e00000, 0x0000000087f00000|  0%| F|  |TAMS 0x0000000087e00000| PB 0x0000000087e00000| Untracked 
|  93|0x0000000087f00000, 0x0000000087f00000, 0x0000000088000000|  0%| F|  |TAMS 0x0000000087f00000| PB 0x0000000087f00000| Untracked 
|  94|0x0000000088000000, 0x0000000088000000, 0x0000000088100000|  0%| F|  |TAMS 0x0000000088000000| PB 0x0000000088000000| Untracked 
|  95|0x0000000088100000, 0x0000000088100000, 0x0000000088200000|  0%| F|  |TAMS 0x0000000088100000| PB 0x0000000088100000| Untracked 
|  96|0x0000000088200000, 0x0000000088200000, 0x0000000088300000|  0%| F|  |TAMS 0x0000000088200000| PB 0x0000000088200000| Untracked 
|  97|0x0000000088300000, 0x0000000088300000, 0x0000000088400000|  0%| F|  |TAMS 0x0000000088300000| PB 0x0000000088300000| Untracked 
|  98|0x0000000088400000, 0x0000000088400000, 0x0000000088500000|  0%| F|  |TAMS 0x0000000088400000| PB 0x0000000088400000| Untracked 
|  99|0x0000000088500000, 0x0000000088500000, 0x0000000088600000|  0%| F|  |TAMS 0x0000000088500000| PB 0x0000000088500000| Untracked 
| 100|0x0000000088600000, 0x0000000088600000, 0x0000000088700000|  0%| F|  |TAMS 0x0000000088600000| PB 0x0000000088600000| Untracked 
| 101|0x0000000088700000, 0x0000000088700000, 0x0000000088800000|  0%| F|  |TAMS 0x0000000088700000| PB 0x0000000088700000| Untracked 
| 102|0x0000000088800000, 0x0000000088800000, 0x0000000088900000|  0%| F|  |TAMS 0x0000000088800000| PB 0x0000000088800000| Untracked 
| 103|0x0000000088900000, 0x0000000088900000, 0x0000000088a00000|  0%| F|  |TAMS 0x0000000088900000| PB 0x0000000088900000| Untracked 
| 104|0x0000000088a00000, 0x0000000088a00000, 0x0000000088b00000|  0%| F|  |TAMS 0x0000000088a00000| PB 0x0000000088a00000| Untracked 
| 105|0x0000000088b00000, 0x0000000088b00000, 0x0000000088c00000|  0%| F|  |TAMS 0x0000000088b00000| PB 0x0000000088b00000| Untracked 
| 106|0x0000000088c00000, 0x0000000088c00000, 0x0000000088d00000|  0%| F|  |TAMS 0x0000000088c00000| PB 0x0000000088c00000| Untracked 
| 107|0x0000000088d00000, 0x0000000088d00000, 0x0000000088e00000|  0%| F|  |TAMS 0x0000000088d00000| PB 0x0000000088d00000| Untracked 
| 108|0x0000000088e00000, 0x0000000088e00000, 0x0000000088f00000|  0%| F|  |TAMS 0x0000000088e00000| PB 0x0000000088e00000| Untracked 
| 109|0x0000000088f00000, 0x0000000088f00000, 0x0000000089000000|  0%| F|  |TAMS 0x0000000088f00000| PB 0x0000000088f00000| Untracked 
| 110|0x0000000089000000, 0x0000000089000000, 0x0000000089100000|  0%| F|  |TAMS 0x0000000089000000| PB 0x0000000089000000| Untracked 
| 111|0x0000000089100000, 0x0000000089100000, 0x0000000089200000|  0%| F|  |TAMS 0x0000000089100000| PB 0x0000000089100000| Untracked 
| 112|0x0000000089200000, 0x0000000089200000, 0x0000000089300000|  0%| F|  |TAMS 0x0000000089200000| PB 0x0000000089200000| Untracked 
| 113|0x0000000089300000, 0x0000000089300000, 0x0000000089400000|  0%| F|  |TAMS 0x0000000089300000| PB 0x0000000089300000| Untracked 
| 114|0x0000000089400000, 0x0000000089400000, 0x0000000089500000|  0%| F|  |TAMS 0x0000000089400000| PB 0x0000000089400000| Untracked 
| 115|0x0000000089500000, 0x0000000089500000, 0x0000000089600000|  0%| F|  |TAMS 0x0000000089500000| PB 0x0000000089500000| Untracked 
| 116|0x0000000089600000, 0x0000000089685a70, 0x0000000089700000| 52%| E|  |TAMS 0x0000000089600000| PB 0x0000000089600000| Complete 
| 117|0x0000000089700000, 0x0000000089800000, 0x0000000089800000|100%| E|CS|TAMS 0x0000000089700000| PB 0x0000000089700000| Complete 
| 118|0x0000000089800000, 0x0000000089900000, 0x0000000089900000|100%| E|CS|TAMS 0x0000000089800000| PB 0x0000000089800000| Complete 
| 119|0x0000000089900000, 0x0000000089a00000, 0x0000000089a00000|100%| E|CS|TAMS 0x0000000089900000| PB 0x0000000089900000| Complete 
| 120|0x0000000089a00000, 0x0000000089b00000, 0x0000000089b00000|100%| E|CS|TAMS 0x0000000089a00000| PB 0x0000000089a00000| Complete 
| 121|0x0000000089b00000, 0x0000000089c00000, 0x0000000089c00000|100%| E|CS|TAMS 0x0000000089b00000| PB 0x0000000089b00000| Complete 
| 122|0x0000000089c00000, 0x0000000089d00000, 0x0000000089d00000|100%| E|CS|TAMS 0x0000000089c00000| PB 0x0000000089c00000| Complete 
| 123|0x0000000089d00000, 0x0000000089e00000, 0x0000000089e00000|100%| E|CS|TAMS 0x0000000089d00000| PB 0x0000000089d00000| Complete 
| 124|0x0000000089e00000, 0x0000000089f00000, 0x0000000089f00000|100%| E|CS|TAMS 0x0000000089e00000| PB 0x0000000089e00000| Complete 
| 125|0x0000000089f00000, 0x000000008a000000, 0x000000008a000000|100%| E|CS|TAMS 0x0000000089f00000| PB 0x0000000089f00000| Complete 

Card table byte_map: [0x000002d3a14d0000,0x000002d3a18c0000] _byte_map_base: 0x000002d3a10bf000

Marking Bits: (CMBitMap*) 0x000002d389ccfba0
 Bits: [0x000002d3a18c0000, 0x000002d3a3838000)

Polling page: 0x000002d387e10000

Metaspace:

Usage:
  Non-class:      7.41 MB used.
      Class:    939.02 KB used.
       Both:      8.33 MB used.

Virtual space:
  Non-class space:       64.00 MB reserved,       7.50 MB ( 12%) committed,  1 nodes.
      Class space:        1.00 GB reserved,       1.00 MB ( <1%) committed,  1 nodes.
             Both:        1.06 GB reserved,       8.50 MB ( <1%) committed. 

Chunk freelists:
   Non-Class:  8.48 MB
       Class:  15.01 MB
        Both:  23.49 MB

MaxMetaspaceSize: unlimited
CompressedClassSpaceSize: 1.00 GB
Initial GC threshold: 21.00 MB
Current GC threshold: 21.00 MB
CDS: on
 - commit_granule_bytes: 65536.
 - commit_granule_words: 8192.
 - virtual_space_node_default_size: 8388608.
 - enlarge_chunks_in_place: 1.
 - use_allocation_guard: 0.


Internal statistics:

num_allocs_failed_limit: 0.
num_arena_births: 152.
num_arena_deaths: 0.
num_vsnodes_births: 2.
num_vsnodes_deaths: 0.
num_space_committed: 136.
num_space_uncommitted: 0.
num_chunks_returned_to_freelist: 0.
num_chunks_taken_from_freelist: 192.
num_chunk_merges: 0.
num_chunk_splits: 112.
num_chunks_enlarged: 42.
num_inconsistent_stats: 0.

CodeHeap 'non-profiled nmethods': size=120000Kb used=332Kb max_used=332Kb free=119667Kb
 bounds [0x000002d399bb0000, 0x000002d399e20000, 0x000002d3a10e0000]
CodeHeap 'profiled nmethods': size=120000Kb used=1763Kb max_used=1763Kb free=118236Kb
 bounds [0x000002d3920e0000, 0x000002d392350000, 0x000002d399610000]
CodeHeap 'non-nmethods': size=5760Kb used=1572Kb max_used=1587Kb free=4187Kb
 bounds [0x000002d399610000, 0x000002d399880000, 0x000002d399bb0000]
 total_blobs=1751 nmethods=1113 adapters=543
 compilation: enabled
              stopped_count=0, restarted_count=0
 full_count=0

Compilation events (20 events):
Event: 3.061 Thread 0x000002d3a5d2f100 1105       3       java.awt.Component$1::getLocation (5 bytes)
Event: 3.061 Thread 0x000002d3a5d2f100 nmethod 1105 0x000002d392294390 code [0x000002d392294560, 0x000002d392294858]
Event: 3.061 Thread 0x000002d3a5d2f100 1106       3       java.awt.Component::location_NoClientCode (16 bytes)
Event: 3.062 Thread 0x000002d3a5d2f100 nmethod 1106 0x000002d392294a10 code [0x000002d392294bc0, 0x000002d392294e58]
Event: 3.068 Thread 0x000002d3a5d29ea0 1107       4       java.util.ArrayList$Itr::next (66 bytes)
Event: 3.072 Thread 0x000002d3a5d29ea0 nmethod 1107 0x000002d399c02e90 code [0x000002d399c03020, 0x000002d399c03198]
Event: 3.146 Thread 0x000002d3a5d2f100 1108       3       java.util.concurrent.locks.AbstractQueuedSynchronizer$Node::getAndUnsetStatus (14 bytes)
Event: 3.148 Thread 0x000002d3a5d2f100 nmethod 1108 0x000002d392294f90 code [0x000002d392295160, 0x000002d392295460]
Event: 3.148 Thread 0x000002d3a5d2f100 1109       3       jdk.internal.misc.Unsafe::getAndBitwiseAndInt (27 bytes)
Event: 3.148 Thread 0x000002d3a5d2f100 nmethod 1109 0x000002d392295590 code [0x000002d392295740, 0x000002d392295980]
Event: 3.149 Thread 0x000002d3a5d2f100 1110       3       java.awt.Component::isEnabled (5 bytes)
Event: 3.150 Thread 0x000002d3a5d2f100 nmethod 1110 0x000002d392295a90 code [0x000002d392295c20, 0x000002d392295d48]
Event: 3.157 Thread 0x000002d3a5d2f100 1111       3       java.util.HashMap::remove (26 bytes)
Event: 3.158 Thread 0x000002d3a5d2f100 nmethod 1111 0x000002d392295e10 code [0x000002d392295fe0, 0x000002d392296360]
Event: 3.158 Thread 0x000002d3a5d2f100 1112       3       java.util.HashMap::removeNode (291 bytes)
Event: 3.161 Thread 0x000002d3a5d2f100 nmethod 1112 0x000002d392296490 code [0x000002d392296740, 0x000002d392297a68]
Event: 3.164 Thread 0x000002d3a5d2f100 1113       3       java.awt.EventQueue::uncacheEQItem (53 bytes)
Event: 3.165 Thread 0x000002d3a5d2f100 nmethod 1113 0x000002d392297f10 code [0x000002d392298100, 0x000002d3922987f8]
Event: 3.667 Thread 0x000002d3a5d2f100 1114       3       java.util.HashMap::tableSizeFor (32 bytes)
Event: 3.668 Thread 0x000002d3a5d2f100 nmethod 1114 0x000002d392298990 code [0x000002d392298b60, 0x000002d392298d78]

GC Heap History (0 events):
No events

Dll operation events (9 events):
Event: 0.007 Loaded shared library C:\Program Files\Java\jdk-21\bin\java.dll
Event: 0.146 Loaded shared library C:\Program Files\Java\jdk-21\bin\jsvml.dll
Event: 0.253 Loaded shared library C:\Program Files\Java\jdk-21\bin\net.dll
Event: 0.255 Loaded shared library C:\Program Files\Java\jdk-21\bin\nio.dll
Event: 0.278 Loaded shared library C:\Program Files\Java\jdk-21\bin\zip.dll
Event: 0.293 Loaded shared library C:\Program Files\Java\jdk-21\bin\jimage.dll
Event: 0.307 Loaded shared library C:\Program Files\Java\jdk-21\bin\awt.dll
Event: 0.796 Loaded shared library C:\Program Files\Java\jdk-21\bin\freetype.dll
Event: 0.796 Loaded shared library C:\Program Files\Java\jdk-21\bin\fontmanager.dll

Deoptimization events (12 events):
Event: 0.450 Thread 0x000002d387bae790 Uncommon trap: trap_request=0xffffff45 fr.pc=0x000002d399bc05ac relative=0x0000000000000a4c
Event: 0.450 Thread 0x000002d387bae790 Uncommon trap: reason=unstable_if action=reinterpret pc=0x000002d399bc05ac method=java.util.HashMap.putVal(ILjava/lang/Object;Ljava/lang/Object;ZZ)Ljava/lang/Object; @ 236 c2
Event: 0.450 Thread 0x000002d387bae790 DEOPT PACKING pc=0x000002d399bc05ac sp=0x000000d4cfbfde30
Event: 0.450 Thread 0x000002d387bae790 DEOPT UNPACKING pc=0x000002d3996646a2 sp=0x000000d4cfbfdde8 mode 2
Event: 0.704 Thread 0x000002d3eb3ea410 Uncommon trap: trap_request=0xffffff45 fr.pc=0x000002d399be4cbc relative=0x000000000000077c
Event: 0.704 Thread 0x000002d3eb3ea410 Uncommon trap: reason=unstable_if action=reinterpret pc=0x000002d399be4cbc method=java.util.regex.Matcher.search(I)Z @ 30 c2
Event: 0.704 Thread 0x000002d3eb3ea410 DEOPT PACKING pc=0x000002d399be4cbc sp=0x000000d4d10fe5b0
Event: 0.704 Thread 0x000002d3eb3ea410 DEOPT UNPACKING pc=0x000002d3996646a2 sp=0x000000d4d10fe590 mode 2
Event: 0.805 Thread 0x000002d387bae790 Uncommon trap: trap_request=0xffffff45 fr.pc=0x000002d399be6e20 relative=0x0000000000000200
Event: 0.805 Thread 0x000002d387bae790 Uncommon trap: reason=unstable_if action=reinterpret pc=0x000002d399be6e20 method=java.lang.StringUTF16.compress([CI[BII)I @ 20 c2
Event: 0.805 Thread 0x000002d387bae790 DEOPT PACKING pc=0x000002d399be6e20 sp=0x000000d4cfbfdc30
Event: 0.805 Thread 0x000002d387bae790 DEOPT UNPACKING pc=0x000002d3996646a2 sp=0x000000d4cfbfdba0 mode 2

Classes loaded (20 events):
Event: 0.989 Loading class javax/swing/TimerQueue
Event: 0.989 Loading class javax/swing/TimerQueue done
Event: 0.989 Loading class java/util/concurrent/DelayQueue
Event: 0.989 Loading class java/util/concurrent/BlockingQueue
Event: 0.990 Loading class java/util/concurrent/BlockingQueue done
Event: 0.990 Loading class java/util/concurrent/DelayQueue done
Event: 0.990 Loading class java/util/PriorityQueue
Event: 0.990 Loading class java/util/PriorityQueue done
Event: 0.991 Loading class javax/swing/TimerQueue$DelayedTimer
Event: 0.991 Loading class java/util/concurrent/Delayed
Event: 0.991 Loading class java/util/concurrent/Delayed done
Event: 0.991 Loading class javax/swing/TimerQueue$DelayedTimer done
Event: 1.500 Loading class javax/swing/Timer$1
Event: 1.500 Loading class javax/swing/Timer$1 done
Event: 3.347 Loading class java/awt/LightweightDispatcher$2
Event: 3.347 Loading class java/awt/LightweightDispatcher$2 done
Event: 3.658 Loading class java/awt/KeyboardFocusManager$2
Event: 3.658 Loading class java/awt/KeyboardFocusManager$2 done
Event: 3.659 Loading class sun/awt/SunToolkit$1
Event: 3.659 Loading class sun/awt/SunToolkit$1 done

Classes unloaded (0 events):
No events

Classes redefined (0 events):
No events

Internal exceptions (14 events):
Event: 0.255 Thread 0x000002d387bae790 Exception <a 'sun/nio/fs/WindowsException'{0x0000000089e77b60}> (0x0000000089e77b60) 
thrown [s\open\src\hotspot\share\prims\jni.cpp, line 520]
Event: 0.257 Thread 0x000002d387bae790 Exception <a 'sun/nio/fs/WindowsException'{0x0000000089e7a168}> (0x0000000089e7a168) 
thrown [s\open\src\hotspot\share\prims\jni.cpp, line 520]
Event: 0.297 Thread 0x000002d387bae790 Exception <a 'java/lang/ClassNotFoundException'{0x0000000089d88680}: sun/awt/resources/spi/awtProvider> (0x0000000089d88680) 
thrown [s\open\src\hotspot\share\classfile\systemDictionary.cpp, line 312]
Event: 0.318 Thread 0x000002d387bae790 Exception <a 'java/io/FileNotFoundException'{0x0000000089dddaf8}> (0x0000000089dddaf8) 
thrown [s\open\src\hotspot\share\prims\jni.cpp, line 520]
Event: 0.327 Thread 0x000002d387bae790 Exception <a 'java/io/FileNotFoundException'{0x0000000089c08058}> (0x0000000089c08058) 
thrown [s\open\src\hotspot\share\prims\jni.cpp, line 520]
Event: 0.468 Thread 0x000002d387bae790 Exception <a 'java/lang/NoSuchMethodError'{0x0000000089b152d0}: 'void java.lang.invoke.DirectMethodHandle$Holder.invokeSpecial(java.lang.Object, java.lang.Object, java.lang.Object)'> (0x0000000089b152d0) 
thrown [s\open\src\hotspot\share\interpreter\linkResolver.cpp, line 773]
Event: 0.489 Thread 0x000002d387bae790 Exception <a 'java/lang/NoSuchMethodError'{0x0000000089b3ac28}: 'java.lang.Object java.lang.invoke.DirectMethodHandle$Holder.newInvokeSpecial(java.lang.Object, java.lang.Object, java.lang.Object, java.lang.Object, java.lang.Object)'> (0x0000000089b3ac28) 
thrown [s\open\src\hotspot\share\interpreter\linkResolver.cpp, line 773]
Event: 0.506 Thread 0x000002d387bae790 Exception <a 'java/lang/NoSuchMethodError'{0x0000000089b66b90}: 'java.lang.Object java.lang.invoke.DirectMethodHandle$Holder.invokeStatic(java.lang.Object, int, java.lang.Object)'> (0x0000000089b66b90) 
thrown [s\open\src\hotspot\share\interpreter\linkResolver.cpp, line 773]
Event: 0.555 Thread 0x000002d387bae790 Exception <a 'java/lang/ClassNotFoundException'{0x0000000089a06bd8}: com/sun/swing/internal/plaf/metal/resources/spi/metalProvider> (0x0000000089a06bd8) 
thrown [s\open\src\hotspot\share\classfile\systemDictionary.cpp, line 312]
Event: 0.557 Thread 0x000002d387bae790 Exception <a 'java/lang/ClassNotFoundException'{0x0000000089a0ab38}: com/sun/swing/internal/plaf/basic/resources/spi/basicProvider> (0x0000000089a0ab38) 
thrown [s\open\src\hotspot\share\classfile\systemDictionary.cpp, line 312]
Event: 0.570 Thread 0x000002d387bae790 Exception <a 'java/lang/NoSuchMethodError'{0x0000000089a29cb8}: 'int java.lang.invoke.Invokers$Holder.invokeExact_MT(java.lang.Object, java.lang.Object)'> (0x0000000089a29cb8) 
thrown [s\open\src\hotspot\share\interpreter\linkResolver.cpp, line 773]
Event: 0.725 Thread 0x000002d3eb3ea410 Exception <a 'java/lang/NoSuchMethodError'{0x000000008982bc90}: 'java.lang.Object java.lang.invoke.DirectMethodHandle$Holder.newInvokeSpecial(java.lang.Object, java.lang.Object, java.lang.Object, int, int, int, int, int)'> (0x000000008982bc90) 
thrown [s\open\src\hotspot\share\interpreter\linkResolver.cpp, line 773]
Event: 0.791 Thread 0x000002d387bae790 Exception <a 'java/lang/NoSuchMethodError'{0x0000000089a82288}: 'void java.lang.invoke.DirectMethodHandle$Holder.invokeStaticInit(java.lang.Object)'> (0x0000000089a82288) 
thrown [s\open\src\hotspot\share\interpreter\linkResolver.cpp, line 773]
Event: 0.865 Thread 0x000002d3eb330d90 Exception <a 'java/lang/NoSuchMethodError'{0x0000000089cd7658}: 'void java.lang.invoke.DirectMethodHandle$Holder.invokeVirtual(java.lang.Object, java.lang.Object)'> (0x0000000089cd7658) 
thrown [s\open\src\hotspot\share\interpreter\linkResolver.cpp, line 773]

ZGC Phase Switch (0 events):
No events

VM Operations (16 events):
Event: 0.258 Executing VM operation: HandshakeAllThreads (Deoptimize)
Event: 0.258 Executing VM operation: HandshakeAllThreads (Deoptimize) done
Event: 0.599 Executing VM operation: HandshakeAllThreads (Deoptimize)
Event: 0.599 Executing VM operation: HandshakeAllThreads (Deoptimize) done
Event: 0.702 Executing VM operation: HandshakeAllThreads (Deoptimize)
Event: 0.702 Executing VM operation: HandshakeAllThreads (Deoptimize) done
Event: 1.717 Executing VM operation: Cleanup
Event: 1.717 Executing VM operation: Cleanup done
Event: 2.719 Executing VM operation: Cleanup
Event: 2.720 Executing VM operation: Cleanup done
Event: 3.720 Executing VM operation: Cleanup
Event: 3.720 Executing VM operation: Cleanup done
Event: 60.019 Executing VM operation: HandshakeAllThreads (HandshakeForDeflation)
Event: 60.019 Executing VM operation: HandshakeAllThreads (HandshakeForDeflation) done
Event: 60.019 Executing VM operation: RendezvousGCThreads
Event: 60.019 Executing VM operation: RendezvousGCThreads done

Events (20 events):
Event: 0.108 Thread 0x000002d387bae790 Thread added: 0x000002d387bae790
Event: 0.137 Thread 0x000002d3a5d1f7d0 Thread added: 0x000002d3a5d1f7d0
Event: 0.138 Thread 0x000002d3a5d21d40 Thread added: 0x000002d3a5d21d40
Event: 0.139 Thread 0x000002d3a5d271f0 Thread added: 0x000002d3a5d271f0
Event: 0.139 Thread 0x000002d3a5d27c50 Thread added: 0x000002d3a5d27c50
Event: 0.139 Thread 0x000002d3a5d286b0 Thread added: 0x000002d3a5d286b0
Event: 0.139 Thread 0x000002d3a5d29110 Thread added: 0x000002d3a5d29110
Event: 0.139 Thread 0x000002d3a5d29ea0 Thread added: 0x000002d3a5d29ea0
Event: 0.141 Thread 0x000002d3a5d2f100 Thread added: 0x000002d3a5d2f100
Event: 0.215 Thread 0x000002d3a5cebc50 Thread added: 0x000002d3a5cebc50
Event: 0.271 Thread 0x000002d3eb199080 Thread added: 0x000002d3eb199080
Event: 0.396 Thread 0x000002d3eb324d30 Thread added: 0x000002d3eb324d30
Event: 0.399 Thread 0x000002d3eb3265f0 Thread added: 0x000002d3eb3265f0
Event: 0.401 Thread 0x000002d3eb330d90 Thread added: 0x000002d3eb330d90
Event: 0.633 Thread 0x000002d3eb3ea410 Thread added: 0x000002d3eb3ea410
Event: 0.773 Thread 0x000002d3ec411700 Thread added: 0x000002d3ec411700
Event: 0.884 Thread 0x000002d387bae790 Thread exited: 0x000002d387bae790
Event: 0.884 Thread 0x000002d387bae790 Thread added: 0x000002d387bae790
Event: 0.991 Thread 0x000002d3ec7e5000 Thread added: 0x000002d3ec7e5000
Event: 5.772 Thread 0x000002d3eb3ea410 Thread exited: 0x000002d3eb3ea410


Dynamic libraries:
0x00007ff7aec10000 - 0x00007ff7aec20000 	C:\Program Files\Java\jdk-21\bin\java.exe
0x00007ffce83d0000 - 0x00007ffce85c8000 	C:\Windows\SYSTEM32\ntdll.dll
0x00007ffce7560000 - 0x00007ffce7622000 	C:\Windows\System32\KERNEL32.DLL
0x00007ffce5d10000 - 0x00007ffce600e000 	C:\Windows\System32\KERNELBASE.dll
0x00007ffce5a70000 - 0x00007ffce5b70000 	C:\Windows\System32\ucrtbase.dll
0x00007ffce1510000 - 0x00007ffce1529000 	C:\Program Files\Java\jdk-21\bin\jli.dll
0x00007ffcd06e0000 - 0x00007ffcd06fb000 	C:\Program Files\Java\jdk-21\bin\VCRUNTIME140.dll
0x00007ffce63f0000 - 0x00007ffce64a2000 	C:\Windows\System32\ADVAPI32.dll
0x00007ffce69c0000 - 0x00007ffce6a5e000 	C:\Windows\System32\msvcrt.dll
0x00007ffce79f0000 - 0x00007ffce7a90000 	C:\Windows\System32\sechost.dll
0x00007ffce6540000 - 0x00007ffce6663000 	C:\Windows\System32\RPCRT4.dll
0x00007ffce5b70000 - 0x00007ffce5b97000 	C:\Windows\System32\bcrypt.dll
0x00007ffce6670000 - 0x00007ffce680d000 	C:\Windows\System32\USER32.dll
0x00007ffce6330000 - 0x00007ffce6352000 	C:\Windows\System32\win32u.dll
0x00007ffcd69c0000 - 0x00007ffcd6c5a000 	C:\Windows\WinSxS\amd64_microsoft.windows.common-controls_6595b64144ccf1df_6.0.19041.4355_none_60b8b9eb71f62e16\COMCTL32.dll
0x00007ffce64b0000 - 0x00007ffce64db000 	C:\Windows\System32\GDI32.dll
0x00007ffce5bf0000 - 0x00007ffce5d07000 	C:\Windows\System32\gdi32full.dll
0x00007ffce6170000 - 0x00007ffce620d000 	C:\Windows\System32\msvcp_win.dll
0x00007ffcdefd0000 - 0x00007ffcdefda000 	C:\Windows\SYSTEM32\VERSION.dll
0x00007ffce7640000 - 0x00007ffce766f000 	C:\Windows\System32\IMM32.DLL
0x00007ffcd4660000 - 0x00007ffcd466c000 	C:\Program Files\Java\jdk-21\bin\vcruntime140_1.dll
0x00007ffcb6740000 - 0x00007ffcb67ce000 	C:\Program Files\Java\jdk-21\bin\msvcp140.dll
0x00007ffc7dc60000 - 0x00007ffc7e975000 	C:\Program Files\Java\jdk-21\bin\server\jvm.dll
0x00007ffce7c20000 - 0x00007ffce7c8b000 	C:\Windows\System32\WS2_32.dll
0x00007ffce58d0000 - 0x00007ffce591b000 	C:\Windows\SYSTEM32\POWRPROF.dll
0x00007ffcd5ff0000 - 0x00007ffcd6017000 	C:\Windows\SYSTEM32\WINMM.dll
0x00007ffce58b0000 - 0x00007ffce58c2000 	C:\Windows\SYSTEM32\UMPDC.dll
0x00007ffce4290000 - 0x00007ffce42a2000 	C:\Windows\SYSTEM32\kernel.appcore.dll
0x00007ffcd0da0000 - 0x00007ffcd0daa000 	C:\Program Files\Java\jdk-21\bin\jimage.dll
0x00007ffce3680000 - 0x00007ffce3864000 	C:\Windows\SYSTEM32\DBGHELP.DLL
0x00007ffccfc50000 - 0x00007ffccfc84000 	C:\Windows\SYSTEM32\dbgcore.DLL
0x00007ffce6360000 - 0x00007ffce63e2000 	C:\Windows\System32\bcryptPrimitives.dll
0x00007ffcd0610000 - 0x00007ffcd062f000 	C:\Program Files\Java\jdk-21\bin\java.dll
0x00007ffce6df0000 - 0x00007ffce755f000 	C:\Windows\System32\SHELL32.dll
0x00007ffce3ad0000 - 0x00007ffce4274000 	C:\Windows\SYSTEM32\windows.storage.dll
0x00007ffce7690000 - 0x00007ffce79e3000 	C:\Windows\System32\combase.dll
0x00007ffce53d0000 - 0x00007ffce53fe000 	C:\Windows\SYSTEM32\Wldp.dll
0x00007ffce81d0000 - 0x00007ffce829d000 	C:\Windows\System32\OLEAUT32.dll
0x00007ffce6cc0000 - 0x00007ffce6d6d000 	C:\Windows\System32\SHCORE.dll
0x00007ffce64e0000 - 0x00007ffce6535000 	C:\Windows\System32\shlwapi.dll
0x00007ffce59a0000 - 0x00007ffce59c4000 	C:\Windows\SYSTEM32\profapi.dll
0x00007ffcb6860000 - 0x00007ffcb6937000 	C:\Program Files\Java\jdk-21\bin\jsvml.dll
0x00007ffcd0600000 - 0x00007ffcd0610000 	C:\Program Files\Java\jdk-21\bin\net.dll
0x00007ffcdc0f0000 - 0x00007ffcdc1fd000 	C:\Windows\SYSTEM32\WINHTTP.dll
0x00007ffce5130000 - 0x00007ffce519a000 	C:\Windows\system32\mswsock.dll
0x00007ffcd05e0000 - 0x00007ffcd05f6000 	C:\Program Files\Java\jdk-21\bin\nio.dll
0x00007ffccf1f0000 - 0x00007ffccf208000 	C:\Program Files\Java\jdk-21\bin\zip.dll
0x00007ffc8b2f0000 - 0x00007ffc8b47f000 	C:\Program Files\Java\jdk-21\bin\awt.dll
0x00007ffce2080000 - 0x00007ffce2114000 	C:\Windows\SYSTEM32\apphelp.dll
0x00007ffce3230000 - 0x00007ffce325f000 	C:\Windows\system32\DWMAPI.DLL
0x00007ffce3040000 - 0x00007ffce30de000 	C:\Windows\system32\uxtheme.dll
0x00007ffcd07e0000 - 0x00007ffcd0908000 	C:\Windows\system32\opengl32.dll
0x00007ffcd02e0000 - 0x00007ffcd030c000 	C:\Windows\SYSTEM32\GLU32.dll
0x00007ffce68a0000 - 0x00007ffce69b5000 	C:\Windows\System32\MSCTF.dll
0x00007ffce7af0000 - 0x00007ffce7c1b000 	C:\Windows\System32\ole32.dll
0x00007ffcb5b30000 - 0x00007ffcb5bb7000 	C:\Program Files\Java\jdk-21\bin\freetype.dll
0x00007ffc8b210000 - 0x00007ffc8b2e3000 	C:\Program Files\Java\jdk-21\bin\fontmanager.dll
0x00007ffce6c10000 - 0x00007ffce6cb9000 	C:\Windows\System32\clbcatq.dll
0x00007ffce2e30000 - 0x00007ffce2fe6000 	C:\Windows\SYSTEM32\WindowsCodecs.dll
0x00007ffcbaf40000 - 0x00007ffcbaf7e000 	C:\Windows\system32\dataexchange.dll
0x00007ffce0a40000 - 0x00007ffce0ca3000 	C:\Windows\system32\d3d11.dll
0x00007ffce1530000 - 0x00007ffce1714000 	C:\Windows\system32\dcomp.dll
0x00007ffce4300000 - 0x00007ffce43f6000 	C:\Windows\system32\dxgi.dll
0x00007ffcddf70000 - 0x00007ffcde173000 	C:\Windows\system32\twinapi.appcore.dll
0x00007ffcc0df0000 - 0x00007ffcc0ee9000 	C:\Windows\SYSTEM32\textinputframework.dll
0x00007ffce1e00000 - 0x00007ffce1ef2000 	C:\Windows\System32\CoreMessaging.dll
0x00007ffce1aa0000 - 0x00007ffce1dfb000 	C:\Windows\System32\CoreUIComponents.dll
0x00007ffce2120000 - 0x00007ffce2277000 	C:\Windows\SYSTEM32\wintypes.dll
0x00007ffce4ca0000 - 0x00007ffce4cd3000 	C:\Windows\SYSTEM32\ntmarta.dll
0x00007ffcbcd70000 - 0x00007ffcbce1e000 	C:\Windows\SYSTEM32\TextShaping.dll

dbghelp: loaded successfully - version: 4.0.5 - missing functions: none
symbol engine: initialized successfully - sym options: 0x614 - pdb path: .;C:\Program Files\Java\jdk-21\bin;C:\Windows\SYSTEM32;C:\Windows\WinSxS\amd64_microsoft.windows.common-controls_6595b64144ccf1df_6.0.19041.4355_none_60b8b9eb71f62e16;C:\Program Files\Java\jdk-21\bin\server

VM Arguments:
jvm_args: -Dfile.encoding=UTF-8 --module-path=C:\Users\User\Documents\NetBeansProjects\AirlineManagementSystem\build\classes 
java_command: airlinemanagementsystem.AddCustomer
java_class_path (initial): C:\Users\User\Desktop\.java\mysql-connector-java-8.0.28.jar;C:\Users\User\Desktop\.java\rs2xml.jar;C:\Users\User\Desktop\.java\jcalendar-tz-1.3.3-4.jar;C:\Users\User\Documents\NetBeansProjects\AirlineManagementSystem\build\classes
Launcher Type: SUN_STANDARD

[Global flags]
     intx CICompilerCount                          = 3                                         {product} {ergonomic}
     uint ConcGCThreads                            = 1                                         {product} {ergonomic}
     uint G1ConcRefinementThreads                  = 4                                         {product} {ergonomic}
   size_t G1HeapRegionSize                         = 1048576                                   {product} {ergonomic}
    uintx GCDrainStackTargetSize                   = 64                                        {product} {ergonomic}
   size_t InitialHeapSize                          = 132120576                                 {product} {ergonomic}
   size_t MarkStackSize                            = 4194304                                   {product} {ergonomic}
   size_t MaxHeapSize                              = 2111832064                                {product} {ergonomic}
   size_t MaxNewSize                               = 1266679808                                {product} {ergonomic}
   size_t MinHeapDeltaBytes                        = 1048576                                   {product} {ergonomic}
   size_t MinHeapSize                              = 8388608                                   {product} {ergonomic}
    uintx NonNMethodCodeHeapSize                   = 5832780                                {pd product} {ergonomic}
    uintx NonProfiledCodeHeapSize                  = 122912730                              {pd product} {ergonomic}
    uintx ProfiledCodeHeapSize                     = 122912730                              {pd product} {ergonomic}
    uintx ReservedCodeCacheSize                    = 251658240                              {pd product} {ergonomic}
     bool SegmentedCodeCache                       = true                                      {product} {ergonomic}
   size_t SoftMaxHeapSize                          = 2111832064                             {manageable} {ergonomic}
     bool UseCompressedOops                        = true                           {product lp64_product} {ergonomic}
     bool UseG1GC                                  = true                                      {product} {ergonomic}
     bool UseLargePagesIndividualAllocation        = false                                  {pd product} {ergonomic}

Logging:
Log output configuration:
 #0: stdout all=warning uptime,level,tags foldmultilines=false
 #1: stderr all=off uptime,level,tags foldmultilines=false

Environment Variables:
PATH=C:\Users\User\AppData\Local\Programs\Python\Python312\Scripts\;C:\Users\User\AppData\Local\Programs\Python\Python312\;C:\Program Files\Common Files\Oracle\Java\javapath;C:\Windows\system32;C:\Windows;C:\Windows\System32\Wbem;C:\Windows\System32\WindowsPowerShell\v1.0\;C:\Windows\System32\OpenSSH\;C:\MinGW\bin;C:\Program Files\Java\jdk-21\bin;C:\Program Files\Git\cmd;C:\Program Files\Git\mingw64\bin;C:\Program Files\Git\usr\bin;C:\Program Files\nodejs\;C:\ProgramData\chocolatey\bin;c:\Program Files (x86)\Microsoft SQL Server\100\Tools\Binn\;c:\Program Files\Microsoft SQL Server\100\Tools\Binn\;c:\Program Files\Microsoft SQL Server\100\DTS\Binn\;C:\Program Files\MySQL\MySQL Shell 8.0\bin\;C:\Users\User\AppData\Local\Microsoft\WindowsApps;C:\Users\User\AppData\Local\Programs\Microsoft VS Code\bin;C:\Users\User\AppData\Roaming\npm
USERNAME=User
OS=Windows_NT
PROCESSOR_IDENTIFIER=Intel64 Family 6 Model 142 Stepping 9, GenuineIntel
TMP=C:\Users\User\AppData\Local\Temp
TEMP=C:\Users\User\AppData\Local\Temp




Periodic native trim disabled

---------------  S Y S T E M  ---------------

OS:
 Windows 10 , 64 bit Build 19041 (10.0.19041.4957)
OS uptime: 0 days 1:30 hours

CPU: total 4 (initial active 4) (2 cores per cpu, 2 threads per core) family 6 model 142 stepping 9 microcode 0xb4, cx8, cmov, fxsr, ht, mmx, 3dnowpref, sse, sse2, sse3, ssse3, sse4.1, sse4.2, popcnt, lzcnt, tsc, tscinvbit, avx, avx2, aes, erms, clmul, bmi1, bmi2, adx, fma, vzeroupper, clflush, clflushopt, rdtscp, f16c
Processor Information for all 4 processors :
  Max Mhz: 2701, Current Mhz: 2701, Mhz Limit: 2701

Memory: 4k page, system-wide physical 8054M (1063M free)
TotalPageFile size 32630M (AvailPageFile size 0M)
current process WorkingSet (physical memory assigned to process): 68M, peak: 72M
current process commit charge ("private bytes"): 214M, peak: 219M

vm_info: Java HotSpot(TM) 64-Bit Server VM (21.0.1+12-LTS-29) for windows-amd64 JRE (21.0.1+12-LTS-29), built on 2023-10-05T13:27:09Z by "mach5one" with MS VC++ 17.1 (VS2022)

END.
