#
# There is insufficient memory for the Java Runtime Environment to continue.
# Native memory allocation (malloc) failed to allocate 32744 bytes for Chunk::new
# Possible reasons:
#   The system is out of physical RAM or swap space
#   The process is running with CompressedOops enabled, and the Java Heap may be blocking the growth of the native heap
# Possible solutions:
#   Reduce memory load on the system
#   Increase physical memory or swap space
#   Check if swap backing store is full
#   Decrease Java heap size (-Xmx/-Xms)
#   Decrease number of Java threads
#   Decrease Java thread stack sizes (-Xss)
#   Set larger code cache with -XX:ReservedCodeCacheSize=
#   JVM is running with Unscaled Compressed Oops mode in which the Java heap is
#     placed in the first 4GB address space. The Java Heap base address is the
#     maximum limit for the native heap growth. Please use -XX:HeapBaseMinAddress
#     to set the Java Heap base and to place the Java Heap above 4GB virtual address.
# This output file may be truncated or incomplete.
#
#  Out of Memory Error (arena.cpp:168), pid=11444, tid=15872
#
# JRE version: Java(TM) SE Runtime Environment (21.0.1+12) (build 21.0.1+12-LTS-29)
# Java VM: Java HotSpot(TM) 64-Bit Server VM (21.0.1+12-LTS-29, mixed mode, sharing, tiered, compressed oops, compressed class ptrs, g1 gc, windows-amd64)
# No core dump will be written. Minidumps are not enabled by default on client versions of Windows
#

---------------  S U M M A R Y ------------

Command Line: -Dfile.encoding=UTF-8 --module-path=C:\Users\User\Documents\NetBeansProjects\AirlineManagementSystem\build\classes airlinemanagementsystem.JourneyDetails

Host: Intel(R) Core(TM) i5-7200U CPU @ 2.50GHz, 4 cores, 7G,  Windows 10 , 64 bit Build 19041 (10.0.19041.4957)
Time: Sat Dec  7 19:21:09 2024 India Standard Time elapsed time: 171.338151 seconds (0d 0h 2m 51s)

---------------  T H R E A D  ---------------

Current thread (0x000001ba54b77a00):  JavaThread "C2 CompilerThread0" daemon [_thread_in_native, id=15872, stack(0x000000180e300000,0x000000180e400000) (1024K)]


Current CompileTask:
C2: 171338 1062       4       java.util.Arrays::binarySearch0 (95 bytes)

Stack: [0x000000180e300000,0x000000180e400000]
Native frames: (J=compiled Java code, j=interpreted, Vv=VM code, C=native code)
V  [jvm.dll+0x6c9029]
V  [jvm.dll+0x854b81]
V  [jvm.dll+0x856e5e]
V  [jvm.dll+0x857543]
V  [jvm.dll+0x280c06]
V  [jvm.dll+0xc3ead]
V  [jvm.dll+0xc43c3]
V  [jvm.dll+0xc3fd5]
V  [jvm.dll+0x6a6d9a]
V  [jvm.dll+0x8b584]
V  [jvm.dll+0x6a437e]
V  [jvm.dll+0x6d997f]
V  [jvm.dll+0x248c2d]
V  [jvm.dll+0x1c9ca1]
V  [jvm.dll+0x2586b9]
V  [jvm.dll+0x256c9a]
V  [jvm.dll+0x3ef1b6]
V  [jvm.dll+0x7fd728]
V  [jvm.dll+0x6c777d]
C  [ucrtbase.dll+0x21bb2]
C  [KERNEL32.DLL+0x17374]
C  [ntdll.dll+0x4cc91]


---------------  P R O C E S S  ---------------

Threads class SMR info:
_java_thread_list=0x000001ba9b28f230, length=16, elements={
0x000001ba54b5b600, 0x000001ba54b5f2e0, 0x000001ba54b61fe0, 0x000001ba54b62a40,
0x000001ba54b634a0, 0x000001ba54b65f10, 0x000001ba54b77a00, 0x000001ba54b7b0d0,
0x000001ba9a06ee70, 0x000001ba9a1a25b0, 0x000001ba9a2dfa00, 0x000001ba9a2e0290,
0x000001ba9a2e92e0, 0x000001ba9a393a70, 0x000001ba38af3800, 0x000001ba9b35e5b0
}

Java Threads: ( => current thread )
  0x000001ba54b5b600 JavaThread "Reference Handler"          daemon [_thread_blocked, id=18244, stack(0x000000180dd00000,0x000000180de00000) (1024K)]
  0x000001ba54b5f2e0 JavaThread "Finalizer"                  daemon [_thread_blocked, id=19236, stack(0x000000180de00000,0x000000180df00000) (1024K)]
  0x000001ba54b61fe0 JavaThread "Signal Dispatcher"          daemon [_thread_blocked, id=12704, stack(0x000000180df00000,0x000000180e000000) (1024K)]
  0x000001ba54b62a40 JavaThread "Attach Listener"            daemon [_thread_blocked, id=12624, stack(0x000000180e000000,0x000000180e100000) (1024K)]
  0x000001ba54b634a0 JavaThread "Service Thread"             daemon [_thread_blocked, id=17920, stack(0x000000180e100000,0x000000180e200000) (1024K)]
  0x000001ba54b65f10 JavaThread "Monitor Deflation Thread"   daemon [_thread_blocked, id=14828, stack(0x000000180e200000,0x000000180e300000) (1024K)]
=>0x000001ba54b77a00 JavaThread "C2 CompilerThread0"         daemon [_thread_in_native, id=15872, stack(0x000000180e300000,0x000000180e400000) (1024K)]
  0x000001ba54b7b0d0 JavaThread "C1 CompilerThread0"         daemon [_thread_blocked, id=17940, stack(0x000000180e400000,0x000000180e500000) (1024K)]
  0x000001ba9a06ee70 JavaThread "Common-Cleaner"             daemon [_thread_blocked, id=17404, stack(0x000000180e500000,0x000000180e600000) (1024K)]
  0x000001ba9a1a25b0 JavaThread "Notification Thread"        daemon [_thread_blocked, id=17360, stack(0x000000180e600000,0x000000180e700000) (1024K)]
  0x000001ba9a2dfa00 JavaThread "Java2D Disposer"            daemon [_thread_blocked, id=17888, stack(0x000000180e700000,0x000000180e800000) (1024K)]
  0x000001ba9a2e0290 JavaThread "AWT-Shutdown"                      [_thread_blocked, id=14932, stack(0x000000180e800000,0x000000180e900000) (1024K)]
  0x000001ba9a2e92e0 JavaThread "AWT-Windows"                daemon [_thread_in_native, id=16152, stack(0x000000180e900000,0x000000180ea00000) (1024K)]
  0x000001ba9a393a70 JavaThread "AWT-EventQueue-0"                  [_thread_blocked, id=15188, stack(0x000000180ea00000,0x000000180eb00000) (1024K)]
  0x000001ba38af3800 JavaThread "DestroyJavaVM"                     [_thread_blocked, id=25404, stack(0x000000180d500000,0x000000180d600000) (1024K)]
  0x000001ba9b35e5b0 JavaThread "TimerQueue"                 daemon [_thread_blocked, id=1552, stack(0x000000180ee00000,0x000000180ef00000) (1024K)]
Total: 16

Other Threads:
  0x000001ba54b3bf20 VMThread "VM Thread"                           [id=24072, stack(0x000000180dc00000,0x000000180dd00000) (1024K)]
  0x000001ba54b27000 WatcherThread "VM Periodic Task Thread"        [id=12236, stack(0x000000180db00000,0x000000180dc00000) (1024K)]
  0x000001ba36a8ea60 WorkerThread "GC Thread#0"                     [id=26200, stack(0x000000180d600000,0x000000180d700000) (1024K)]
  0x000001ba38b516f0 ConcurrentGCThread "G1 Main Marker"            [id=1104, stack(0x000000180d700000,0x000000180d800000) (1024K)]
  0x000001ba38b528a0 WorkerThread "G1 Conc#0"                       [id=20952, stack(0x000000180d800000,0x000000180d900000) (1024K)]
  0x000001ba549f70d0 ConcurrentGCThread "G1 Refine#0"               [id=26764, stack(0x000000180d900000,0x000000180da00000) (1024K)]
  0x000001ba549f7b50 ConcurrentGCThread "G1 Service"                [id=12256, stack(0x000000180da00000,0x000000180db00000) (1024K)]
Total: 7

Threads with active compile tasks:
C2 CompilerThread0   171408 1062       4       java.util.Arrays::binarySearch0 (95 bytes)
Total: 1

VM state: not at safepoint (normal execution)

VM Mutex/Monitor currently owned by a thread: None

Heap address: 0x0000000082200000, size: 2014 MB, Compressed Oops mode: 32-bit

CDS archive(s) mapped at: [0x000001ba55000000-0x000001ba55c90000-0x000001ba55c90000), size 13172736, SharedBaseAddress: 0x000001ba55000000, ArchiveRelocationMode: 1.
Compressed class space mapped at: 0x000001ba56000000-0x000001ba96000000, reserved size: 1073741824
Narrow klass base: 0x000001ba55000000, Narrow klass shift: 0, Narrow klass range: 0x100000000

GC Precious Log:
 CardTable entry size: 512
 Card Set container configuration: InlinePtr #cards 5 size 8 Array Of Cards #cards 12 size 40 Howl #buckets 4 coarsen threshold 1843 Howl Bitmap #cards 512 size 80 coarsen threshold 460 Card regions per heap region 1 cards per card region 2048
 CPUs: 4 total, 4 available
 Memory: 8054M
 Large Page Support: Disabled
 NUMA Support: Disabled
 Compressed Oops: Enabled (32-bit)
 Heap Region Size: 1M
 Heap Min Capacity: 8M
 Heap Initial Capacity: 126M
 Heap Max Capacity: 2014M
 Pre-touch: Disabled
 Parallel Workers: 4
 Concurrent Workers: 1
 Concurrent Refinement Workers: 4
 Periodic GC: Disabled

Heap:
 garbage-first heap   total 129024K, used 14336K [0x0000000082200000, 0x0000000100000000)
  region size 1024K, 8 young (8192K), 0 survivors (0K)
 Metaspace       used 8836K, committed 9088K, reserved 1114112K
  class space    used 991K, committed 1088K, reserved 1048576K

Heap Regions: E=young(eden), S=young(survivor), O=old, HS=humongous(starts), HC=humongous(continues), CS=collection set, F=free, TAMS=top-at-mark-start, PB=parsable bottom
|   0|0x0000000082200000, 0x0000000082300000, 0x0000000082300000|100%|HS|  |TAMS 0x0000000082200000| PB 0x0000000082200000| Complete 
|   1|0x0000000082300000, 0x0000000082400000, 0x0000000082400000|100%|HC|  |TAMS 0x0000000082300000| PB 0x0000000082300000| Complete 
|   2|0x0000000082400000, 0x0000000082500000, 0x0000000082500000|100%|HC|  |TAMS 0x0000000082400000| PB 0x0000000082400000| Complete 
|   3|0x0000000082500000, 0x0000000082600000, 0x0000000082600000|100%|HS|  |TAMS 0x0000000082500000| PB 0x0000000082500000| Complete 
|   4|0x0000000082600000, 0x0000000082700000, 0x0000000082700000|100%|HC|  |TAMS 0x0000000082600000| PB 0x0000000082600000| Complete 
|   5|0x0000000082700000, 0x0000000082800000, 0x0000000082800000|100%|HC|  |TAMS 0x0000000082700000| PB 0x0000000082700000| Complete 
|   6|0x0000000082800000, 0x0000000082900000, 0x0000000082900000|100%|HC|  |TAMS 0x0000000082800000| PB 0x0000000082800000| Complete 
|   7|0x0000000082900000, 0x0000000082900000, 0x0000000082a00000|  0%| F|  |TAMS 0x0000000082900000| PB 0x0000000082900000| Untracked 
|   8|0x0000000082a00000, 0x0000000082a00000, 0x0000000082b00000|  0%| F|  |TAMS 0x0000000082a00000| PB 0x0000000082a00000| Untracked 
|   9|0x0000000082b00000, 0x0000000082b00000, 0x0000000082c00000|  0%| F|  |TAMS 0x0000000082b00000| PB 0x0000000082b00000| Untracked 
|  10|0x0000000082c00000, 0x0000000082c00000, 0x0000000082d00000|  0%| F|  |TAMS 0x0000000082c00000| PB 0x0000000082c00000| Untracked 
|  11|0x0000000082d00000, 0x0000000082d00000, 0x0000000082e00000|  0%| F|  |TAMS 0x0000000082d00000| PB 0x0000000082d00000| Untracked 
|  12|0x0000000082e00000, 0x0000000082e00000, 0x0000000082f00000|  0%| F|  |TAMS 0x0000000082e00000| PB 0x0000000082e00000| Untracked 
|  13|0x0000000082f00000, 0x0000000082f00000, 0x0000000083000000|  0%| F|  |TAMS 0x0000000082f00000| PB 0x0000000082f00000| Untracked 
|  14|0x0000000083000000, 0x0000000083000000, 0x0000000083100000|  0%| F|  |TAMS 0x0000000083000000| PB 0x0000000083000000| Untracked 
|  15|0x0000000083100000, 0x0000000083100000, 0x0000000083200000|  0%| F|  |TAMS 0x0000000083100000| PB 0x0000000083100000| Untracked 
|  16|0x0000000083200000, 0x0000000083200000, 0x0000000083300000|  0%| F|  |TAMS 0x0000000083200000| PB 0x0000000083200000| Untracked 
|  17|0x0000000083300000, 0x0000000083300000, 0x0000000083400000|  0%| F|  |TAMS 0x0000000083300000| PB 0x0000000083300000| Untracked 
|  18|0x0000000083400000, 0x0000000083400000, 0x0000000083500000|  0%| F|  |TAMS 0x0000000083400000| PB 0x0000000083400000| Untracked 
|  19|0x0000000083500000, 0x0000000083500000, 0x0000000083600000|  0%| F|  |TAMS 0x0000000083500000| PB 0x0000000083500000| Untracked 
|  20|0x0000000083600000, 0x0000000083600000, 0x0000000083700000|  0%| F|  |TAMS 0x0000000083600000| PB 0x0000000083600000| Untracked 
|  21|0x0000000083700000, 0x0000000083700000, 0x0000000083800000|  0%| F|  |TAMS 0x0000000083700000| PB 0x0000000083700000| Untracked 
|  22|0x0000000083800000, 0x0000000083800000, 0x0000000083900000|  0%| F|  |TAMS 0x0000000083800000| PB 0x0000000083800000| Untracked 
|  23|0x0000000083900000, 0x0000000083900000, 0x0000000083a00000|  0%| F|  |TAMS 0x0000000083900000| PB 0x0000000083900000| Untracked 
|  24|0x0000000083a00000, 0x0000000083a00000, 0x0000000083b00000|  0%| F|  |TAMS 0x0000000083a00000| PB 0x0000000083a00000| Untracked 
|  25|0x0000000083b00000, 0x0000000083b00000, 0x0000000083c00000|  0%| F|  |TAMS 0x0000000083b00000| PB 0x0000000083b00000| Untracked 
|  26|0x0000000083c00000, 0x0000000083c00000, 0x0000000083d00000|  0%| F|  |TAMS 0x0000000083c00000| PB 0x0000000083c00000| Untracked 
|  27|0x0000000083d00000, 0x0000000083d00000, 0x0000000083e00000|  0%| F|  |TAMS 0x0000000083d00000| PB 0x0000000083d00000| Untracked 
|  28|0x0000000083e00000, 0x0000000083e00000, 0x0000000083f00000|  0%| F|  |TAMS 0x0000000083e00000| PB 0x0000000083e00000| Untracked 
|  29|0x0000000083f00000, 0x0000000083f00000, 0x0000000084000000|  0%| F|  |TAMS 0x0000000083f00000| PB 0x0000000083f00000| Untracked 
|  30|0x0000000084000000, 0x0000000084000000, 0x0000000084100000|  0%| F|  |TAMS 0x0000000084000000| PB 0x0000000084000000| Untracked 
|  31|0x0000000084100000, 0x0000000084100000, 0x0000000084200000|  0%| F|  |TAMS 0x0000000084100000| PB 0x0000000084100000| Untracked 
|  32|0x0000000084200000, 0x0000000084200000, 0x0000000084300000|  0%| F|  |TAMS 0x0000000084200000| PB 0x0000000084200000| Untracked 
|  33|0x0000000084300000, 0x0000000084300000, 0x0000000084400000|  0%| F|  |TAMS 0x0000000084300000| PB 0x0000000084300000| Untracked 
|  34|0x0000000084400000, 0x0000000084400000, 0x0000000084500000|  0%| F|  |TAMS 0x0000000084400000| PB 0x0000000084400000| Untracked 
|  35|0x0000000084500000, 0x0000000084500000, 0x0000000084600000|  0%| F|  |TAMS 0x0000000084500000| PB 0x0000000084500000| Untracked 
|  36|0x0000000084600000, 0x0000000084600000, 0x0000000084700000|  0%| F|  |TAMS 0x0000000084600000| PB 0x0000000084600000| Untracked 
|  37|0x0000000084700000, 0x0000000084700000, 0x0000000084800000|  0%| F|  |TAMS 0x0000000084700000| PB 0x0000000084700000| Untracked 
|  38|0x0000000084800000, 0x0000000084800000, 0x0000000084900000|  0%| F|  |TAMS 0x0000000084800000| PB 0x0000000084800000| Untracked 
|  39|0x0000000084900000, 0x0000000084900000, 0x0000000084a00000|  0%| F|  |TAMS 0x0000000084900000| PB 0x0000000084900000| Untracked 
|  40|0x0000000084a00000, 0x0000000084a00000, 0x0000000084b00000|  0%| F|  |TAMS 0x0000000084a00000| PB 0x0000000084a00000| Untracked 
|  41|0x0000000084b00000, 0x0000000084b00000, 0x0000000084c00000|  0%| F|  |TAMS 0x0000000084b00000| PB 0x0000000084b00000| Untracked 
|  42|0x0000000084c00000, 0x0000000084c00000, 0x0000000084d00000|  0%| F|  |TAMS 0x0000000084c00000| PB 0x0000000084c00000| Untracked 
|  43|0x0000000084d00000, 0x0000000084d00000, 0x0000000084e00000|  0%| F|  |TAMS 0x0000000084d00000| PB 0x0000000084d00000| Untracked 
|  44|0x0000000084e00000, 0x0000000084e00000, 0x0000000084f00000|  0%| F|  |TAMS 0x0000000084e00000| PB 0x0000000084e00000| Untracked 
|  45|0x0000000084f00000, 0x0000000084f00000, 0x0000000085000000|  0%| F|  |TAMS 0x0000000084f00000| PB 0x0000000084f00000| Untracked 
|  46|0x0000000085000000, 0x0000000085000000, 0x0000000085100000|  0%| F|  |TAMS 0x0000000085000000| PB 0x0000000085000000| Untracked 
|  47|0x0000000085100000, 0x0000000085100000, 0x0000000085200000|  0%| F|  |TAMS 0x0000000085100000| PB 0x0000000085100000| Untracked 
|  48|0x0000000085200000, 0x0000000085200000, 0x0000000085300000|  0%| F|  |TAMS 0x0000000085200000| PB 0x0000000085200000| Untracked 
|  49|0x0000000085300000, 0x0000000085300000, 0x0000000085400000|  0%| F|  |TAMS 0x0000000085300000| PB 0x0000000085300000| Untracked 
|  50|0x0000000085400000, 0x0000000085400000, 0x0000000085500000|  0%| F|  |TAMS 0x0000000085400000| PB 0x0000000085400000| Untracked 
|  51|0x0000000085500000, 0x0000000085500000, 0x0000000085600000|  0%| F|  |TAMS 0x0000000085500000| PB 0x0000000085500000| Untracked 
|  52|0x0000000085600000, 0x0000000085600000, 0x0000000085700000|  0%| F|  |TAMS 0x0000000085600000| PB 0x0000000085600000| Untracked 
|  53|0x0000000085700000, 0x0000000085700000, 0x0000000085800000|  0%| F|  |TAMS 0x0000000085700000| PB 0x0000000085700000| Untracked 
|  54|0x0000000085800000, 0x0000000085800000, 0x0000000085900000|  0%| F|  |TAMS 0x0000000085800000| PB 0x0000000085800000| Untracked 
|  55|0x0000000085900000, 0x0000000085900000, 0x0000000085a00000|  0%| F|  |TAMS 0x0000000085900000| PB 0x0000000085900000| Untracked 
|  56|0x0000000085a00000, 0x0000000085a00000, 0x0000000085b00000|  0%| F|  |TAMS 0x0000000085a00000| PB 0x0000000085a00000| Untracked 
|  57|0x0000000085b00000, 0x0000000085b00000, 0x0000000085c00000|  0%| F|  |TAMS 0x0000000085b00000| PB 0x0000000085b00000| Untracked 
|  58|0x0000000085c00000, 0x0000000085c00000, 0x0000000085d00000|  0%| F|  |TAMS 0x0000000085c00000| PB 0x0000000085c00000| Untracked 
|  59|0x0000000085d00000, 0x0000000085d00000, 0x0000000085e00000|  0%| F|  |TAMS 0x0000000085d00000| PB 0x0000000085d00000| Untracked 
|  60|0x0000000085e00000, 0x0000000085e00000, 0x0000000085f00000|  0%| F|  |TAMS 0x0000000085e00000| PB 0x0000000085e00000| Untracked 
|  61|0x0000000085f00000, 0x0000000085f00000, 0x0000000086000000|  0%| F|  |TAMS 0x0000000085f00000| PB 0x0000000085f00000| Untracked 
|  62|0x0000000086000000, 0x0000000086000000, 0x0000000086100000|  0%| F|  |TAMS 0x0000000086000000| PB 0x0000000086000000| Untracked 
|  63|0x0000000086100000, 0x0000000086100000, 0x0000000086200000|  0%| F|  |TAMS 0x0000000086100000| PB 0x0000000086100000| Untracked 
|  64|0x0000000086200000, 0x0000000086200000, 0x0000000086300000|  0%| F|  |TAMS 0x0000000086200000| PB 0x0000000086200000| Untracked 
|  65|0x0000000086300000, 0x0000000086300000, 0x0000000086400000|  0%| F|  |TAMS 0x0000000086300000| PB 0x0000000086300000| Untracked 
|  66|0x0000000086400000, 0x0000000086400000, 0x0000000086500000|  0%| F|  |TAMS 0x0000000086400000| PB 0x0000000086400000| Untracked 
|  67|0x0000000086500000, 0x0000000086500000, 0x0000000086600000|  0%| F|  |TAMS 0x0000000086500000| PB 0x0000000086500000| Untracked 
|  68|0x0000000086600000, 0x0000000086600000, 0x0000000086700000|  0%| F|  |TAMS 0x0000000086600000| PB 0x0000000086600000| Untracked 
|  69|0x0000000086700000, 0x0000000086700000, 0x0000000086800000|  0%| F|  |TAMS 0x0000000086700000| PB 0x0000000086700000| Untracked 
|  70|0x0000000086800000, 0x0000000086800000, 0x0000000086900000|  0%| F|  |TAMS 0x0000000086800000| PB 0x0000000086800000| Untracked 
|  71|0x0000000086900000, 0x0000000086900000, 0x0000000086a00000|  0%| F|  |TAMS 0x0000000086900000| PB 0x0000000086900000| Untracked 
|  72|0x0000000086a00000, 0x0000000086a00000, 0x0000000086b00000|  0%| F|  |TAMS 0x0000000086a00000| PB 0x0000000086a00000| Untracked 
|  73|0x0000000086b00000, 0x0000000086b00000, 0x0000000086c00000|  0%| F|  |TAMS 0x0000000086b00000| PB 0x0000000086b00000| Untracked 
|  74|0x0000000086c00000, 0x0000000086c00000, 0x0000000086d00000|  0%| F|  |TAMS 0x0000000086c00000| PB 0x0000000086c00000| Untracked 
|  75|0x0000000086d00000, 0x0000000086d00000, 0x0000000086e00000|  0%| F|  |TAMS 0x0000000086d00000| PB 0x0000000086d00000| Untracked 
|  76|0x0000000086e00000, 0x0000000086e00000, 0x0000000086f00000|  0%| F|  |TAMS 0x0000000086e00000| PB 0x0000000086e00000| Untracked 
|  77|0x0000000086f00000, 0x0000000086f00000, 0x0000000087000000|  0%| F|  |TAMS 0x0000000086f00000| PB 0x0000000086f00000| Untracked 
|  78|0x0000000087000000, 0x0000000087000000, 0x0000000087100000|  0%| F|  |TAMS 0x0000000087000000| PB 0x0000000087000000| Untracked 
|  79|0x0000000087100000, 0x0000000087100000, 0x0000000087200000|  0%| F|  |TAMS 0x0000000087100000| PB 0x0000000087100000| Untracked 
|  80|0x0000000087200000, 0x0000000087200000, 0x0000000087300000|  0%| F|  |TAMS 0x0000000087200000| PB 0x0000000087200000| Untracked 
|  81|0x0000000087300000, 0x0000000087300000, 0x0000000087400000|  0%| F|  |TAMS 0x0000000087300000| PB 0x0000000087300000| Untracked 
|  82|0x0000000087400000, 0x0000000087400000, 0x0000000087500000|  0%| F|  |TAMS 0x0000000087400000| PB 0x0000000087400000| Untracked 
|  83|0x0000000087500000, 0x0000000087500000, 0x0000000087600000|  0%| F|  |TAMS 0x0000000087500000| PB 0x0000000087500000| Untracked 
|  84|0x0000000087600000, 0x0000000087600000, 0x0000000087700000|  0%| F|  |TAMS 0x0000000087600000| PB 0x0000000087600000| Untracked 
|  85|0x0000000087700000, 0x0000000087700000, 0x0000000087800000|  0%| F|  |TAMS 0x0000000087700000| PB 0x0000000087700000| Untracked 
|  86|0x0000000087800000, 0x0000000087800000, 0x0000000087900000|  0%| F|  |TAMS 0x0000000087800000| PB 0x0000000087800000| Untracked 
|  87|0x0000000087900000, 0x0000000087900000, 0x0000000087a00000|  0%| F|  |TAMS 0x0000000087900000| PB 0x0000000087900000| Untracked 
|  88|0x0000000087a00000, 0x0000000087a00000, 0x0000000087b00000|  0%| F|  |TAMS 0x0000000087a00000| PB 0x0000000087a00000| Untracked 
|  89|0x0000000087b00000, 0x0000000087b00000, 0x0000000087c00000|  0%| F|  |TAMS 0x0000000087b00000| PB 0x0000000087b00000| Untracked 
|  90|0x0000000087c00000, 0x0000000087c00000, 0x0000000087d00000|  0%| F|  |TAMS 0x0000000087c00000| PB 0x0000000087c00000| Untracked 
|  91|0x0000000087d00000, 0x0000000087d00000, 0x0000000087e00000|  0%| F|  |TAMS 0x0000000087d00000| PB 0x0000000087d00000| Untracked 
|  92|0x0000000087e00000, 0x0000000087e00000, 0x0000000087f00000|  0%| F|  |TAMS 0x0000000087e00000| PB 0x0000000087e00000| Untracked 
|  93|0x0000000087f00000, 0x0000000087f00000, 0x0000000088000000|  0%| F|  |TAMS 0x0000000087f00000| PB 0x0000000087f00000| Untracked 
|  94|0x0000000088000000, 0x0000000088000000, 0x0000000088100000|  0%| F|  |TAMS 0x0000000088000000| PB 0x0000000088000000| Untracked 
|  95|0x0000000088100000, 0x0000000088100000, 0x0000000088200000|  0%| F|  |TAMS 0x0000000088100000| PB 0x0000000088100000| Untracked 
|  96|0x0000000088200000, 0x0000000088200000, 0x0000000088300000|  0%| F|  |TAMS 0x0000000088200000| PB 0x0000000088200000| Untracked 
|  97|0x0000000088300000, 0x0000000088300000, 0x0000000088400000|  0%| F|  |TAMS 0x0000000088300000| PB 0x0000000088300000| Untracked 
|  98|0x0000000088400000, 0x0000000088400000, 0x0000000088500000|  0%| F|  |TAMS 0x0000000088400000| PB 0x0000000088400000| Untracked 
|  99|0x0000000088500000, 0x0000000088500000, 0x0000000088600000|  0%| F|  |TAMS 0x0000000088500000| PB 0x0000000088500000| Untracked 
| 100|0x0000000088600000, 0x0000000088600000, 0x0000000088700000|  0%| F|  |TAMS 0x0000000088600000| PB 0x0000000088600000| Untracked 
| 101|0x0000000088700000, 0x0000000088700000, 0x0000000088800000|  0%| F|  |TAMS 0x0000000088700000| PB 0x0000000088700000| Untracked 
| 102|0x0000000088800000, 0x0000000088800000, 0x0000000088900000|  0%| F|  |TAMS 0x0000000088800000| PB 0x0000000088800000| Untracked 
| 103|0x0000000088900000, 0x0000000088900000, 0x0000000088a00000|  0%| F|  |TAMS 0x0000000088900000| PB 0x0000000088900000| Untracked 
| 104|0x0000000088a00000, 0x0000000088a00000, 0x0000000088b00000|  0%| F|  |TAMS 0x0000000088a00000| PB 0x0000000088a00000| Untracked 
| 105|0x0000000088b00000, 0x0000000088b00000, 0x0000000088c00000|  0%| F|  |TAMS 0x0000000088b00000| PB 0x0000000088b00000| Untracked 
| 106|0x0000000088c00000, 0x0000000088c00000, 0x0000000088d00000|  0%| F|  |TAMS 0x0000000088c00000| PB 0x0000000088c00000| Untracked 
| 107|0x0000000088d00000, 0x0000000088d00000, 0x0000000088e00000|  0%| F|  |TAMS 0x0000000088d00000| PB 0x0000000088d00000| Untracked 
| 108|0x0000000088e00000, 0x0000000088e00000, 0x0000000088f00000|  0%| F|  |TAMS 0x0000000088e00000| PB 0x0000000088e00000| Untracked 
| 109|0x0000000088f00000, 0x0000000088f00000, 0x0000000089000000|  0%| F|  |TAMS 0x0000000088f00000| PB 0x0000000088f00000| Untracked 
| 110|0x0000000089000000, 0x0000000089000000, 0x0000000089100000|  0%| F|  |TAMS 0x0000000089000000| PB 0x0000000089000000| Untracked 
| 111|0x0000000089100000, 0x0000000089100000, 0x0000000089200000|  0%| F|  |TAMS 0x0000000089100000| PB 0x0000000089100000| Untracked 
| 112|0x0000000089200000, 0x0000000089200000, 0x0000000089300000|  0%| F|  |TAMS 0x0000000089200000| PB 0x0000000089200000| Untracked 
| 113|0x0000000089300000, 0x0000000089300000, 0x0000000089400000|  0%| F|  |TAMS 0x0000000089300000| PB 0x0000000089300000| Untracked 
| 114|0x0000000089400000, 0x0000000089400000, 0x0000000089500000|  0%| F|  |TAMS 0x0000000089400000| PB 0x0000000089400000| Untracked 
| 115|0x0000000089500000, 0x0000000089500000, 0x0000000089600000|  0%| F|  |TAMS 0x0000000089500000| PB 0x0000000089500000| Untracked 
| 116|0x0000000089600000, 0x0000000089600000, 0x0000000089700000|  0%| F|  |TAMS 0x0000000089600000| PB 0x0000000089600000| Untracked 
| 117|0x0000000089700000, 0x0000000089700000, 0x0000000089800000|  0%| F|  |TAMS 0x0000000089700000| PB 0x0000000089700000| Untracked 
| 118|0x0000000089800000, 0x0000000089885ad0, 0x0000000089900000| 52%| E|  |TAMS 0x0000000089800000| PB 0x0000000089800000| Complete 
| 119|0x0000000089900000, 0x0000000089a00000, 0x0000000089a00000|100%| E|CS|TAMS 0x0000000089900000| PB 0x0000000089900000| Complete 
| 120|0x0000000089a00000, 0x0000000089b00000, 0x0000000089b00000|100%| E|CS|TAMS 0x0000000089a00000| PB 0x0000000089a00000| Complete 
| 121|0x0000000089b00000, 0x0000000089c00000, 0x0000000089c00000|100%| E|CS|TAMS 0x0000000089b00000| PB 0x0000000089b00000| Complete 
| 122|0x0000000089c00000, 0x0000000089d00000, 0x0000000089d00000|100%| E|CS|TAMS 0x0000000089c00000| PB 0x0000000089c00000| Complete 
| 123|0x0000000089d00000, 0x0000000089e00000, 0x0000000089e00000|100%| E|CS|TAMS 0x0000000089d00000| PB 0x0000000089d00000| Complete 
| 124|0x0000000089e00000, 0x0000000089f00000, 0x0000000089f00000|100%| E|CS|TAMS 0x0000000089e00000| PB 0x0000000089e00000| Complete 
| 125|0x0000000089f00000, 0x000000008a000000, 0x000000008a000000|100%| E|CS|TAMS 0x0000000089f00000| PB 0x0000000089f00000| Complete 

Card table byte_map: [0x000001ba50340000,0x000001ba50730000] _byte_map_base: 0x000001ba4ff2f000

Marking Bits: (CMBitMap*) 0x000001ba38b40490
 Bits: [0x000001ba50730000, 0x000001ba526a8000)

Polling page: 0x000001ba382c0000

Metaspace:

Usage:
  Non-class:      7.66 MB used.
      Class:    991.06 KB used.
       Both:      8.63 MB used.

Virtual space:
  Non-class space:       64.00 MB reserved,       7.81 MB ( 12%) committed,  1 nodes.
      Class space:        1.00 GB reserved,       1.06 MB ( <1%) committed,  1 nodes.
             Both:        1.06 GB reserved,       8.88 MB ( <1%) committed. 

Chunk freelists:
   Non-Class:  8.23 MB
       Class:  14.75 MB
        Both:  22.98 MB

MaxMetaspaceSize: unlimited
CompressedClassSpaceSize: 1.00 GB
Initial GC threshold: 21.00 MB
Current GC threshold: 21.00 MB
CDS: on
 - commit_granule_bytes: 65536.
 - commit_granule_words: 8192.
 - virtual_space_node_default_size: 8388608.
 - enlarge_chunks_in_place: 1.
 - use_allocation_guard: 0.


Internal statistics:

num_allocs_failed_limit: 0.
num_arena_births: 142.
num_arena_deaths: 0.
num_vsnodes_births: 2.
num_vsnodes_deaths: 0.
num_space_committed: 142.
num_space_uncommitted: 0.
num_chunks_returned_to_freelist: 0.
num_chunks_taken_from_freelist: 186.
num_chunk_merges: 0.
num_chunk_splits: 107.
num_chunks_enlarged: 39.
num_inconsistent_stats: 0.

CodeHeap 'non-profiled nmethods': size=120000Kb used=282Kb max_used=282Kb free=119718Kb
 bounds [0x000001ba48a20000, 0x000001ba48c90000, 0x000001ba4ff50000]
CodeHeap 'profiled nmethods': size=120000Kb used=1732Kb max_used=1732Kb free=118267Kb
 bounds [0x000001ba40f50000, 0x000001ba411c0000, 0x000001ba48480000]
CodeHeap 'non-nmethods': size=5760Kb used=1549Kb max_used=1569Kb free=4210Kb
 bounds [0x000001ba48480000, 0x000001ba486f0000, 0x000001ba48a20000]
 total_blobs=1679 nmethods=1061 adapters=523
 compilation: enabled
              stopped_count=0, restarted_count=0
 full_count=0

Compilation events (20 events):
Event: 7.775 Thread 0x000001ba54b7b0d0 nmethod 1051 0x000001ba48a64c90 code [0x000001ba48a64e20, 0x000001ba48a64ef0]
Event: 7.780 Thread 0x000001ba54b7b0d0 1052       3       java.awt.event.InputEvent::getModifiers (8 bytes)
Event: 7.780 Thread 0x000001ba54b7b0d0 nmethod 1052 0x000001ba410fc910 code [0x000001ba410fcaa0, 0x000001ba410fcbb8]
Event: 7.780 Thread 0x000001ba54b7b0d0 1053       3       java.awt.Component::contains (7 bytes)
Event: 7.781 Thread 0x000001ba54b7b0d0 nmethod 1053 0x000001ba410fcc90 code [0x000001ba410fce40, 0x000001ba410fd140]
Event: 7.781 Thread 0x000001ba54b7b0d0 1054       3       java.util.concurrent.ForkJoinPool::managedBlock (36 bytes)
Event: 7.783 Thread 0x000001ba54b7b0d0 nmethod 1054 0x000001ba410fd210 code [0x000001ba410fd480, 0x000001ba410fe1e0]
Event: 7.783 Thread 0x000001ba54b7b0d0 1055       3       java.util.concurrent.ForkJoinPool::unmanagedBlock (31 bytes)
Event: 7.784 Thread 0x000001ba54b7b0d0 nmethod 1055 0x000001ba410fe510 code [0x000001ba410fe760, 0x000001ba410ff158]
Event: 7.788 Thread 0x000001ba54b7b0d0 1057       3       sun.awt.windows.WComponentPeer::postEvent (17 bytes)
Event: 7.789 Thread 0x000001ba54b7b0d0 nmethod 1057 0x000001ba410ff410 code [0x000001ba410ff620, 0x000001ba410ffca0]
Event: 7.789 Thread 0x000001ba54b7b0d0 1058       3       sun.awt.windows.WWindowPeer::preprocessPostEvent (72 bytes)
Event: 7.790 Thread 0x000001ba54b7b0d0 nmethod 1058 0x000001ba410fff10 code [0x000001ba41100100, 0x000001ba41100840]
Event: 8.412 Thread 0x000001ba54b7b0d0 1059       3       sun.awt.Win32GraphicsConfig::getDefaultTransform (24 bytes)
Event: 8.413 Thread 0x000001ba54b7b0d0 nmethod 1059 0x000001ba41100990 code [0x000001ba41100b40, 0x000001ba41100dc0]
Event: 8.932 Thread 0x000001ba54b77a00 1060   !   4       sun.awt.AppContext::get (123 bytes)
Event: 8.963 Thread 0x000001ba54b77a00 nmethod 1060 0x000001ba48a65390 code [0x000001ba48a655a0, 0x000001ba48a66288]
Event: 9.424 Thread 0x000001ba54b7b0d0 1061       3       java.lang.Thread::isVirtual (5 bytes)
Event: 9.425 Thread 0x000001ba54b7b0d0 nmethod 1061 0x000001ba41100e90 code [0x000001ba41101040, 0x000001ba41101248]
Event: 171.315 Thread 0x000001ba54b77a00 1062       4       java.util.Arrays::binarySearch0 (95 bytes)

GC Heap History (0 events):
No events

Dll operation events (9 events):
Event: 0.011 Loaded shared library C:\Program Files\Java\jdk-21\bin\java.dll
Event: 0.044 Loaded shared library C:\Program Files\Java\jdk-21\bin\jsvml.dll
Event: 0.098 Loaded shared library C:\Program Files\Java\jdk-21\bin\net.dll
Event: 0.100 Loaded shared library C:\Program Files\Java\jdk-21\bin\nio.dll
Event: 0.152 Loaded shared library C:\Program Files\Java\jdk-21\bin\zip.dll
Event: 0.171 Loaded shared library C:\Program Files\Java\jdk-21\bin\jimage.dll
Event: 0.192 Loaded shared library C:\Program Files\Java\jdk-21\bin\awt.dll
Event: 1.096 Loaded shared library C:\Program Files\Java\jdk-21\bin\freetype.dll
Event: 1.097 Loaded shared library C:\Program Files\Java\jdk-21\bin\fontmanager.dll

Deoptimization events (4 events):
Event: 0.768 Thread 0x000001ba38af3800 Uncommon trap: trap_request=0xffffff45 fr.pc=0x000001ba48a2fcac relative=0x0000000000000a4c
Event: 0.768 Thread 0x000001ba38af3800 Uncommon trap: reason=unstable_if action=reinterpret pc=0x000001ba48a2fcac method=java.util.HashMap.putVal(ILjava/lang/Object;Ljava/lang/Object;ZZ)Ljava/lang/Object; @ 236 c2
Event: 0.768 Thread 0x000001ba38af3800 DEOPT PACKING pc=0x000001ba48a2fcac sp=0x000000180d5fdcd0
Event: 0.768 Thread 0x000001ba38af3800 DEOPT UNPACKING pc=0x000001ba484d46a2 sp=0x000000180d5fdc88 mode 2

Classes loaded (20 events):
Event: 1.284 Loading class javax/swing/TimerQueue$DelayedTimer
Event: 1.284 Loading class java/util/concurrent/Delayed
Event: 1.284 Loading class java/util/concurrent/Delayed done
Event: 1.284 Loading class javax/swing/TimerQueue$DelayedTimer done
Event: 1.800 Loading class javax/swing/Timer$1
Event: 1.801 Loading class javax/swing/Timer$1 done
Event: 5.390 Loading class java/awt/event/MouseWheelEvent
Event: 5.391 Loading class java/awt/event/MouseWheelEvent done
Event: 5.565 Loading class java/awt/LightweightDispatcher$2
Event: 5.565 Loading class java/awt/LightweightDispatcher$2 done
Event: 8.932 Loading class java/awt/KeyboardFocusManager$2
Event: 8.932 Loading class java/awt/KeyboardFocusManager$2 done
Event: 8.932 Loading class sun/awt/SunToolkit$1
Event: 8.932 Loading class sun/awt/SunToolkit$1 done
Event: 171.310 Loading class java/util/WeakHashMap$KeyIterator
Event: 171.310 Loading class java/util/WeakHashMap$HashIterator
Event: 171.310 Loading class java/util/WeakHashMap$HashIterator done
Event: 171.310 Loading class java/util/WeakHashMap$KeyIterator done
Event: 171.310 Loading class javax/swing/RepaintManager$DisplayChangedRunnable
Event: 171.310 Loading class javax/swing/RepaintManager$DisplayChangedRunnable done

Classes unloaded (0 events):
No events

Classes redefined (0 events):
No events

Internal exceptions (13 events):
Event: 0.102 Thread 0x000001ba38af3800 Exception <a 'sun/nio/fs/WindowsException'{0x0000000089e77b60}> (0x0000000089e77b60) 
thrown [s\open\src\hotspot\share\prims\jni.cpp, line 520]
Event: 0.105 Thread 0x000001ba38af3800 Exception <a 'sun/nio/fs/WindowsException'{0x0000000089e7a168}> (0x0000000089e7a168) 
thrown [s\open\src\hotspot\share\prims\jni.cpp, line 520]
Event: 0.180 Thread 0x000001ba38af3800 Exception <a 'java/lang/ClassNotFoundException'{0x0000000089d885f0}: sun/awt/resources/spi/awtProvider> (0x0000000089d885f0) 
thrown [s\open\src\hotspot\share\classfile\systemDictionary.cpp, line 312]
Event: 0.252 Thread 0x000001ba38af3800 Exception <a 'java/io/FileNotFoundException'{0x0000000089ddd8c0}> (0x0000000089ddd8c0) 
thrown [s\open\src\hotspot\share\prims\jni.cpp, line 520]
Event: 0.268 Thread 0x000001ba38af3800 Exception <a 'java/io/FileNotFoundException'{0x0000000089c07d70}> (0x0000000089c07d70) 
thrown [s\open\src\hotspot\share\prims\jni.cpp, line 520]
Event: 0.771 Thread 0x000001ba38af3800 Exception <a 'java/lang/NoSuchMethodError'{0x0000000089b14f30}: 'void java.lang.invoke.DirectMethodHandle$Holder.invokeSpecial(java.lang.Object, java.lang.Object, java.lang.Object)'> (0x0000000089b14f30) 
thrown [s\open\src\hotspot\share\interpreter\linkResolver.cpp, line 773]
Event: 0.784 Thread 0x000001ba38af3800 Exception <a 'java/lang/NoSuchMethodError'{0x0000000089b3a890}: 'java.lang.Object java.lang.invoke.DirectMethodHandle$Holder.newInvokeSpecial(java.lang.Object, java.lang.Object, java.lang.Object, java.lang.Object, java.lang.Object)'> (0x0000000089b3a890) 
thrown [s\open\src\hotspot\share\interpreter\linkResolver.cpp, line 773]
Event: 0.793 Thread 0x000001ba38af3800 Exception <a 'java/lang/NoSuchMethodError'{0x0000000089b66680}: 'java.lang.Object java.lang.invoke.DirectMethodHandle$Holder.invokeStatic(java.lang.Object, int, java.lang.Object)'> (0x0000000089b66680) 
thrown [s\open\src\hotspot\share\interpreter\linkResolver.cpp, line 773]
Event: 0.897 Thread 0x000001ba38af3800 Exception <a 'java/lang/ClassNotFoundException'{0x0000000089a05f80}: com/sun/swing/internal/plaf/metal/resources/spi/metalProvider> (0x0000000089a05f80) 
thrown [s\open\src\hotspot\share\classfile\systemDictionary.cpp, line 312]
Event: 0.899 Thread 0x000001ba38af3800 Exception <a 'java/lang/ClassNotFoundException'{0x0000000089a09ee0}: com/sun/swing/internal/plaf/basic/resources/spi/basicProvider> (0x0000000089a09ee0) 
thrown [s\open\src\hotspot\share\classfile\systemDictionary.cpp, line 312]
Event: 0.942 Thread 0x000001ba38af3800 Exception <a 'java/lang/NoSuchMethodError'{0x0000000089a29060}: 'int java.lang.invoke.Invokers$Holder.invokeExact_MT(java.lang.Object, java.lang.Object)'> (0x0000000089a29060) 
thrown [s\open\src\hotspot\share\interpreter\linkResolver.cpp, line 773]
Event: 1.062 Thread 0x000001ba9a2e92e0 Exception <a 'java/lang/NoSuchMethodError'{0x0000000089cd6a60}: 'void java.lang.invoke.DirectMethodHandle$Holder.invokeVirtual(java.lang.Object, java.lang.Object)'> (0x0000000089cd6a60) 
thrown [s\open\src\hotspot\share\interpreter\linkResolver.cpp, line 773]
Event: 1.084 Thread 0x000001ba38af3800 Exception <a 'java/lang/NoSuchMethodError'{0x0000000089a9f0a8}: 'void java.lang.invoke.DirectMethodHandle$Holder.invokeStaticInit(java.lang.Object)'> (0x0000000089a9f0a8) 
thrown [s\open\src\hotspot\share\interpreter\linkResolver.cpp, line 773]

ZGC Phase Switch (0 events):
No events

VM Operations (20 events):
Event: 0.107 Executing VM operation: HandshakeAllThreads (Deoptimize)
Event: 0.107 Executing VM operation: HandshakeAllThreads (Deoptimize) done
Event: 0.291 Executing VM operation: HandshakeAllThreads (Deoptimize)
Event: 0.291 Executing VM operation: HandshakeAllThreads (Deoptimize) done
Event: 0.975 Executing VM operation: HandshakeAllThreads (Deoptimize)
Event: 0.975 Executing VM operation: HandshakeAllThreads (Deoptimize) done
Event: 1.976 Executing VM operation: Cleanup
Event: 1.976 Executing VM operation: Cleanup done
Event: 5.989 Executing VM operation: Cleanup
Event: 5.989 Executing VM operation: Cleanup done
Event: 7.003 Executing VM operation: Cleanup
Event: 7.003 Executing VM operation: Cleanup done
Event: 8.018 Executing VM operation: Cleanup
Event: 8.018 Executing VM operation: Cleanup done
Event: 9.034 Executing VM operation: Cleanup
Event: 9.034 Executing VM operation: Cleanup done
Event: 60.046 Executing VM operation: HandshakeAllThreads (HandshakeForDeflation)
Event: 60.046 Executing VM operation: HandshakeAllThreads (HandshakeForDeflation) done
Event: 60.046 Executing VM operation: RendezvousGCThreads
Event: 60.046 Executing VM operation: RendezvousGCThreads done

Events (18 events):
Event: 0.028 Thread 0x000001ba38af3800 Thread added: 0x000001ba38af3800
Event: 0.042 Thread 0x000001ba54b5b600 Thread added: 0x000001ba54b5b600
Event: 0.042 Thread 0x000001ba54b5f2e0 Thread added: 0x000001ba54b5f2e0
Event: 0.042 Thread 0x000001ba54b61fe0 Thread added: 0x000001ba54b61fe0
Event: 0.042 Thread 0x000001ba54b62a40 Thread added: 0x000001ba54b62a40
Event: 0.042 Thread 0x000001ba54b634a0 Thread added: 0x000001ba54b634a0
Event: 0.043 Thread 0x000001ba54b65f10 Thread added: 0x000001ba54b65f10
Event: 0.043 Thread 0x000001ba54b77a00 Thread added: 0x000001ba54b77a00
Event: 0.043 Thread 0x000001ba54b7b0d0 Thread added: 0x000001ba54b7b0d0
Event: 0.069 Thread 0x000001ba9a06ee70 Thread added: 0x000001ba9a06ee70
Event: 0.140 Thread 0x000001ba9a1a25b0 Thread added: 0x000001ba9a1a25b0
Event: 0.613 Thread 0x000001ba9a2dfa00 Thread added: 0x000001ba9a2dfa00
Event: 0.622 Thread 0x000001ba9a2e0290 Thread added: 0x000001ba9a2e0290
Event: 0.684 Thread 0x000001ba9a2e92e0 Thread added: 0x000001ba9a2e92e0
Event: 1.045 Thread 0x000001ba9a393a70 Thread added: 0x000001ba9a393a70
Event: 1.204 Thread 0x000001ba38af3800 Thread exited: 0x000001ba38af3800
Event: 1.204 Thread 0x000001ba38af3800 Thread added: 0x000001ba38af3800
Event: 1.284 Thread 0x000001ba9b35e5b0 Thread added: 0x000001ba9b35e5b0


Dynamic libraries:
0x00007ff7aec10000 - 0x00007ff7aec20000 	C:\Program Files\Java\jdk-21\bin\java.exe
0x00007ffce83d0000 - 0x00007ffce85c8000 	C:\Windows\SYSTEM32\ntdll.dll
0x00007ffce7560000 - 0x00007ffce7622000 	C:\Windows\System32\KERNEL32.DLL
0x00007ffce5d10000 - 0x00007ffce600e000 	C:\Windows\System32\KERNELBASE.dll
0x00007ffce5a70000 - 0x00007ffce5b70000 	C:\Windows\System32\ucrtbase.dll
0x00007ffce1510000 - 0x00007ffce1529000 	C:\Program Files\Java\jdk-21\bin\jli.dll
0x00007ffcd06e0000 - 0x00007ffcd06fb000 	C:\Program Files\Java\jdk-21\bin\VCRUNTIME140.dll
0x00007ffce63f0000 - 0x00007ffce64a2000 	C:\Windows\System32\ADVAPI32.dll
0x00007ffce69c0000 - 0x00007ffce6a5e000 	C:\Windows\System32\msvcrt.dll
0x00007ffce79f0000 - 0x00007ffce7a90000 	C:\Windows\System32\sechost.dll
0x00007ffce6540000 - 0x00007ffce6663000 	C:\Windows\System32\RPCRT4.dll
0x00007ffce5b70000 - 0x00007ffce5b97000 	C:\Windows\System32\bcrypt.dll
0x00007ffce6670000 - 0x00007ffce680d000 	C:\Windows\System32\USER32.dll
0x00007ffce6330000 - 0x00007ffce6352000 	C:\Windows\System32\win32u.dll
0x00007ffce64b0000 - 0x00007ffce64db000 	C:\Windows\System32\GDI32.dll
0x00007ffcd69c0000 - 0x00007ffcd6c5a000 	C:\Windows\WinSxS\amd64_microsoft.windows.common-controls_6595b64144ccf1df_6.0.19041.4355_none_60b8b9eb71f62e16\COMCTL32.dll
0x00007ffce5bf0000 - 0x00007ffce5d07000 	C:\Windows\System32\gdi32full.dll
0x00007ffce6170000 - 0x00007ffce620d000 	C:\Windows\System32\msvcp_win.dll
0x00007ffcdefd0000 - 0x00007ffcdefda000 	C:\Windows\SYSTEM32\VERSION.dll
0x00007ffce7640000 - 0x00007ffce766f000 	C:\Windows\System32\IMM32.DLL
0x00007ffcd4660000 - 0x00007ffcd466c000 	C:\Program Files\Java\jdk-21\bin\vcruntime140_1.dll
0x00007ffcb6740000 - 0x00007ffcb67ce000 	C:\Program Files\Java\jdk-21\bin\msvcp140.dll
0x00007ffc7dc60000 - 0x00007ffc7e975000 	C:\Program Files\Java\jdk-21\bin\server\jvm.dll
0x00007ffce7c20000 - 0x00007ffce7c8b000 	C:\Windows\System32\WS2_32.dll
0x00007ffce58d0000 - 0x00007ffce591b000 	C:\Windows\SYSTEM32\POWRPROF.dll
0x00007ffcd5ff0000 - 0x00007ffcd6017000 	C:\Windows\SYSTEM32\WINMM.dll
0x00007ffce58b0000 - 0x00007ffce58c2000 	C:\Windows\SYSTEM32\UMPDC.dll
0x00007ffce4290000 - 0x00007ffce42a2000 	C:\Windows\SYSTEM32\kernel.appcore.dll
0x00007ffcd0da0000 - 0x00007ffcd0daa000 	C:\Program Files\Java\jdk-21\bin\jimage.dll
0x00007ffce3680000 - 0x00007ffce3864000 	C:\Windows\SYSTEM32\DBGHELP.DLL
0x00007ffccfc50000 - 0x00007ffccfc84000 	C:\Windows\SYSTEM32\dbgcore.DLL
0x00007ffce6360000 - 0x00007ffce63e2000 	C:\Windows\System32\bcryptPrimitives.dll
0x00007ffcd0610000 - 0x00007ffcd062f000 	C:\Program Files\Java\jdk-21\bin\java.dll
0x00007ffce6df0000 - 0x00007ffce755f000 	C:\Windows\System32\SHELL32.dll
0x00007ffce3ad0000 - 0x00007ffce4274000 	C:\Windows\SYSTEM32\windows.storage.dll
0x00007ffce7690000 - 0x00007ffce79e3000 	C:\Windows\System32\combase.dll
0x00007ffce53d0000 - 0x00007ffce53fe000 	C:\Windows\SYSTEM32\Wldp.dll
0x00007ffce81d0000 - 0x00007ffce829d000 	C:\Windows\System32\OLEAUT32.dll
0x00007ffce6cc0000 - 0x00007ffce6d6d000 	C:\Windows\System32\SHCORE.dll
0x00007ffce64e0000 - 0x00007ffce6535000 	C:\Windows\System32\shlwapi.dll
0x00007ffce59a0000 - 0x00007ffce59c4000 	C:\Windows\SYSTEM32\profapi.dll
0x00007ffcb6860000 - 0x00007ffcb6937000 	C:\Program Files\Java\jdk-21\bin\jsvml.dll
0x00007ffcd0600000 - 0x00007ffcd0610000 	C:\Program Files\Java\jdk-21\bin\net.dll
0x00007ffcdc0f0000 - 0x00007ffcdc1fd000 	C:\Windows\SYSTEM32\WINHTTP.dll
0x00007ffce5130000 - 0x00007ffce519a000 	C:\Windows\system32\mswsock.dll
0x00007ffcd05e0000 - 0x00007ffcd05f6000 	C:\Program Files\Java\jdk-21\bin\nio.dll
0x00007ffccf1f0000 - 0x00007ffccf208000 	C:\Program Files\Java\jdk-21\bin\zip.dll
0x00007ffc8b2f0000 - 0x00007ffc8b47f000 	C:\Program Files\Java\jdk-21\bin\awt.dll
0x00007ffce2080000 - 0x00007ffce2114000 	C:\Windows\SYSTEM32\apphelp.dll
0x00007ffce3230000 - 0x00007ffce325f000 	C:\Windows\system32\DWMAPI.DLL
0x00007ffce3040000 - 0x00007ffce30de000 	C:\Windows\system32\uxtheme.dll
0x00007ffcd07e0000 - 0x00007ffcd0908000 	C:\Windows\system32\opengl32.dll
0x00007ffcd02e0000 - 0x00007ffcd030c000 	C:\Windows\SYSTEM32\GLU32.dll
0x00007ffce68a0000 - 0x00007ffce69b5000 	C:\Windows\System32\MSCTF.dll
0x00007ffce7af0000 - 0x00007ffce7c1b000 	C:\Windows\System32\ole32.dll
0x00007ffcb5b30000 - 0x00007ffcb5bb7000 	C:\Program Files\Java\jdk-21\bin\freetype.dll
0x00007ffc8b210000 - 0x00007ffc8b2e3000 	C:\Program Files\Java\jdk-21\bin\fontmanager.dll
0x00007ffce6c10000 - 0x00007ffce6cb9000 	C:\Windows\System32\clbcatq.dll
0x00007ffce2e30000 - 0x00007ffce2fe6000 	C:\Windows\SYSTEM32\WindowsCodecs.dll
0x00007ffcbaf40000 - 0x00007ffcbaf7e000 	C:\Windows\system32\dataexchange.dll
0x00007ffce0a40000 - 0x00007ffce0ca3000 	C:\Windows\system32\d3d11.dll
0x00007ffce1530000 - 0x00007ffce1714000 	C:\Windows\system32\dcomp.dll
0x00007ffce4300000 - 0x00007ffce43f6000 	C:\Windows\system32\dxgi.dll
0x00007ffcddf70000 - 0x00007ffcde173000 	C:\Windows\system32\twinapi.appcore.dll
0x00007ffcc0df0000 - 0x00007ffcc0ee9000 	C:\Windows\SYSTEM32\textinputframework.dll
0x00007ffce1aa0000 - 0x00007ffce1dfb000 	C:\Windows\System32\CoreUIComponents.dll
0x00007ffce1e00000 - 0x00007ffce1ef2000 	C:\Windows\System32\CoreMessaging.dll
0x00007ffce4ca0000 - 0x00007ffce4cd3000 	C:\Windows\SYSTEM32\ntmarta.dll
0x00007ffce2120000 - 0x00007ffce2277000 	C:\Windows\SYSTEM32\wintypes.dll

dbghelp: loaded successfully - version: 4.0.5 - missing functions: none
symbol engine: initialized successfully - sym options: 0x614 - pdb path: .;C:\Program Files\Java\jdk-21\bin;C:\Windows\SYSTEM32;C:\Windows\WinSxS\amd64_microsoft.windows.common-controls_6595b64144ccf1df_6.0.19041.4355_none_60b8b9eb71f62e16;C:\Program Files\Java\jdk-21\bin\server

VM Arguments:
jvm_args: -Dfile.encoding=UTF-8 --module-path=C:\Users\User\Documents\NetBeansProjects\AirlineManagementSystem\build\classes 
java_command: airlinemanagementsystem.JourneyDetails
java_class_path (initial): C:\Users\User\Desktop\.java\mysql-connector-java-8.0.28.jar;C:\Users\User\Desktop\.java\rs2xml.jar;C:\Users\User\Desktop\.java\jcalendar-tz-1.3.3-4.jar;C:\Users\User\Documents\NetBeansProjects\AirlineManagementSystem\build\classes
Launcher Type: SUN_STANDARD

[Global flags]
     intx CICompilerCount                          = 3                                         {product} {ergonomic}
     uint ConcGCThreads                            = 1                                         {product} {ergonomic}
     uint G1ConcRefinementThreads                  = 4                                         {product} {ergonomic}
   size_t G1HeapRegionSize                         = 1048576                                   {product} {ergonomic}
    uintx GCDrainStackTargetSize                   = 64                                        {product} {ergonomic}
   size_t InitialHeapSize                          = 132120576                                 {product} {ergonomic}
   size_t MarkStackSize                            = 4194304                                   {product} {ergonomic}
   size_t MaxHeapSize                              = 2111832064                                {product} {ergonomic}
   size_t MaxNewSize                               = 1266679808                                {product} {ergonomic}
   size_t MinHeapDeltaBytes                        = 1048576                                   {product} {ergonomic}
   size_t MinHeapSize                              = 8388608                                   {product} {ergonomic}
    uintx NonNMethodCodeHeapSize                   = 5832780                                {pd product} {ergonomic}
    uintx NonProfiledCodeHeapSize                  = 122912730                              {pd product} {ergonomic}
    uintx ProfiledCodeHeapSize                     = 122912730                              {pd product} {ergonomic}
    uintx ReservedCodeCacheSize                    = 251658240                              {pd product} {ergonomic}
     bool SegmentedCodeCache                       = true                                      {product} {ergonomic}
   size_t SoftMaxHeapSize                          = 2111832064                             {manageable} {ergonomic}
     bool UseCompressedOops                        = true                           {product lp64_product} {ergonomic}
     bool UseG1GC                                  = true                                      {product} {ergonomic}
     bool UseLargePagesIndividualAllocation        = false                                  {pd product} {ergonomic}

Logging:
Log output configuration:
 #0: stdout all=warning uptime,level,tags foldmultilines=false
 #1: stderr all=off uptime,level,tags foldmultilines=false

Environment Variables:
PATH=C:\Users\User\AppData\Local\Programs\Python\Python312\Scripts\;C:\Users\User\AppData\Local\Programs\Python\Python312\;C:\Program Files\Common Files\Oracle\Java\javapath;C:\Windows\system32;C:\Windows;C:\Windows\System32\Wbem;C:\Windows\System32\WindowsPowerShell\v1.0\;C:\Windows\System32\OpenSSH\;C:\MinGW\bin;C:\Program Files\Java\jdk-21\bin;C:\Program Files\Git\cmd;C:\Program Files\Git\mingw64\bin;C:\Program Files\Git\usr\bin;C:\Program Files\nodejs\;C:\ProgramData\chocolatey\bin;c:\Program Files (x86)\Microsoft SQL Server\100\Tools\Binn\;c:\Program Files\Microsoft SQL Server\100\Tools\Binn\;c:\Program Files\Microsoft SQL Server\100\DTS\Binn\;C:\Program Files\MySQL\MySQL Shell 8.0\bin\;C:\Users\User\AppData\Local\Microsoft\WindowsApps;C:\Users\User\AppData\Local\Programs\Microsoft VS Code\bin;C:\Users\User\AppData\Roaming\npm
USERNAME=User
OS=Windows_NT
PROCESSOR_IDENTIFIER=Intel64 Family 6 Model 142 Stepping 9, GenuineIntel
TMP=C:\Users\User\AppData\Local\Temp
TEMP=C:\Users\User\AppData\Local\Temp




Periodic native trim disabled

---------------  S Y S T E M  ---------------

OS:
 Windows 10 , 64 bit Build 19041 (10.0.19041.4957)
OS uptime: 0 days 1:30 hours

CPU: total 4 (initial active 4) (2 cores per cpu, 2 threads per core) family 6 model 142 stepping 9 microcode 0xb4, cx8, cmov, fxsr, ht, mmx, 3dnowpref, sse, sse2, sse3, ssse3, sse4.1, sse4.2, popcnt, lzcnt, tsc, tscinvbit, avx, avx2, aes, erms, clmul, bmi1, bmi2, adx, fma, vzeroupper, clflush, clflushopt, rdtscp, f16c
Processor Information for all 4 processors :
  Max Mhz: 2701, Current Mhz: 2701, Mhz Limit: 2701

Memory: 4k page, system-wide physical 8054M (1083M free)
TotalPageFile size 32630M (AvailPageFile size 0M)
current process WorkingSet (physical memory assigned to process): 69M, peak: 74M
current process commit charge ("private bytes"): 212M, peak: 218M

vm_info: Java HotSpot(TM) 64-Bit Server VM (21.0.1+12-LTS-29) for windows-amd64 JRE (21.0.1+12-LTS-29), built on 2023-10-05T13:27:09Z by "mach5one" with MS VC++ 17.1 (VS2022)

END.
