#
# There is insufficient memory for the Java Runtime Environment to continue.
# Native memory allocation (mmap) failed to map 65536 bytes for Failed to commit metaspace.
# Possible reasons:
#   The system is out of physical RAM or swap space
#   The process is running with CompressedOops enabled, and the Java Heap may be blocking the growth of the native heap
# Possible solutions:
#   Reduce memory load on the system
#   Increase physical memory or swap space
#   Check if swap backing store is full
#   Decrease Java heap size (-Xmx/-Xms)
#   Decrease number of Java threads
#   Decrease Java thread stack sizes (-Xss)
#   Set larger code cache with -XX:ReservedCodeCacheSize=
#   JVM is running with Unscaled Compressed Oops mode in which the Java heap is
#     placed in the first 4GB address space. The Java Heap base address is the
#     maximum limit for the native heap growth. Please use -XX:HeapBaseMinAddress
#     to set the Java Heap base and to place the Java Heap above 4GB virtual address.
# This output file may be truncated or incomplete.
#
#  Out of Memory Error (virtualSpaceNode.cpp:112), pid=18408, tid=26164
#
# JRE version: Java(TM) SE Runtime Environment (21.0.1+12) (build 21.0.1+12-LTS-29)
# Java VM: Java HotSpot(TM) 64-Bit Server VM (21.0.1+12-LTS-29, mixed mode, sharing, tiered, compressed oops, compressed class ptrs, g1 gc, windows-amd64)
# No core dump will be written. Minidumps are not enabled by default on client versions of Windows
#

---------------  S U M M A R Y ------------

Command Line: -Dfile.encoding=UTF-8 --module-path=C:\Users\User\Documents\NetBeansProjects\AirlineManagementSystem\build\classes airlinemanagementsystem.JourneyDetails

Host: Intel(R) Core(TM) i5-7200U CPU @ 2.50GHz, 4 cores, 7G,  Windows 10 , 64 bit Build 19041 (10.0.19041.4957)
Time: Sat Dec  7 19:19:35 2024 India Standard Time elapsed time: 0.203940 seconds (0d 0h 0m 0s)

---------------  T H R E A D  ---------------

Current thread (0x0000022cb15e9100):  JavaThread "main"             [_thread_in_vm, id=26164, stack(0x0000009c95a00000,0x0000009c95b00000) (1024K)]

Stack: [0x0000009c95a00000,0x0000009c95b00000]
Native frames: (J=compiled Java code, j=interpreted, Vv=VM code, C=native code)
V  [jvm.dll+0x6c9029]
V  [jvm.dll+0x854b81]
V  [jvm.dll+0x856e5e]
V  [jvm.dll+0x857543]
V  [jvm.dll+0x280c06]
V  [jvm.dll+0x8508ae]
V  [jvm.dll+0x66ca45]
V  [jvm.dll+0x66caaa]
V  [jvm.dll+0x66f2a6]
V  [jvm.dll+0x66f172]
V  [jvm.dll+0x66d41e]
V  [jvm.dll+0x26c536]
V  [jvm.dll+0x2184f7]
V  [jvm.dll+0x20dc4e]
V  [jvm.dll+0x5ac6dc]
V  [jvm.dll+0x21f67a]
V  [jvm.dll+0x7ccde1]
V  [jvm.dll+0x7cde45]
V  [jvm.dll+0x7ce3ef]
V  [jvm.dll+0x7ce098]
V  [jvm.dll+0x46f089]
V  [jvm.dll+0x441de6]
C  [awt.dll+0xd78a0]

Java frames: (J=compiled Java code, j=interpreted, Vv=VM code)
j  sun.awt.windows.WToolkit.initIDs()V+0 java.desktop@21.0.1
j  sun.awt.windows.WToolkit.<clinit>()V+20 java.desktop@21.0.1
v  ~StubRoutines::call_stub 0x0000022cc302100d
j  sun.awt.Win32GraphicsEnvironment.<clinit>()V+16 java.desktop@21.0.1
v  ~StubRoutines::call_stub 0x0000022cc302100d
j  sun.awt.PlatformGraphicsInfo.createGE()Ljava/awt/GraphicsEnvironment;+0 java.desktop@21.0.1
j  java.awt.GraphicsEnvironment$LocalGE.createGE()Ljava/awt/GraphicsEnvironment;+0 java.desktop@21.0.1
j  java.awt.GraphicsEnvironment$LocalGE.<clinit>()V+0 java.desktop@21.0.1
v  ~StubRoutines::call_stub 0x0000022cc302100d
j  java.awt.GraphicsEnvironment.getLocalGraphicsEnvironment()Ljava/awt/GraphicsEnvironment;+0 java.desktop@21.0.1
j  java.awt.Window.initGC(Ljava/awt/GraphicsConfiguration;)Ljava/awt/GraphicsConfiguration;+7 java.desktop@21.0.1
j  java.awt.Window.init(Ljava/awt/GraphicsConfiguration;)V+45 java.desktop@21.0.1
j  java.awt.Window.<init>()V+114 java.desktop@21.0.1
j  java.awt.Frame.<init>(Ljava/lang/String;)V+1 java.desktop@21.0.1
j  java.awt.Frame.<init>()V+3 java.desktop@21.0.1
j  javax.swing.JFrame.<init>()V+1 java.desktop@21.0.1
j  airlinemanagementsystem.JourneyDetails.<init>()V+1
j  airlinemanagementsystem.JourneyDetails.main([Ljava/lang/String;)V+4
v  ~StubRoutines::call_stub 0x0000022cc302100d

---------------  P R O C E S S  ---------------

Threads class SMR info:
_java_thread_list=0x0000022ccf93a080, length=12, elements={
0x0000022cb15e9100, 0x0000022ccf70d4c0, 0x0000022ccf70f290, 0x0000022ccf710f00,
0x0000022ccf713bf0, 0x0000022ccf714650, 0x0000022ccf7150b0, 0x0000022ccf721350,
0x0000022ccf725e60, 0x0000022ccf909d30, 0x0000022ccfa39320, 0x0000022ccf728740
}

Java Threads: ( => current thread )
=>0x0000022cb15e9100 JavaThread "main"                              [_thread_in_vm, id=26164, stack(0x0000009c95a00000,0x0000009c95b00000) (1024K)]
  0x0000022ccf70d4c0 JavaThread "Reference Handler"          daemon [_thread_blocked, id=27168, stack(0x0000009c96200000,0x0000009c96300000) (1024K)]
  0x0000022ccf70f290 JavaThread "Finalizer"                  daemon [_thread_blocked, id=27580, stack(0x0000009c96300000,0x0000009c96400000) (1024K)]
  0x0000022ccf710f00 JavaThread "Signal Dispatcher"          daemon [_thread_blocked, id=24812, stack(0x0000009c96400000,0x0000009c96500000) (1024K)]
  0x0000022ccf713bf0 JavaThread "Attach Listener"            daemon [_thread_blocked, id=27576, stack(0x0000009c96500000,0x0000009c96600000) (1024K)]
  0x0000022ccf714650 JavaThread "Service Thread"             daemon [_thread_blocked, id=25852, stack(0x0000009c96600000,0x0000009c96700000) (1024K)]
  0x0000022ccf7150b0 JavaThread "Monitor Deflation Thread"   daemon [_thread_blocked, id=26392, stack(0x0000009c96700000,0x0000009c96800000) (1024K)]
  0x0000022ccf721350 JavaThread "C2 CompilerThread0"         daemon [_thread_blocked, id=25924, stack(0x0000009c96800000,0x0000009c96900000) (1024K)]
  0x0000022ccf725e60 JavaThread "C1 CompilerThread0"         daemon [_thread_blocked, id=26140, stack(0x0000009c96900000,0x0000009c96a00000) (1024K)]
  0x0000022ccf909d30 JavaThread "Common-Cleaner"             daemon [_thread_blocked, id=26100, stack(0x0000009c96a00000,0x0000009c96b00000) (1024K)]
  0x0000022ccfa39320 JavaThread "Notification Thread"        daemon [_thread_blocked, id=25180, stack(0x0000009c96b00000,0x0000009c96c00000) (1024K)]
  0x0000022ccf728740 JavaThread "C2 CompilerThread1"         daemon [_thread_blocked, id=7408, stack(0x0000009c96c00000,0x0000009c96d00000) (1024K)]
Total: 12

Other Threads:
  0x0000022ccf6ebdc0 VMThread "VM Thread"                           [id=27164, stack(0x0000009c96100000,0x0000009c96200000) (1024K)]
  0x0000022ccf6d58e0 WatcherThread "VM Periodic Task Thread"        [id=12264, stack(0x0000009c96000000,0x0000009c96100000) (1024K)]
  0x0000022cb36dcee0 WorkerThread "GC Thread#0"                     [id=3948, stack(0x0000009c95b00000,0x0000009c95c00000) (1024K)]
  0x0000022cb36ef360 ConcurrentGCThread "G1 Main Marker"            [id=10168, stack(0x0000009c95c00000,0x0000009c95d00000) (1024K)]
  0x0000022cb36f0510 WorkerThread "G1 Conc#0"                       [id=25912, stack(0x0000009c95d00000,0x0000009c95e00000) (1024K)]
  0x0000022cb375e300 ConcurrentGCThread "G1 Refine#0"               [id=25896, stack(0x0000009c95e00000,0x0000009c95f00000) (1024K)]
  0x0000022ccf5a40b0 ConcurrentGCThread "G1 Service"                [id=16576, stack(0x0000009c95f00000,0x0000009c96000000) (1024K)]
Total: 7

Threads with active compile tasks:
Total: 0

VM state: not at safepoint (normal execution)

VM Mutex/Monitor currently owned by a thread:  ([mutex/lock_event])
[0x00007ffc7e898578] Metaspace_lock - owner thread: 0x0000022cb15e9100

Heap address: 0x0000000082200000, size: 2014 MB, Compressed Oops mode: 32-bit

CDS archive(s) mapped at: [0x0000022cd0000000-0x0000022cd0c90000-0x0000022cd0c90000), size 13172736, SharedBaseAddress: 0x0000022cd0000000, ArchiveRelocationMode: 1.
Compressed class space mapped at: 0x0000022cd1000000-0x0000022d11000000, reserved size: 1073741824
Narrow klass base: 0x0000022cd0000000, Narrow klass shift: 0, Narrow klass range: 0x100000000

GC Precious Log:
 CardTable entry size: 512
 Card Set container configuration: InlinePtr #cards 5 size 8 Array Of Cards #cards 12 size 40 Howl #buckets 4 coarsen threshold 1843 Howl Bitmap #cards 512 size 80 coarsen threshold 460 Card regions per heap region 1 cards per card region 2048
 CPUs: 4 total, 4 available
 Memory: 8054M
 Large Page Support: Disabled
 NUMA Support: Disabled
 Compressed Oops: Enabled (32-bit)
 Heap Region Size: 1M
 Heap Min Capacity: 8M
 Heap Initial Capacity: 126M
 Heap Max Capacity: 2014M
 Pre-touch: Disabled
 Parallel Workers: 4
 Concurrent Workers: 1
 Concurrent Refinement Workers: 4
 Periodic GC: Disabled

Heap:
 garbage-first heap   total 129024K, used 3072K [0x0000000082200000, 0x0000000100000000)
  region size 1024K, 4 young (4096K), 0 survivors (0K)
 Metaspace       used 2683K, committed 2816K, reserved 1114112K
  class space    used 255K, committed 320K, reserved 1048576K

Heap Regions: E=young(eden), S=young(survivor), O=old, HS=humongous(starts), HC=humongous(continues), CS=collection set, F=free, TAMS=top-at-mark-start, PB=parsable bottom
|   0|0x0000000082200000, 0x0000000082200000, 0x0000000082300000|  0%| F|  |TAMS 0x0000000082200000| PB 0x0000000082200000| Untracked 
|   1|0x0000000082300000, 0x0000000082300000, 0x0000000082400000|  0%| F|  |TAMS 0x0000000082300000| PB 0x0000000082300000| Untracked 
|   2|0x0000000082400000, 0x0000000082400000, 0x0000000082500000|  0%| F|  |TAMS 0x0000000082400000| PB 0x0000000082400000| Untracked 
|   3|0x0000000082500000, 0x0000000082500000, 0x0000000082600000|  0%| F|  |TAMS 0x0000000082500000| PB 0x0000000082500000| Untracked 
|   4|0x0000000082600000, 0x0000000082600000, 0x0000000082700000|  0%| F|  |TAMS 0x0000000082600000| PB 0x0000000082600000| Untracked 
|   5|0x0000000082700000, 0x0000000082700000, 0x0000000082800000|  0%| F|  |TAMS 0x0000000082700000| PB 0x0000000082700000| Untracked 
|   6|0x0000000082800000, 0x0000000082800000, 0x0000000082900000|  0%| F|  |TAMS 0x0000000082800000| PB 0x0000000082800000| Untracked 
|   7|0x0000000082900000, 0x0000000082900000, 0x0000000082a00000|  0%| F|  |TAMS 0x0000000082900000| PB 0x0000000082900000| Untracked 
|   8|0x0000000082a00000, 0x0000000082a00000, 0x0000000082b00000|  0%| F|  |TAMS 0x0000000082a00000| PB 0x0000000082a00000| Untracked 
|   9|0x0000000082b00000, 0x0000000082b00000, 0x0000000082c00000|  0%| F|  |TAMS 0x0000000082b00000| PB 0x0000000082b00000| Untracked 
|  10|0x0000000082c00000, 0x0000000082c00000, 0x0000000082d00000|  0%| F|  |TAMS 0x0000000082c00000| PB 0x0000000082c00000| Untracked 
|  11|0x0000000082d00000, 0x0000000082d00000, 0x0000000082e00000|  0%| F|  |TAMS 0x0000000082d00000| PB 0x0000000082d00000| Untracked 
|  12|0x0000000082e00000, 0x0000000082e00000, 0x0000000082f00000|  0%| F|  |TAMS 0x0000000082e00000| PB 0x0000000082e00000| Untracked 
|  13|0x0000000082f00000, 0x0000000082f00000, 0x0000000083000000|  0%| F|  |TAMS 0x0000000082f00000| PB 0x0000000082f00000| Untracked 
|  14|0x0000000083000000, 0x0000000083000000, 0x0000000083100000|  0%| F|  |TAMS 0x0000000083000000| PB 0x0000000083000000| Untracked 
|  15|0x0000000083100000, 0x0000000083100000, 0x0000000083200000|  0%| F|  |TAMS 0x0000000083100000| PB 0x0000000083100000| Untracked 
|  16|0x0000000083200000, 0x0000000083200000, 0x0000000083300000|  0%| F|  |TAMS 0x0000000083200000| PB 0x0000000083200000| Untracked 
|  17|0x0000000083300000, 0x0000000083300000, 0x0000000083400000|  0%| F|  |TAMS 0x0000000083300000| PB 0x0000000083300000| Untracked 
|  18|0x0000000083400000, 0x0000000083400000, 0x0000000083500000|  0%| F|  |TAMS 0x0000000083400000| PB 0x0000000083400000| Untracked 
|  19|0x0000000083500000, 0x0000000083500000, 0x0000000083600000|  0%| F|  |TAMS 0x0000000083500000| PB 0x0000000083500000| Untracked 
|  20|0x0000000083600000, 0x0000000083600000, 0x0000000083700000|  0%| F|  |TAMS 0x0000000083600000| PB 0x0000000083600000| Untracked 
|  21|0x0000000083700000, 0x0000000083700000, 0x0000000083800000|  0%| F|  |TAMS 0x0000000083700000| PB 0x0000000083700000| Untracked 
|  22|0x0000000083800000, 0x0000000083800000, 0x0000000083900000|  0%| F|  |TAMS 0x0000000083800000| PB 0x0000000083800000| Untracked 
|  23|0x0000000083900000, 0x0000000083900000, 0x0000000083a00000|  0%| F|  |TAMS 0x0000000083900000| PB 0x0000000083900000| Untracked 
|  24|0x0000000083a00000, 0x0000000083a00000, 0x0000000083b00000|  0%| F|  |TAMS 0x0000000083a00000| PB 0x0000000083a00000| Untracked 
|  25|0x0000000083b00000, 0x0000000083b00000, 0x0000000083c00000|  0%| F|  |TAMS 0x0000000083b00000| PB 0x0000000083b00000| Untracked 
|  26|0x0000000083c00000, 0x0000000083c00000, 0x0000000083d00000|  0%| F|  |TAMS 0x0000000083c00000| PB 0x0000000083c00000| Untracked 
|  27|0x0000000083d00000, 0x0000000083d00000, 0x0000000083e00000|  0%| F|  |TAMS 0x0000000083d00000| PB 0x0000000083d00000| Untracked 
|  28|0x0000000083e00000, 0x0000000083e00000, 0x0000000083f00000|  0%| F|  |TAMS 0x0000000083e00000| PB 0x0000000083e00000| Untracked 
|  29|0x0000000083f00000, 0x0000000083f00000, 0x0000000084000000|  0%| F|  |TAMS 0x0000000083f00000| PB 0x0000000083f00000| Untracked 
|  30|0x0000000084000000, 0x0000000084000000, 0x0000000084100000|  0%| F|  |TAMS 0x0000000084000000| PB 0x0000000084000000| Untracked 
|  31|0x0000000084100000, 0x0000000084100000, 0x0000000084200000|  0%| F|  |TAMS 0x0000000084100000| PB 0x0000000084100000| Untracked 
|  32|0x0000000084200000, 0x0000000084200000, 0x0000000084300000|  0%| F|  |TAMS 0x0000000084200000| PB 0x0000000084200000| Untracked 
|  33|0x0000000084300000, 0x0000000084300000, 0x0000000084400000|  0%| F|  |TAMS 0x0000000084300000| PB 0x0000000084300000| Untracked 
|  34|0x0000000084400000, 0x0000000084400000, 0x0000000084500000|  0%| F|  |TAMS 0x0000000084400000| PB 0x0000000084400000| Untracked 
|  35|0x0000000084500000, 0x0000000084500000, 0x0000000084600000|  0%| F|  |TAMS 0x0000000084500000| PB 0x0000000084500000| Untracked 
|  36|0x0000000084600000, 0x0000000084600000, 0x0000000084700000|  0%| F|  |TAMS 0x0000000084600000| PB 0x0000000084600000| Untracked 
|  37|0x0000000084700000, 0x0000000084700000, 0x0000000084800000|  0%| F|  |TAMS 0x0000000084700000| PB 0x0000000084700000| Untracked 
|  38|0x0000000084800000, 0x0000000084800000, 0x0000000084900000|  0%| F|  |TAMS 0x0000000084800000| PB 0x0000000084800000| Untracked 
|  39|0x0000000084900000, 0x0000000084900000, 0x0000000084a00000|  0%| F|  |TAMS 0x0000000084900000| PB 0x0000000084900000| Untracked 
|  40|0x0000000084a00000, 0x0000000084a00000, 0x0000000084b00000|  0%| F|  |TAMS 0x0000000084a00000| PB 0x0000000084a00000| Untracked 
|  41|0x0000000084b00000, 0x0000000084b00000, 0x0000000084c00000|  0%| F|  |TAMS 0x0000000084b00000| PB 0x0000000084b00000| Untracked 
|  42|0x0000000084c00000, 0x0000000084c00000, 0x0000000084d00000|  0%| F|  |TAMS 0x0000000084c00000| PB 0x0000000084c00000| Untracked 
|  43|0x0000000084d00000, 0x0000000084d00000, 0x0000000084e00000|  0%| F|  |TAMS 0x0000000084d00000| PB 0x0000000084d00000| Untracked 
|  44|0x0000000084e00000, 0x0000000084e00000, 0x0000000084f00000|  0%| F|  |TAMS 0x0000000084e00000| PB 0x0000000084e00000| Untracked 
|  45|0x0000000084f00000, 0x0000000084f00000, 0x0000000085000000|  0%| F|  |TAMS 0x0000000084f00000| PB 0x0000000084f00000| Untracked 
|  46|0x0000000085000000, 0x0000000085000000, 0x0000000085100000|  0%| F|  |TAMS 0x0000000085000000| PB 0x0000000085000000| Untracked 
|  47|0x0000000085100000, 0x0000000085100000, 0x0000000085200000|  0%| F|  |TAMS 0x0000000085100000| PB 0x0000000085100000| Untracked 
|  48|0x0000000085200000, 0x0000000085200000, 0x0000000085300000|  0%| F|  |TAMS 0x0000000085200000| PB 0x0000000085200000| Untracked 
|  49|0x0000000085300000, 0x0000000085300000, 0x0000000085400000|  0%| F|  |TAMS 0x0000000085300000| PB 0x0000000085300000| Untracked 
|  50|0x0000000085400000, 0x0000000085400000, 0x0000000085500000|  0%| F|  |TAMS 0x0000000085400000| PB 0x0000000085400000| Untracked 
|  51|0x0000000085500000, 0x0000000085500000, 0x0000000085600000|  0%| F|  |TAMS 0x0000000085500000| PB 0x0000000085500000| Untracked 
|  52|0x0000000085600000, 0x0000000085600000, 0x0000000085700000|  0%| F|  |TAMS 0x0000000085600000| PB 0x0000000085600000| Untracked 
|  53|0x0000000085700000, 0x0000000085700000, 0x0000000085800000|  0%| F|  |TAMS 0x0000000085700000| PB 0x0000000085700000| Untracked 
|  54|0x0000000085800000, 0x0000000085800000, 0x0000000085900000|  0%| F|  |TAMS 0x0000000085800000| PB 0x0000000085800000| Untracked 
|  55|0x0000000085900000, 0x0000000085900000, 0x0000000085a00000|  0%| F|  |TAMS 0x0000000085900000| PB 0x0000000085900000| Untracked 
|  56|0x0000000085a00000, 0x0000000085a00000, 0x0000000085b00000|  0%| F|  |TAMS 0x0000000085a00000| PB 0x0000000085a00000| Untracked 
|  57|0x0000000085b00000, 0x0000000085b00000, 0x0000000085c00000|  0%| F|  |TAMS 0x0000000085b00000| PB 0x0000000085b00000| Untracked 
|  58|0x0000000085c00000, 0x0000000085c00000, 0x0000000085d00000|  0%| F|  |TAMS 0x0000000085c00000| PB 0x0000000085c00000| Untracked 
|  59|0x0000000085d00000, 0x0000000085d00000, 0x0000000085e00000|  0%| F|  |TAMS 0x0000000085d00000| PB 0x0000000085d00000| Untracked 
|  60|0x0000000085e00000, 0x0000000085e00000, 0x0000000085f00000|  0%| F|  |TAMS 0x0000000085e00000| PB 0x0000000085e00000| Untracked 
|  61|0x0000000085f00000, 0x0000000085f00000, 0x0000000086000000|  0%| F|  |TAMS 0x0000000085f00000| PB 0x0000000085f00000| Untracked 
|  62|0x0000000086000000, 0x0000000086000000, 0x0000000086100000|  0%| F|  |TAMS 0x0000000086000000| PB 0x0000000086000000| Untracked 
|  63|0x0000000086100000, 0x0000000086100000, 0x0000000086200000|  0%| F|  |TAMS 0x0000000086100000| PB 0x0000000086100000| Untracked 
|  64|0x0000000086200000, 0x0000000086200000, 0x0000000086300000|  0%| F|  |TAMS 0x0000000086200000| PB 0x0000000086200000| Untracked 
|  65|0x0000000086300000, 0x0000000086300000, 0x0000000086400000|  0%| F|  |TAMS 0x0000000086300000| PB 0x0000000086300000| Untracked 
|  66|0x0000000086400000, 0x0000000086400000, 0x0000000086500000|  0%| F|  |TAMS 0x0000000086400000| PB 0x0000000086400000| Untracked 
|  67|0x0000000086500000, 0x0000000086500000, 0x0000000086600000|  0%| F|  |TAMS 0x0000000086500000| PB 0x0000000086500000| Untracked 
|  68|0x0000000086600000, 0x0000000086600000, 0x0000000086700000|  0%| F|  |TAMS 0x0000000086600000| PB 0x0000000086600000| Untracked 
|  69|0x0000000086700000, 0x0000000086700000, 0x0000000086800000|  0%| F|  |TAMS 0x0000000086700000| PB 0x0000000086700000| Untracked 
|  70|0x0000000086800000, 0x0000000086800000, 0x0000000086900000|  0%| F|  |TAMS 0x0000000086800000| PB 0x0000000086800000| Untracked 
|  71|0x0000000086900000, 0x0000000086900000, 0x0000000086a00000|  0%| F|  |TAMS 0x0000000086900000| PB 0x0000000086900000| Untracked 
|  72|0x0000000086a00000, 0x0000000086a00000, 0x0000000086b00000|  0%| F|  |TAMS 0x0000000086a00000| PB 0x0000000086a00000| Untracked 
|  73|0x0000000086b00000, 0x0000000086b00000, 0x0000000086c00000|  0%| F|  |TAMS 0x0000000086b00000| PB 0x0000000086b00000| Untracked 
|  74|0x0000000086c00000, 0x0000000086c00000, 0x0000000086d00000|  0%| F|  |TAMS 0x0000000086c00000| PB 0x0000000086c00000| Untracked 
|  75|0x0000000086d00000, 0x0000000086d00000, 0x0000000086e00000|  0%| F|  |TAMS 0x0000000086d00000| PB 0x0000000086d00000| Untracked 
|  76|0x0000000086e00000, 0x0000000086e00000, 0x0000000086f00000|  0%| F|  |TAMS 0x0000000086e00000| PB 0x0000000086e00000| Untracked 
|  77|0x0000000086f00000, 0x0000000086f00000, 0x0000000087000000|  0%| F|  |TAMS 0x0000000086f00000| PB 0x0000000086f00000| Untracked 
|  78|0x0000000087000000, 0x0000000087000000, 0x0000000087100000|  0%| F|  |TAMS 0x0000000087000000| PB 0x0000000087000000| Untracked 
|  79|0x0000000087100000, 0x0000000087100000, 0x0000000087200000|  0%| F|  |TAMS 0x0000000087100000| PB 0x0000000087100000| Untracked 
|  80|0x0000000087200000, 0x0000000087200000, 0x0000000087300000|  0%| F|  |TAMS 0x0000000087200000| PB 0x0000000087200000| Untracked 
|  81|0x0000000087300000, 0x0000000087300000, 0x0000000087400000|  0%| F|  |TAMS 0x0000000087300000| PB 0x0000000087300000| Untracked 
|  82|0x0000000087400000, 0x0000000087400000, 0x0000000087500000|  0%| F|  |TAMS 0x0000000087400000| PB 0x0000000087400000| Untracked 
|  83|0x0000000087500000, 0x0000000087500000, 0x0000000087600000|  0%| F|  |TAMS 0x0000000087500000| PB 0x0000000087500000| Untracked 
|  84|0x0000000087600000, 0x0000000087600000, 0x0000000087700000|  0%| F|  |TAMS 0x0000000087600000| PB 0x0000000087600000| Untracked 
|  85|0x0000000087700000, 0x0000000087700000, 0x0000000087800000|  0%| F|  |TAMS 0x0000000087700000| PB 0x0000000087700000| Untracked 
|  86|0x0000000087800000, 0x0000000087800000, 0x0000000087900000|  0%| F|  |TAMS 0x0000000087800000| PB 0x0000000087800000| Untracked 
|  87|0x0000000087900000, 0x0000000087900000, 0x0000000087a00000|  0%| F|  |TAMS 0x0000000087900000| PB 0x0000000087900000| Untracked 
|  88|0x0000000087a00000, 0x0000000087a00000, 0x0000000087b00000|  0%| F|  |TAMS 0x0000000087a00000| PB 0x0000000087a00000| Untracked 
|  89|0x0000000087b00000, 0x0000000087b00000, 0x0000000087c00000|  0%| F|  |TAMS 0x0000000087b00000| PB 0x0000000087b00000| Untracked 
|  90|0x0000000087c00000, 0x0000000087c00000, 0x0000000087d00000|  0%| F|  |TAMS 0x0000000087c00000| PB 0x0000000087c00000| Untracked 
|  91|0x0000000087d00000, 0x0000000087d00000, 0x0000000087e00000|  0%| F|  |TAMS 0x0000000087d00000| PB 0x0000000087d00000| Untracked 
|  92|0x0000000087e00000, 0x0000000087e00000, 0x0000000087f00000|  0%| F|  |TAMS 0x0000000087e00000| PB 0x0000000087e00000| Untracked 
|  93|0x0000000087f00000, 0x0000000087f00000, 0x0000000088000000|  0%| F|  |TAMS 0x0000000087f00000| PB 0x0000000087f00000| Untracked 
|  94|0x0000000088000000, 0x0000000088000000, 0x0000000088100000|  0%| F|  |TAMS 0x0000000088000000| PB 0x0000000088000000| Untracked 
|  95|0x0000000088100000, 0x0000000088100000, 0x0000000088200000|  0%| F|  |TAMS 0x0000000088100000| PB 0x0000000088100000| Untracked 
|  96|0x0000000088200000, 0x0000000088200000, 0x0000000088300000|  0%| F|  |TAMS 0x0000000088200000| PB 0x0000000088200000| Untracked 
|  97|0x0000000088300000, 0x0000000088300000, 0x0000000088400000|  0%| F|  |TAMS 0x0000000088300000| PB 0x0000000088300000| Untracked 
|  98|0x0000000088400000, 0x0000000088400000, 0x0000000088500000|  0%| F|  |TAMS 0x0000000088400000| PB 0x0000000088400000| Untracked 
|  99|0x0000000088500000, 0x0000000088500000, 0x0000000088600000|  0%| F|  |TAMS 0x0000000088500000| PB 0x0000000088500000| Untracked 
| 100|0x0000000088600000, 0x0000000088600000, 0x0000000088700000|  0%| F|  |TAMS 0x0000000088600000| PB 0x0000000088600000| Untracked 
| 101|0x0000000088700000, 0x0000000088700000, 0x0000000088800000|  0%| F|  |TAMS 0x0000000088700000| PB 0x0000000088700000| Untracked 
| 102|0x0000000088800000, 0x0000000088800000, 0x0000000088900000|  0%| F|  |TAMS 0x0000000088800000| PB 0x0000000088800000| Untracked 
| 103|0x0000000088900000, 0x0000000088900000, 0x0000000088a00000|  0%| F|  |TAMS 0x0000000088900000| PB 0x0000000088900000| Untracked 
| 104|0x0000000088a00000, 0x0000000088a00000, 0x0000000088b00000|  0%| F|  |TAMS 0x0000000088a00000| PB 0x0000000088a00000| Untracked 
| 105|0x0000000088b00000, 0x0000000088b00000, 0x0000000088c00000|  0%| F|  |TAMS 0x0000000088b00000| PB 0x0000000088b00000| Untracked 
| 106|0x0000000088c00000, 0x0000000088c00000, 0x0000000088d00000|  0%| F|  |TAMS 0x0000000088c00000| PB 0x0000000088c00000| Untracked 
| 107|0x0000000088d00000, 0x0000000088d00000, 0x0000000088e00000|  0%| F|  |TAMS 0x0000000088d00000| PB 0x0000000088d00000| Untracked 
| 108|0x0000000088e00000, 0x0000000088e00000, 0x0000000088f00000|  0%| F|  |TAMS 0x0000000088e00000| PB 0x0000000088e00000| Untracked 
| 109|0x0000000088f00000, 0x0000000088f00000, 0x0000000089000000|  0%| F|  |TAMS 0x0000000088f00000| PB 0x0000000088f00000| Untracked 
| 110|0x0000000089000000, 0x0000000089000000, 0x0000000089100000|  0%| F|  |TAMS 0x0000000089000000| PB 0x0000000089000000| Untracked 
| 111|0x0000000089100000, 0x0000000089100000, 0x0000000089200000|  0%| F|  |TAMS 0x0000000089100000| PB 0x0000000089100000| Untracked 
| 112|0x0000000089200000, 0x0000000089200000, 0x0000000089300000|  0%| F|  |TAMS 0x0000000089200000| PB 0x0000000089200000| Untracked 
| 113|0x0000000089300000, 0x0000000089300000, 0x0000000089400000|  0%| F|  |TAMS 0x0000000089300000| PB 0x0000000089300000| Untracked 
| 114|0x0000000089400000, 0x0000000089400000, 0x0000000089500000|  0%| F|  |TAMS 0x0000000089400000| PB 0x0000000089400000| Untracked 
| 115|0x0000000089500000, 0x0000000089500000, 0x0000000089600000|  0%| F|  |TAMS 0x0000000089500000| PB 0x0000000089500000| Untracked 
| 116|0x0000000089600000, 0x0000000089600000, 0x0000000089700000|  0%| F|  |TAMS 0x0000000089600000| PB 0x0000000089600000| Untracked 
| 117|0x0000000089700000, 0x0000000089700000, 0x0000000089800000|  0%| F|  |TAMS 0x0000000089700000| PB 0x0000000089700000| Untracked 
| 118|0x0000000089800000, 0x0000000089800000, 0x0000000089900000|  0%| F|  |TAMS 0x0000000089800000| PB 0x0000000089800000| Untracked 
| 119|0x0000000089900000, 0x0000000089900000, 0x0000000089a00000|  0%| F|  |TAMS 0x0000000089900000| PB 0x0000000089900000| Untracked 
| 120|0x0000000089a00000, 0x0000000089a00000, 0x0000000089b00000|  0%| F|  |TAMS 0x0000000089a00000| PB 0x0000000089a00000| Untracked 
| 121|0x0000000089b00000, 0x0000000089b00000, 0x0000000089c00000|  0%| F|  |TAMS 0x0000000089b00000| PB 0x0000000089b00000| Untracked 
| 122|0x0000000089c00000, 0x0000000089c85d70, 0x0000000089d00000| 52%| E|  |TAMS 0x0000000089c00000| PB 0x0000000089c00000| Complete 
| 123|0x0000000089d00000, 0x0000000089e00000, 0x0000000089e00000|100%| E|CS|TAMS 0x0000000089d00000| PB 0x0000000089d00000| Complete 
| 124|0x0000000089e00000, 0x0000000089f00000, 0x0000000089f00000|100%| E|CS|TAMS 0x0000000089e00000| PB 0x0000000089e00000| Complete 
| 125|0x0000000089f00000, 0x000000008a000000, 0x000000008a000000|100%| E|CS|TAMS 0x0000000089f00000| PB 0x0000000089f00000| Complete 

Card table byte_map: [0x0000022ccaee0000,0x0000022ccb2d0000] _byte_map_base: 0x0000022ccaacf000

Marking Bits: (CMBitMap*) 0x0000022cb36de500
 Bits: [0x0000022ccb2d0000, 0x0000022ccd248000)

Polling page: 0x0000022cb15a0000

Metaspace:

Usage:
  Non-class:      2.37 MB used.
      Class:    255.61 KB used.
       Both:      2.62 MB used.

Virtual space:
  Non-class space:       64.00 MB reserved,       2.44 MB (  4%) committed,  1 nodes.
      Class space:        1.00 GB reserved,     320.00 KB ( <1%) committed,  1 nodes.
             Both:        1.06 GB reserved,       2.75 MB ( <1%) committed. 

Chunk freelists:
   Non-Class:  11.91 MB
       Class:  15.70 MB
        Both:  27.61 MB

MaxMetaspaceSize: unlimited
CompressedClassSpaceSize: 1.00 GB
Initial GC threshold: 21.00 MB
Current GC threshold: 21.00 MB
CDS: on
 - commit_granule_bytes: 65536.
 - commit_granule_words: 8192.
 - virtual_space_node_default_size: 8388608.
 - enlarge_chunks_in_place: 1.
 - use_allocation_guard: 0.


Internal statistics:

num_allocs_failed_limit: 0.
num_arena_births: 90.
num_arena_deaths: 0.
num_vsnodes_births: 2.
num_vsnodes_deaths: 0.
num_space_committed: 44.
num_space_uncommitted: 0.
num_chunks_returned_to_freelist: 0.
num_chunks_taken_from_freelist: 108.
num_chunk_merges: 0.
num_chunk_splits: 65.
num_chunks_enlarged: 23.
num_inconsistent_stats: 0.

CodeHeap 'non-profiled nmethods': size=120000Kb used=134Kb max_used=134Kb free=119865Kb
 bounds [0x0000022cc35c0000, 0x0000022cc3830000, 0x0000022ccaaf0000]
CodeHeap 'profiled nmethods': size=120000Kb used=514Kb max_used=514Kb free=119485Kb
 bounds [0x0000022cbbaf0000, 0x0000022cbbd60000, 0x0000022cc3020000]
CodeHeap 'non-nmethods': size=5760Kb used=1372Kb max_used=1372Kb free=4387Kb
 bounds [0x0000022cc3020000, 0x0000022cc3290000, 0x0000022cc35c0000]
 total_blobs=876 nmethods=401 adapters=380
 compilation: enabled
              stopped_count=0, restarted_count=0
 full_count=0

Compilation events (20 events):
Event: 0.195 Thread 0x0000022ccf725e60  386       3       java.lang.invoke.MemberName$Factory::resolveOrFail (79 bytes)
Event: 0.196 Thread 0x0000022ccf725e60 nmethod 386 0x0000022cbbb6b990 code [0x0000022cbbb6bbc0, 0x0000022cbbb6c340]
Event: 0.196 Thread 0x0000022ccf725e60  388       3       jdk.internal.org.objectweb.asm.ByteVector::<init> (13 bytes)
Event: 0.196 Thread 0x0000022ccf725e60 nmethod 388 0x0000022cbbb6c610 code [0x0000022cbbb6c7c0, 0x0000022cbbb6ca28]
Event: 0.196 Thread 0x0000022ccf725e60  387       1       java.lang.invoke.DirectMethodHandle::internalMemberName (5 bytes)
Event: 0.196 Thread 0x0000022ccf725e60 nmethod 387 0x0000022cc35e0110 code [0x0000022cc35e02a0, 0x0000022cc35e0368]
Event: 0.196 Thread 0x0000022ccf725e60  389       1       jdk.internal.org.objectweb.asm.SymbolTable::getMajorVersion (5 bytes)
Event: 0.196 Thread 0x0000022ccf725e60 nmethod 389 0x0000022cc35e0410 code [0x0000022cc35e05a0, 0x0000022cc35e0668]
Event: 0.197 Thread 0x0000022ccf725e60  392       3       java.lang.invoke.LambdaForm$Name::<init> (19 bytes)
Event: 0.198 Thread 0x0000022ccf725e60 nmethod 392 0x0000022cbbb6cb10 code [0x0000022cbbb6cd40, 0x0000022cbbb6d420]
Event: 0.198 Thread 0x0000022ccf725e60  393       3       sun.invoke.util.Wrapper::forPrimitiveType (122 bytes)
Event: 0.199 Thread 0x0000022ccf725e60 nmethod 393 0x0000022cbbb6d790 code [0x0000022cbbb6da60, 0x0000022cbbb6e5b0]
Event: 0.199 Thread 0x0000022ccf725e60  394       3       java.lang.invoke.InvokerBytecodeGenerator::getInternalName (103 bytes)
Event: 0.199 Thread 0x0000022ccf725e60 nmethod 394 0x0000022cbbb6e890 code [0x0000022cbbb6eaa0, 0x0000022cbbb6eff8]
Event: 0.199 Thread 0x0000022ccf725e60  396       3       jdk.internal.org.objectweb.asm.SymbolTable::addConstantNameAndType (137 bytes)
Event: 0.200 Thread 0x0000022ccf725e60 nmethod 396 0x0000022cbbb6f110 code [0x0000022cbbb6f380, 0x0000022cbbb6fac0]
Event: 0.200 Thread 0x0000022ccf725e60  395       3       jdk.internal.org.objectweb.asm.ByteVector::putByteArray (49 bytes)
Event: 0.200 Thread 0x0000022ccf725e60 nmethod 395 0x0000022cbbb6ff10 code [0x0000022cbbb700e0, 0x0000022cbbb703b8]
Event: 0.200 Thread 0x0000022ccf725e60  397       3       java.util.ImmutableCollections$ListN::size (6 bytes)
Event: 0.200 Thread 0x0000022ccf725e60 nmethod 397 0x0000022cbbb70510 code [0x0000022cbbb706a0, 0x0000022cbbb707b8]

GC Heap History (0 events):
No events

Dll operation events (7 events):
Event: 0.006 Loaded shared library C:\Program Files\Java\jdk-21\bin\java.dll
Event: 0.036 Loaded shared library C:\Program Files\Java\jdk-21\bin\jsvml.dll
Event: 0.071 Loaded shared library C:\Program Files\Java\jdk-21\bin\net.dll
Event: 0.072 Loaded shared library C:\Program Files\Java\jdk-21\bin\nio.dll
Event: 0.097 Loaded shared library C:\Program Files\Java\jdk-21\bin\zip.dll
Event: 0.112 Loaded shared library C:\Program Files\Java\jdk-21\bin\jimage.dll
Event: 0.126 Loaded shared library C:\Program Files\Java\jdk-21\bin\awt.dll

Deoptimization events (0 events):
No events

Classes loaded (20 events):
Event: 0.201 Loading class sun/java2d/pipe/RegionIterator done
Event: 0.201 Loading class sun/java2d/pipe/AAShapePipe
Event: 0.201 Loading class sun/java2d/pipe/AAShapePipe done
Event: 0.202 Loading class sun/java2d/pipe/AAShapePipe$1
Event: 0.202 Loading class sun/java2d/pipe/AAShapePipe$1 done
Event: 0.202 Loading class sun/java2d/pipe/AlphaPaintPipe
Event: 0.202 Loading class sun/java2d/pipe/AlphaPaintPipe done
Event: 0.202 Loading class sun/java2d/pipe/SpanShapeRenderer$Composite
Event: 0.202 Loading class sun/java2d/pipe/SpanShapeRenderer
Event: 0.202 Loading class sun/java2d/pipe/SpanShapeRenderer done
Event: 0.202 Loading class sun/java2d/pipe/SpanShapeRenderer$Composite done
Event: 0.202 Loading class sun/java2d/pipe/GeneralCompositePipe
Event: 0.202 Loading class sun/java2d/pipe/GeneralCompositePipe done
Event: 0.202 Loading class sun/java2d/pipe/DrawImage
Event: 0.202 Loading class sun/java2d/pipe/DrawImage done
Event: 0.202 Loading class sun/java2d/loops/RenderCache
Event: 0.202 Loading class sun/java2d/loops/RenderCache done
Event: 0.202 Loading class sun/java2d/loops/RenderCache$Entry
Event: 0.202 Loading class sun/java2d/loops/RenderCache$Entry done
Event: 0.202 Loading class sun/awt/image/SunVolatileImage

Classes unloaded (0 events):
No events

Classes redefined (0 events):
No events

Internal exceptions (5 events):
Event: 0.073 Thread 0x0000022cb15e9100 Exception <a 'sun/nio/fs/WindowsException'{0x0000000089e77b60}> (0x0000000089e77b60) 
thrown [s\open\src\hotspot\share\prims\jni.cpp, line 520]
Event: 0.075 Thread 0x0000022cb15e9100 Exception <a 'sun/nio/fs/WindowsException'{0x0000000089e7a168}> (0x0000000089e7a168) 
thrown [s\open\src\hotspot\share\prims\jni.cpp, line 520]
Event: 0.118 Thread 0x0000022cb15e9100 Exception <a 'java/lang/ClassNotFoundException'{0x0000000089d88620}: sun/awt/resources/spi/awtProvider> (0x0000000089d88620) 
thrown [s\open\src\hotspot\share\classfile\systemDictionary.cpp, line 312]
Event: 0.143 Thread 0x0000022cb15e9100 Exception <a 'java/io/FileNotFoundException'{0x0000000089ddd810}> (0x0000000089ddd810) 
thrown [s\open\src\hotspot\share\prims\jni.cpp, line 520]
Event: 0.156 Thread 0x0000022cb15e9100 Exception <a 'java/io/FileNotFoundException'{0x0000000089c07d70}> (0x0000000089c07d70) 
thrown [s\open\src\hotspot\share\prims\jni.cpp, line 520]

ZGC Phase Switch (0 events):
No events

VM Operations (2 events):
Event: 0.076 Executing VM operation: HandshakeAllThreads (Deoptimize)
Event: 0.076 Executing VM operation: HandshakeAllThreads (Deoptimize) done

Events (12 events):
Event: 0.021 Thread 0x0000022cb15e9100 Thread added: 0x0000022cb15e9100
Event: 0.034 Thread 0x0000022ccf70d4c0 Thread added: 0x0000022ccf70d4c0
Event: 0.034 Thread 0x0000022ccf70f290 Thread added: 0x0000022ccf70f290
Event: 0.034 Thread 0x0000022ccf710f00 Thread added: 0x0000022ccf710f00
Event: 0.034 Thread 0x0000022ccf713bf0 Thread added: 0x0000022ccf713bf0
Event: 0.035 Thread 0x0000022ccf714650 Thread added: 0x0000022ccf714650
Event: 0.035 Thread 0x0000022ccf7150b0 Thread added: 0x0000022ccf7150b0
Event: 0.035 Thread 0x0000022ccf721350 Thread added: 0x0000022ccf721350
Event: 0.035 Thread 0x0000022ccf725e60 Thread added: 0x0000022ccf725e60
Event: 0.059 Thread 0x0000022ccf909d30 Thread added: 0x0000022ccf909d30
Event: 0.090 Thread 0x0000022ccfa39320 Thread added: 0x0000022ccfa39320
Event: 0.094 Thread 0x0000022ccf728740 Thread added: 0x0000022ccf728740


Dynamic libraries:
0x00007ff7aec10000 - 0x00007ff7aec20000 	C:\Program Files\Java\jdk-21\bin\java.exe
0x00007ffce83d0000 - 0x00007ffce85c8000 	C:\Windows\SYSTEM32\ntdll.dll
0x00007ffce7560000 - 0x00007ffce7622000 	C:\Windows\System32\KERNEL32.DLL
0x00007ffce5d10000 - 0x00007ffce600e000 	C:\Windows\System32\KERNELBASE.dll
0x00007ffce1510000 - 0x00007ffce1529000 	C:\Program Files\Java\jdk-21\bin\jli.dll
0x00007ffce63f0000 - 0x00007ffce64a2000 	C:\Windows\System32\ADVAPI32.dll
0x00007ffce69c0000 - 0x00007ffce6a5e000 	C:\Windows\System32\msvcrt.dll
0x00007ffce79f0000 - 0x00007ffce7a90000 	C:\Windows\System32\sechost.dll
0x00007ffce6540000 - 0x00007ffce6663000 	C:\Windows\System32\RPCRT4.dll
0x00007ffce5b70000 - 0x00007ffce5b97000 	C:\Windows\System32\bcrypt.dll
0x00007ffce6670000 - 0x00007ffce680d000 	C:\Windows\System32\USER32.dll
0x00007ffce6330000 - 0x00007ffce6352000 	C:\Windows\System32\win32u.dll
0x00007ffce64b0000 - 0x00007ffce64db000 	C:\Windows\System32\GDI32.dll
0x00007ffce5bf0000 - 0x00007ffce5d07000 	C:\Windows\System32\gdi32full.dll
0x00007ffce6170000 - 0x00007ffce620d000 	C:\Windows\System32\msvcp_win.dll
0x00007ffce5a70000 - 0x00007ffce5b70000 	C:\Windows\System32\ucrtbase.dll
0x00007ffcd69c0000 - 0x00007ffcd6c5a000 	C:\Windows\WinSxS\amd64_microsoft.windows.common-controls_6595b64144ccf1df_6.0.19041.4355_none_60b8b9eb71f62e16\COMCTL32.dll
0x00007ffcdefd0000 - 0x00007ffcdefda000 	C:\Windows\SYSTEM32\VERSION.dll
0x00007ffcd06e0000 - 0x00007ffcd06fb000 	C:\Program Files\Java\jdk-21\bin\VCRUNTIME140.dll
0x00007ffce7640000 - 0x00007ffce766f000 	C:\Windows\System32\IMM32.DLL
0x00007ffcd4660000 - 0x00007ffcd466c000 	C:\Program Files\Java\jdk-21\bin\vcruntime140_1.dll
0x00007ffcb6740000 - 0x00007ffcb67ce000 	C:\Program Files\Java\jdk-21\bin\msvcp140.dll
0x00007ffc7dc60000 - 0x00007ffc7e975000 	C:\Program Files\Java\jdk-21\bin\server\jvm.dll
0x00007ffce7c20000 - 0x00007ffce7c8b000 	C:\Windows\System32\WS2_32.dll
0x00007ffce58d0000 - 0x00007ffce591b000 	C:\Windows\SYSTEM32\POWRPROF.dll
0x00007ffcd5ff0000 - 0x00007ffcd6017000 	C:\Windows\SYSTEM32\WINMM.dll
0x00007ffce58b0000 - 0x00007ffce58c2000 	C:\Windows\SYSTEM32\UMPDC.dll
0x00007ffce4290000 - 0x00007ffce42a2000 	C:\Windows\SYSTEM32\kernel.appcore.dll
0x00007ffcd0da0000 - 0x00007ffcd0daa000 	C:\Program Files\Java\jdk-21\bin\jimage.dll
0x00007ffce3680000 - 0x00007ffce3864000 	C:\Windows\SYSTEM32\DBGHELP.DLL
0x00007ffccfc50000 - 0x00007ffccfc84000 	C:\Windows\SYSTEM32\dbgcore.DLL
0x00007ffce6360000 - 0x00007ffce63e2000 	C:\Windows\System32\bcryptPrimitives.dll
0x00007ffcd0610000 - 0x00007ffcd062f000 	C:\Program Files\Java\jdk-21\bin\java.dll
0x00007ffce6df0000 - 0x00007ffce755f000 	C:\Windows\System32\SHELL32.dll
0x00007ffce3ad0000 - 0x00007ffce4274000 	C:\Windows\SYSTEM32\windows.storage.dll
0x00007ffce7690000 - 0x00007ffce79e3000 	C:\Windows\System32\combase.dll
0x00007ffce53d0000 - 0x00007ffce53fe000 	C:\Windows\SYSTEM32\Wldp.dll
0x00007ffce81d0000 - 0x00007ffce829d000 	C:\Windows\System32\OLEAUT32.dll
0x00007ffce6cc0000 - 0x00007ffce6d6d000 	C:\Windows\System32\SHCORE.dll
0x00007ffce64e0000 - 0x00007ffce6535000 	C:\Windows\System32\shlwapi.dll
0x00007ffce59a0000 - 0x00007ffce59c4000 	C:\Windows\SYSTEM32\profapi.dll
0x00007ffcb6860000 - 0x00007ffcb6937000 	C:\Program Files\Java\jdk-21\bin\jsvml.dll
0x00007ffcd0600000 - 0x00007ffcd0610000 	C:\Program Files\Java\jdk-21\bin\net.dll
0x00007ffcdc0f0000 - 0x00007ffcdc1fd000 	C:\Windows\SYSTEM32\WINHTTP.dll
0x00007ffce5130000 - 0x00007ffce519a000 	C:\Windows\system32\mswsock.dll
0x00007ffcd05e0000 - 0x00007ffcd05f6000 	C:\Program Files\Java\jdk-21\bin\nio.dll
0x00007ffccf1f0000 - 0x00007ffccf208000 	C:\Program Files\Java\jdk-21\bin\zip.dll
0x00007ffc8b2f0000 - 0x00007ffc8b47f000 	C:\Program Files\Java\jdk-21\bin\awt.dll
0x00007ffce2080000 - 0x00007ffce2114000 	C:\Windows\SYSTEM32\apphelp.dll

dbghelp: loaded successfully - version: 4.0.5 - missing functions: none
symbol engine: initialized successfully - sym options: 0x614 - pdb path: .;C:\Program Files\Java\jdk-21\bin;C:\Windows\SYSTEM32;C:\Windows\WinSxS\amd64_microsoft.windows.common-controls_6595b64144ccf1df_6.0.19041.4355_none_60b8b9eb71f62e16;C:\Program Files\Java\jdk-21\bin\server

VM Arguments:
jvm_args: -Dfile.encoding=UTF-8 --module-path=C:\Users\User\Documents\NetBeansProjects\AirlineManagementSystem\build\classes 
java_command: airlinemanagementsystem.JourneyDetails
java_class_path (initial): C:\Users\User\Desktop\.java\mysql-connector-java-8.0.28.jar;C:\Users\User\Desktop\.java\rs2xml.jar;C:\Users\User\Desktop\.java\jcalendar-tz-1.3.3-4.jar;C:\Users\User\Documents\NetBeansProjects\AirlineManagementSystem\build\classes
Launcher Type: SUN_STANDARD

[Global flags]
     intx CICompilerCount                          = 3                                         {product} {ergonomic}
     uint ConcGCThreads                            = 1                                         {product} {ergonomic}
     uint G1ConcRefinementThreads                  = 4                                         {product} {ergonomic}
   size_t G1HeapRegionSize                         = 1048576                                   {product} {ergonomic}
    uintx GCDrainStackTargetSize                   = 64                                        {product} {ergonomic}
   size_t InitialHeapSize                          = 132120576                                 {product} {ergonomic}
   size_t MarkStackSize                            = 4194304                                   {product} {ergonomic}
   size_t MaxHeapSize                              = 2111832064                                {product} {ergonomic}
   size_t MaxNewSize                               = 1266679808                                {product} {ergonomic}
   size_t MinHeapDeltaBytes                        = 1048576                                   {product} {ergonomic}
   size_t MinHeapSize                              = 8388608                                   {product} {ergonomic}
    uintx NonNMethodCodeHeapSize                   = 5832780                                {pd product} {ergonomic}
    uintx NonProfiledCodeHeapSize                  = 122912730                              {pd product} {ergonomic}
    uintx ProfiledCodeHeapSize                     = 122912730                              {pd product} {ergonomic}
    uintx ReservedCodeCacheSize                    = 251658240                              {pd product} {ergonomic}
     bool SegmentedCodeCache                       = true                                      {product} {ergonomic}
   size_t SoftMaxHeapSize                          = 2111832064                             {manageable} {ergonomic}
     bool UseCompressedOops                        = true                           {product lp64_product} {ergonomic}
     bool UseG1GC                                  = true                                      {product} {ergonomic}
     bool UseLargePagesIndividualAllocation        = false                                  {pd product} {ergonomic}

Logging:
Log output configuration:
 #0: stdout all=warning uptime,level,tags foldmultilines=false
 #1: stderr all=off uptime,level,tags foldmultilines=false

Environment Variables:
PATH=C:\Users\User\AppData\Local\Programs\Python\Python312\Scripts\;C:\Users\User\AppData\Local\Programs\Python\Python312\;C:\Program Files\Common Files\Oracle\Java\javapath;C:\Windows\system32;C:\Windows;C:\Windows\System32\Wbem;C:\Windows\System32\WindowsPowerShell\v1.0\;C:\Windows\System32\OpenSSH\;C:\MinGW\bin;C:\Program Files\Java\jdk-21\bin;C:\Program Files\Git\cmd;C:\Program Files\Git\mingw64\bin;C:\Program Files\Git\usr\bin;C:\Program Files\nodejs\;C:\ProgramData\chocolatey\bin;c:\Program Files (x86)\Microsoft SQL Server\100\Tools\Binn\;c:\Program Files\Microsoft SQL Server\100\Tools\Binn\;c:\Program Files\Microsoft SQL Server\100\DTS\Binn\;C:\Program Files\MySQL\MySQL Shell 8.0\bin\;C:\Users\User\AppData\Local\Microsoft\WindowsApps;C:\Users\User\AppData\Local\Programs\Microsoft VS Code\bin;C:\Users\User\AppData\Roaming\npm
USERNAME=User
OS=Windows_NT
PROCESSOR_IDENTIFIER=Intel64 Family 6 Model 142 Stepping 9, GenuineIntel
TMP=C:\Users\User\AppData\Local\Temp
TEMP=C:\Users\User\AppData\Local\Temp




Periodic native trim disabled

---------------  S Y S T E M  ---------------

OS:
 Windows 10 , 64 bit Build 19041 (10.0.19041.4957)
OS uptime: 0 days 1:28 hours

CPU: total 4 (initial active 4) (2 cores per cpu, 2 threads per core) family 6 model 142 stepping 9 microcode 0xb4, cx8, cmov, fxsr, ht, mmx, 3dnowpref, sse, sse2, sse3, ssse3, sse4.1, sse4.2, popcnt, lzcnt, tsc, tscinvbit, avx, avx2, aes, erms, clmul, bmi1, bmi2, adx, fma, vzeroupper, clflush, clflushopt, rdtscp, f16c
Processor Information for all 4 processors :
  Max Mhz: 2701, Current Mhz: 2701, Mhz Limit: 2701

Memory: 4k page, system-wide physical 8054M (1287M free)
TotalPageFile size 32630M (AvailPageFile size 5M)
current process WorkingSet (physical memory assigned to process): 43M, peak: 43M
current process commit charge ("private bytes"): 202M, peak: 202M

vm_info: Java HotSpot(TM) 64-Bit Server VM (21.0.1+12-LTS-29) for windows-amd64 JRE (21.0.1+12-LTS-29), built on 2023-10-05T13:27:09Z by "mach5one" with MS VC++ 17.1 (VS2022)

END.
