#
# There is insufficient memory for the Java Runtime Environment to continue.
# Native memory allocation (malloc) failed to allocate 32744 bytes for Chunk::new
# Possible reasons:
#   The system is out of physical RAM or swap space
#   The process is running with CompressedOops enabled, and the Java Heap may be blocking the growth of the native heap
# Possible solutions:
#   Reduce memory load on the system
#   Increase physical memory or swap space
#   Check if swap backing store is full
#   Decrease Java heap size (-Xmx/-Xms)
#   Decrease number of Java threads
#   Set larger code cache with -XX:ReservedCodeCacheSize=
#   JVM is running with Unscaled Compressed Oops mode in which the Java heap is
#     placed in the first 4GB address space. The Java Heap base address is the
#     maximum limit for the native heap growth. Please use -XX:HeapBaseMinAddress
#     to set the Java Heap base and to place the Java Heap above 4GB virtual address.
# This output file may be truncated or incomplete.
#
#  Out of Memory Error (arena.cpp:168), pid=24360, tid=24472
#
# JRE version: Java(TM) SE Runtime Environment (21.0.1+12) (build 21.0.1+12-LTS-29)
# Java VM: Java HotSpot(TM) 64-Bit Server VM (21.0.1+12-LTS-29, mixed mode, sharing, tiered, compressed oops, compressed class ptrs, g1 gc, windows-amd64)
# No core dump will be written. Minidumps are not enabled by default on client versions of Windows
#

---------------  S U M M A R Y ------------

Command Line: -Dfile.encoding=UTF-8 --module-path=C:\Users\User\Documents\NetBeansProjects\AirlineManagementSystem\build\classes airlinemanagementsystem.BoardingPass

Host: Intel(R) Core(TM) i5-7200U CPU @ 2.50GHz, 4 cores, 7G,  Windows 10 , 64 bit Build 19041 (10.0.19041.4957)
Time: Sat Dec  7 19:21:09 2024 India Standard Time elapsed time: 1039.261573 seconds (0d 0h 17m 19s)

---------------  T H R E A D  ---------------

Current thread (0x0000020d245d1bd0):  JavaThread "C2 CompilerThread0" daemon [_thread_in_native, id=24472, stack(0x000000792ca00000,0x000000792cb00000) (1024K)]


Current CompileTask:
C2:1039261 1073       4       java.util.Arrays::binarySearch0 (95 bytes)

Stack: [0x000000792ca00000,0x000000792cb00000]
Native frames: (J=compiled Java code, j=interpreted, Vv=VM code, C=native code)
V  [jvm.dll+0x6c9029]
V  [jvm.dll+0x854b81]
V  [jvm.dll+0x856e5e]
V  [jvm.dll+0x857543]
V  [jvm.dll+0x280c06]
V  [jvm.dll+0xc3ead]
V  [jvm.dll+0xc43c3]
V  [jvm.dll+0x2e8176]
V  [jvm.dll+0x2e7f6b]
V  [jvm.dll+0x810c10]
V  [jvm.dll+0x812273]
V  [jvm.dll+0x39ad24]
V  [jvm.dll+0x2f30f8]
V  [jvm.dll+0x6e3524]
V  [jvm.dll+0x6db7d6]
V  [jvm.dll+0x6dac6e]
V  [jvm.dll+0x6d8e8c]
V  [jvm.dll+0x1ccefc]
V  [jvm.dll+0x1cdaaa]
V  [jvm.dll+0x1cdaaa]
V  [jvm.dll+0x2f3152]
V  [jvm.dll+0x6e3524]
V  [jvm.dll+0x6db7d6]
V  [jvm.dll+0x6dac6e]
V  [jvm.dll+0x6d8e8c]
V  [jvm.dll+0x1ccefc]
V  [jvm.dll+0x248c3d]
V  [jvm.dll+0x1c9ca1]
V  [jvm.dll+0x2586b9]
V  [jvm.dll+0x256c9a]
V  [jvm.dll+0x3ef1b6]
V  [jvm.dll+0x7fd728]
V  [jvm.dll+0x6c777d]
C  [ucrtbase.dll+0x21bb2]
C  [KERNEL32.DLL+0x17374]
C  [ntdll.dll+0x4cc91]


---------------  P R O C E S S  ---------------

Threads class SMR info:
_java_thread_list=0x0000020d6b4f4c40, length=16, elements={
0x0000020d245b8530, 0x0000020d245bc110, 0x0000020d245beac0, 0x0000020d245c0530,
0x0000020d245c1210, 0x0000020d245c2bb0, 0x0000020d245d1bd0, 0x0000020d245d79a0,
0x0000020d24583a90, 0x0000020d2489ee60, 0x0000020d24a18d80, 0x0000020d24a29f10,
0x0000020d6af427e0, 0x0000020d6b2dc6c0, 0x0000020d0643ce80, 0x0000020d6b27eb60
}

Java Threads: ( => current thread )
  0x0000020d245b8530 JavaThread "Reference Handler"          daemon [_thread_blocked, id=24448, stack(0x000000792c400000,0x000000792c500000) (1024K)]
  0x0000020d245bc110 JavaThread "Finalizer"                  daemon [_thread_blocked, id=24452, stack(0x000000792c500000,0x000000792c600000) (1024K)]
  0x0000020d245beac0 JavaThread "Signal Dispatcher"          daemon [_thread_blocked, id=24456, stack(0x000000792c600000,0x000000792c700000) (1024K)]
  0x0000020d245c0530 JavaThread "Attach Listener"            daemon [_thread_blocked, id=24460, stack(0x000000792c700000,0x000000792c800000) (1024K)]
  0x0000020d245c1210 JavaThread "Service Thread"             daemon [_thread_blocked, id=24464, stack(0x000000792c800000,0x000000792c900000) (1024K)]
  0x0000020d245c2bb0 JavaThread "Monitor Deflation Thread"   daemon [_thread_blocked, id=24468, stack(0x000000792c900000,0x000000792ca00000) (1024K)]
=>0x0000020d245d1bd0 JavaThread "C2 CompilerThread0"         daemon [_thread_in_native, id=24472, stack(0x000000792ca00000,0x000000792cb00000) (1024K)]
  0x0000020d245d79a0 JavaThread "C1 CompilerThread0"         daemon [_thread_blocked, id=24476, stack(0x000000792cb00000,0x000000792cc00000) (1024K)]
  0x0000020d24583a90 JavaThread "Common-Cleaner"             daemon [_thread_blocked, id=24480, stack(0x000000792cc00000,0x000000792cd00000) (1024K)]
  0x0000020d2489ee60 JavaThread "Notification Thread"        daemon [_thread_blocked, id=24484, stack(0x000000792cd00000,0x000000792ce00000) (1024K)]
  0x0000020d24a18d80 JavaThread "Java2D Disposer"            daemon [_thread_blocked, id=24488, stack(0x000000792ce00000,0x000000792cf00000) (1024K)]
  0x0000020d24a29f10 JavaThread "AWT-Windows"                daemon [_thread_in_native, id=24496, stack(0x000000792d000000,0x000000792d100000) (1024K)]
  0x0000020d6af427e0 JavaThread "AWT-Shutdown"                      [_thread_blocked, id=24540, stack(0x000000792cf00000,0x000000792d000000) (1024K)]
  0x0000020d6b2dc6c0 JavaThread "AWT-EventQueue-0"                  [_thread_blocked, id=24544, stack(0x000000792d500000,0x000000792d600000) (1024K)]
  0x0000020d0643ce80 JavaThread "DestroyJavaVM"                     [_thread_blocked, id=24416, stack(0x000000792bc00000,0x000000792bd00000) (1024K)]
  0x0000020d6b27eb60 JavaThread "TimerQueue"                 daemon [_thread_blocked, id=24560, stack(0x000000792d900000,0x000000792da00000) (1024K)]
Total: 16

Other Threads:
  0x0000020d24599600 VMThread "VM Thread"                           [id=24444, stack(0x000000792c300000,0x000000792c400000) (1024K)]
  0x0000020d24580e40 WatcherThread "VM Periodic Task Thread"        [id=24440, stack(0x000000792c200000,0x000000792c300000) (1024K)]
  0x0000020d0859f460 WorkerThread "GC Thread#0"                     [id=24420, stack(0x000000792bd00000,0x000000792be00000) (1024K)]
  0x0000020d24af1400 WorkerThread "GC Thread#1"                     [id=24504, stack(0x000000792d200000,0x000000792d300000) (1024K)]
  0x0000020d24af17a0 WorkerThread "GC Thread#2"                     [id=24508, stack(0x000000792d300000,0x000000792d400000) (1024K)]
  0x0000020d24af1b40 WorkerThread "GC Thread#3"                     [id=24512, stack(0x000000792d400000,0x000000792d500000) (1024K)]
  0x0000020d085b08d0 ConcurrentGCThread "G1 Main Marker"            [id=24424, stack(0x000000792be00000,0x000000792bf00000) (1024K)]
  0x0000020d085b1c90 WorkerThread "G1 Conc#0"                       [id=24428, stack(0x000000792bf00000,0x000000792c000000) (1024K)]
  0x0000020d0861e3f0 ConcurrentGCThread "G1 Refine#0"               [id=24432, stack(0x000000792c000000,0x000000792c100000) (1024K)]
  0x0000020d244560d0 ConcurrentGCThread "G1 Service"                [id=24436, stack(0x000000792c100000,0x000000792c200000) (1024K)]
Total: 10

Threads with active compile tasks:
C2 CompilerThread0  1039313 1073       4       java.util.Arrays::binarySearch0 (95 bytes)
Total: 1

VM state: not at safepoint (normal execution)

VM Mutex/Monitor currently owned by a thread: None

Heap address: 0x0000000082200000, size: 2014 MB, Compressed Oops mode: 32-bit

CDS archive(s) mapped at: [0x0000020d25000000-0x0000020d25c90000-0x0000020d25c90000), size 13172736, SharedBaseAddress: 0x0000020d25000000, ArchiveRelocationMode: 1.
Compressed class space mapped at: 0x0000020d26000000-0x0000020d66000000, reserved size: 1073741824
Narrow klass base: 0x0000020d25000000, Narrow klass shift: 0, Narrow klass range: 0x100000000

GC Precious Log:
 CardTable entry size: 512
 Card Set container configuration: InlinePtr #cards 5 size 8 Array Of Cards #cards 12 size 40 Howl #buckets 4 coarsen threshold 1843 Howl Bitmap #cards 512 size 80 coarsen threshold 460 Card regions per heap region 1 cards per card region 2048
 CPUs: 4 total, 4 available
 Memory: 8054M
 Large Page Support: Disabled
 NUMA Support: Disabled
 Compressed Oops: Enabled (32-bit)
 Heap Region Size: 1M
 Heap Min Capacity: 8M
 Heap Initial Capacity: 126M
 Heap Max Capacity: 2014M
 Pre-touch: Disabled
 Parallel Workers: 4
 Concurrent Workers: 1
 Concurrent Refinement Workers: 4
 Periodic GC: Disabled

Heap:
 garbage-first heap   total 129024K, used 40701K [0x0000000082200000, 0x0000000100000000)
  region size 1024K, 33 young (33792K), 1 survivors (1024K)
 Metaspace       used 8425K, committed 8640K, reserved 1114112K
  class space    used 923K, committed 1024K, reserved 1048576K

Heap Regions: E=young(eden), S=young(survivor), O=old, HS=humongous(starts), HC=humongous(continues), CS=collection set, F=free, TAMS=top-at-mark-start, PB=parsable bottom
|   0|0x0000000082200000, 0x0000000082300000, 0x0000000082300000|100%|HS|  |TAMS 0x0000000082200000| PB 0x0000000082200000| Complete 
|   1|0x0000000082300000, 0x0000000082400000, 0x0000000082400000|100%|HC|  |TAMS 0x0000000082300000| PB 0x0000000082300000| Complete 
|   2|0x0000000082400000, 0x0000000082500000, 0x0000000082500000|100%|HC|  |TAMS 0x0000000082400000| PB 0x0000000082400000| Complete 
|   3|0x0000000082500000, 0x0000000082600000, 0x0000000082600000|100%|HC|  |TAMS 0x0000000082500000| PB 0x0000000082500000| Complete 
|   4|0x0000000082600000, 0x0000000082700000, 0x0000000082700000|100%| O|  |TAMS 0x0000000082600000| PB 0x0000000082600000| Untracked 
|   5|0x0000000082700000, 0x0000000082800000, 0x0000000082800000|100%| O|  |TAMS 0x0000000082700000| PB 0x0000000082700000| Untracked 
|   6|0x0000000082800000, 0x00000000828bde30, 0x0000000082900000| 74%| O|  |TAMS 0x0000000082800000| PB 0x0000000082800000| Untracked 
|   7|0x0000000082900000, 0x0000000082a00000, 0x0000000082a00000|100%|HS|  |TAMS 0x0000000082900000| PB 0x0000000082900000| Complete 
|   8|0x0000000082a00000, 0x0000000082b00000, 0x0000000082b00000|100%|HC|  |TAMS 0x0000000082a00000| PB 0x0000000082a00000| Complete 
|   9|0x0000000082b00000, 0x0000000082b00000, 0x0000000082c00000|  0%| F|  |TAMS 0x0000000082b00000| PB 0x0000000082b00000| Untracked 
|  10|0x0000000082c00000, 0x0000000082c00000, 0x0000000082d00000|  0%| F|  |TAMS 0x0000000082c00000| PB 0x0000000082c00000| Untracked 
|  11|0x0000000082d00000, 0x0000000082d00000, 0x0000000082e00000|  0%| F|  |TAMS 0x0000000082d00000| PB 0x0000000082d00000| Untracked 
|  12|0x0000000082e00000, 0x0000000082e00000, 0x0000000082f00000|  0%| F|  |TAMS 0x0000000082e00000| PB 0x0000000082e00000| Untracked 
|  13|0x0000000082f00000, 0x0000000082f00000, 0x0000000083000000|  0%| F|  |TAMS 0x0000000082f00000| PB 0x0000000082f00000| Untracked 
|  14|0x0000000083000000, 0x0000000083000000, 0x0000000083100000|  0%| F|  |TAMS 0x0000000083000000| PB 0x0000000083000000| Untracked 
|  15|0x0000000083100000, 0x0000000083100000, 0x0000000083200000|  0%| F|  |TAMS 0x0000000083100000| PB 0x0000000083100000| Untracked 
|  16|0x0000000083200000, 0x0000000083200000, 0x0000000083300000|  0%| F|  |TAMS 0x0000000083200000| PB 0x0000000083200000| Untracked 
|  17|0x0000000083300000, 0x0000000083300000, 0x0000000083400000|  0%| F|  |TAMS 0x0000000083300000| PB 0x0000000083300000| Untracked 
|  18|0x0000000083400000, 0x0000000083400000, 0x0000000083500000|  0%| F|  |TAMS 0x0000000083400000| PB 0x0000000083400000| Untracked 
|  19|0x0000000083500000, 0x0000000083500000, 0x0000000083600000|  0%| F|  |TAMS 0x0000000083500000| PB 0x0000000083500000| Untracked 
|  20|0x0000000083600000, 0x0000000083600000, 0x0000000083700000|  0%| F|  |TAMS 0x0000000083600000| PB 0x0000000083600000| Untracked 
|  21|0x0000000083700000, 0x0000000083700000, 0x0000000083800000|  0%| F|  |TAMS 0x0000000083700000| PB 0x0000000083700000| Untracked 
|  22|0x0000000083800000, 0x0000000083800000, 0x0000000083900000|  0%| F|  |TAMS 0x0000000083800000| PB 0x0000000083800000| Untracked 
|  23|0x0000000083900000, 0x0000000083900000, 0x0000000083a00000|  0%| F|  |TAMS 0x0000000083900000| PB 0x0000000083900000| Untracked 
|  24|0x0000000083a00000, 0x0000000083a00000, 0x0000000083b00000|  0%| F|  |TAMS 0x0000000083a00000| PB 0x0000000083a00000| Untracked 
|  25|0x0000000083b00000, 0x0000000083b00000, 0x0000000083c00000|  0%| F|  |TAMS 0x0000000083b00000| PB 0x0000000083b00000| Untracked 
|  26|0x0000000083c00000, 0x0000000083c00000, 0x0000000083d00000|  0%| F|  |TAMS 0x0000000083c00000| PB 0x0000000083c00000| Untracked 
|  27|0x0000000083d00000, 0x0000000083d00000, 0x0000000083e00000|  0%| F|  |TAMS 0x0000000083d00000| PB 0x0000000083d00000| Untracked 
|  28|0x0000000083e00000, 0x0000000083e00000, 0x0000000083f00000|  0%| F|  |TAMS 0x0000000083e00000| PB 0x0000000083e00000| Untracked 
|  29|0x0000000083f00000, 0x0000000083f00000, 0x0000000084000000|  0%| F|  |TAMS 0x0000000083f00000| PB 0x0000000083f00000| Untracked 
|  30|0x0000000084000000, 0x0000000084000000, 0x0000000084100000|  0%| F|  |TAMS 0x0000000084000000| PB 0x0000000084000000| Untracked 
|  31|0x0000000084100000, 0x0000000084100000, 0x0000000084200000|  0%| F|  |TAMS 0x0000000084100000| PB 0x0000000084100000| Untracked 
|  32|0x0000000084200000, 0x0000000084200000, 0x0000000084300000|  0%| F|  |TAMS 0x0000000084200000| PB 0x0000000084200000| Untracked 
|  33|0x0000000084300000, 0x0000000084300000, 0x0000000084400000|  0%| F|  |TAMS 0x0000000084300000| PB 0x0000000084300000| Untracked 
|  34|0x0000000084400000, 0x0000000084400000, 0x0000000084500000|  0%| F|  |TAMS 0x0000000084400000| PB 0x0000000084400000| Untracked 
|  35|0x0000000084500000, 0x0000000084500000, 0x0000000084600000|  0%| F|  |TAMS 0x0000000084500000| PB 0x0000000084500000| Untracked 
|  36|0x0000000084600000, 0x0000000084600000, 0x0000000084700000|  0%| F|  |TAMS 0x0000000084600000| PB 0x0000000084600000| Untracked 
|  37|0x0000000084700000, 0x0000000084700000, 0x0000000084800000|  0%| F|  |TAMS 0x0000000084700000| PB 0x0000000084700000| Untracked 
|  38|0x0000000084800000, 0x0000000084800000, 0x0000000084900000|  0%| F|  |TAMS 0x0000000084800000| PB 0x0000000084800000| Untracked 
|  39|0x0000000084900000, 0x0000000084900000, 0x0000000084a00000|  0%| F|  |TAMS 0x0000000084900000| PB 0x0000000084900000| Untracked 
|  40|0x0000000084a00000, 0x0000000084a00000, 0x0000000084b00000|  0%| F|  |TAMS 0x0000000084a00000| PB 0x0000000084a00000| Untracked 
|  41|0x0000000084b00000, 0x0000000084b00000, 0x0000000084c00000|  0%| F|  |TAMS 0x0000000084b00000| PB 0x0000000084b00000| Untracked 
|  42|0x0000000084c00000, 0x0000000084c00000, 0x0000000084d00000|  0%| F|  |TAMS 0x0000000084c00000| PB 0x0000000084c00000| Untracked 
|  43|0x0000000084d00000, 0x0000000084d00000, 0x0000000084e00000|  0%| F|  |TAMS 0x0000000084d00000| PB 0x0000000084d00000| Untracked 
|  44|0x0000000084e00000, 0x0000000084e00000, 0x0000000084f00000|  0%| F|  |TAMS 0x0000000084e00000| PB 0x0000000084e00000| Untracked 
|  45|0x0000000084f00000, 0x0000000084f00000, 0x0000000085000000|  0%| F|  |TAMS 0x0000000084f00000| PB 0x0000000084f00000| Untracked 
|  46|0x0000000085000000, 0x0000000085000000, 0x0000000085100000|  0%| F|  |TAMS 0x0000000085000000| PB 0x0000000085000000| Untracked 
|  47|0x0000000085100000, 0x0000000085100000, 0x0000000085200000|  0%| F|  |TAMS 0x0000000085100000| PB 0x0000000085100000| Untracked 
|  48|0x0000000085200000, 0x0000000085200000, 0x0000000085300000|  0%| F|  |TAMS 0x0000000085200000| PB 0x0000000085200000| Untracked 
|  49|0x0000000085300000, 0x0000000085300000, 0x0000000085400000|  0%| F|  |TAMS 0x0000000085300000| PB 0x0000000085300000| Untracked 
|  50|0x0000000085400000, 0x0000000085400000, 0x0000000085500000|  0%| F|  |TAMS 0x0000000085400000| PB 0x0000000085400000| Untracked 
|  51|0x0000000085500000, 0x0000000085501830, 0x0000000085600000|  0%| S|CS|TAMS 0x0000000085500000| PB 0x0000000085500000| Complete 
|  52|0x0000000085600000, 0x0000000085600000, 0x0000000085700000|  0%| F|  |TAMS 0x0000000085600000| PB 0x0000000085600000| Untracked 
|  53|0x0000000085700000, 0x0000000085700000, 0x0000000085800000|  0%| F|  |TAMS 0x0000000085700000| PB 0x0000000085700000| Untracked 
|  54|0x0000000085800000, 0x0000000085800000, 0x0000000085900000|  0%| F|  |TAMS 0x0000000085800000| PB 0x0000000085800000| Untracked 
|  55|0x0000000085900000, 0x0000000085900000, 0x0000000085a00000|  0%| F|  |TAMS 0x0000000085900000| PB 0x0000000085900000| Untracked 
|  56|0x0000000085a00000, 0x0000000085a00000, 0x0000000085b00000|  0%| F|  |TAMS 0x0000000085a00000| PB 0x0000000085a00000| Untracked 
|  57|0x0000000085b00000, 0x0000000085b00000, 0x0000000085c00000|  0%| F|  |TAMS 0x0000000085b00000| PB 0x0000000085b00000| Untracked 
|  58|0x0000000085c00000, 0x0000000085c00000, 0x0000000085d00000|  0%| F|  |TAMS 0x0000000085c00000| PB 0x0000000085c00000| Untracked 
|  59|0x0000000085d00000, 0x0000000085d00000, 0x0000000085e00000|  0%| F|  |TAMS 0x0000000085d00000| PB 0x0000000085d00000| Untracked 
|  60|0x0000000085e00000, 0x0000000085e00000, 0x0000000085f00000|  0%| F|  |TAMS 0x0000000085e00000| PB 0x0000000085e00000| Untracked 
|  61|0x0000000085f00000, 0x0000000085f00000, 0x0000000086000000|  0%| F|  |TAMS 0x0000000085f00000| PB 0x0000000085f00000| Untracked 
|  62|0x0000000086000000, 0x0000000086000000, 0x0000000086100000|  0%| F|  |TAMS 0x0000000086000000| PB 0x0000000086000000| Untracked 
|  63|0x0000000086100000, 0x0000000086100000, 0x0000000086200000|  0%| F|  |TAMS 0x0000000086100000| PB 0x0000000086100000| Untracked 
|  64|0x0000000086200000, 0x0000000086200000, 0x0000000086300000|  0%| F|  |TAMS 0x0000000086200000| PB 0x0000000086200000| Untracked 
|  65|0x0000000086300000, 0x0000000086300000, 0x0000000086400000|  0%| F|  |TAMS 0x0000000086300000| PB 0x0000000086300000| Untracked 
|  66|0x0000000086400000, 0x0000000086400000, 0x0000000086500000|  0%| F|  |TAMS 0x0000000086400000| PB 0x0000000086400000| Untracked 
|  67|0x0000000086500000, 0x0000000086500000, 0x0000000086600000|  0%| F|  |TAMS 0x0000000086500000| PB 0x0000000086500000| Untracked 
|  68|0x0000000086600000, 0x0000000086600000, 0x0000000086700000|  0%| F|  |TAMS 0x0000000086600000| PB 0x0000000086600000| Untracked 
|  69|0x0000000086700000, 0x0000000086700000, 0x0000000086800000|  0%| F|  |TAMS 0x0000000086700000| PB 0x0000000086700000| Untracked 
|  70|0x0000000086800000, 0x0000000086800000, 0x0000000086900000|  0%| F|  |TAMS 0x0000000086800000| PB 0x0000000086800000| Untracked 
|  71|0x0000000086900000, 0x0000000086900000, 0x0000000086a00000|  0%| F|  |TAMS 0x0000000086900000| PB 0x0000000086900000| Untracked 
|  72|0x0000000086a00000, 0x0000000086a00000, 0x0000000086b00000|  0%| F|  |TAMS 0x0000000086a00000| PB 0x0000000086a00000| Untracked 
|  73|0x0000000086b00000, 0x0000000086b00000, 0x0000000086c00000|  0%| F|  |TAMS 0x0000000086b00000| PB 0x0000000086b00000| Untracked 
|  74|0x0000000086c00000, 0x0000000086c00000, 0x0000000086d00000|  0%| F|  |TAMS 0x0000000086c00000| PB 0x0000000086c00000| Untracked 
|  75|0x0000000086d00000, 0x0000000086d00000, 0x0000000086e00000|  0%| F|  |TAMS 0x0000000086d00000| PB 0x0000000086d00000| Untracked 
|  76|0x0000000086e00000, 0x0000000086e00000, 0x0000000086f00000|  0%| F|  |TAMS 0x0000000086e00000| PB 0x0000000086e00000| Untracked 
|  77|0x0000000086f00000, 0x0000000086f00000, 0x0000000087000000|  0%| F|  |TAMS 0x0000000086f00000| PB 0x0000000086f00000| Untracked 
|  78|0x0000000087000000, 0x0000000087000000, 0x0000000087100000|  0%| F|  |TAMS 0x0000000087000000| PB 0x0000000087000000| Untracked 
|  79|0x0000000087100000, 0x0000000087100000, 0x0000000087200000|  0%| F|  |TAMS 0x0000000087100000| PB 0x0000000087100000| Untracked 
|  80|0x0000000087200000, 0x0000000087200000, 0x0000000087300000|  0%| F|  |TAMS 0x0000000087200000| PB 0x0000000087200000| Untracked 
|  81|0x0000000087300000, 0x0000000087300000, 0x0000000087400000|  0%| F|  |TAMS 0x0000000087300000| PB 0x0000000087300000| Untracked 
|  82|0x0000000087400000, 0x0000000087400000, 0x0000000087500000|  0%| F|  |TAMS 0x0000000087400000| PB 0x0000000087400000| Untracked 
|  83|0x0000000087500000, 0x0000000087500000, 0x0000000087600000|  0%| F|  |TAMS 0x0000000087500000| PB 0x0000000087500000| Untracked 
|  84|0x0000000087600000, 0x0000000087600000, 0x0000000087700000|  0%| F|  |TAMS 0x0000000087600000| PB 0x0000000087600000| Untracked 
|  85|0x0000000087700000, 0x0000000087700000, 0x0000000087800000|  0%| F|  |TAMS 0x0000000087700000| PB 0x0000000087700000| Untracked 
|  86|0x0000000087800000, 0x0000000087800000, 0x0000000087900000|  0%| F|  |TAMS 0x0000000087800000| PB 0x0000000087800000| Untracked 
|  87|0x0000000087900000, 0x0000000087900000, 0x0000000087a00000|  0%| F|  |TAMS 0x0000000087900000| PB 0x0000000087900000| Untracked 
|  88|0x0000000087a00000, 0x0000000087a00000, 0x0000000087b00000|  0%| F|  |TAMS 0x0000000087a00000| PB 0x0000000087a00000| Untracked 
|  89|0x0000000087b00000, 0x0000000087b00000, 0x0000000087c00000|  0%| F|  |TAMS 0x0000000087b00000| PB 0x0000000087b00000| Untracked 
|  90|0x0000000087c00000, 0x0000000087c00000, 0x0000000087d00000|  0%| F|  |TAMS 0x0000000087c00000| PB 0x0000000087c00000| Untracked 
|  91|0x0000000087d00000, 0x0000000087d00000, 0x0000000087e00000|  0%| F|  |TAMS 0x0000000087d00000| PB 0x0000000087d00000| Untracked 
|  92|0x0000000087e00000, 0x0000000087e00000, 0x0000000087f00000|  0%| F|  |TAMS 0x0000000087e00000| PB 0x0000000087e00000| Untracked 
|  93|0x0000000087f00000, 0x0000000087f00000, 0x0000000088000000|  0%| F|  |TAMS 0x0000000087f00000| PB 0x0000000087f00000| Untracked 
|  94|0x0000000088000000, 0x0000000088000800, 0x0000000088100000|  0%| E|  |TAMS 0x0000000088000000| PB 0x0000000088000000| Complete 
|  95|0x0000000088100000, 0x0000000088200000, 0x0000000088200000|100%| E|CS|TAMS 0x0000000088100000| PB 0x0000000088100000| Complete 
|  96|0x0000000088200000, 0x0000000088300000, 0x0000000088300000|100%| E|CS|TAMS 0x0000000088200000| PB 0x0000000088200000| Complete 
|  97|0x0000000088300000, 0x0000000088400000, 0x0000000088400000|100%| E|CS|TAMS 0x0000000088300000| PB 0x0000000088300000| Complete 
|  98|0x0000000088400000, 0x0000000088500000, 0x0000000088500000|100%| E|CS|TAMS 0x0000000088400000| PB 0x0000000088400000| Complete 
|  99|0x0000000088500000, 0x0000000088600000, 0x0000000088600000|100%| E|CS|TAMS 0x0000000088500000| PB 0x0000000088500000| Complete 
| 100|0x0000000088600000, 0x0000000088700000, 0x0000000088700000|100%| E|CS|TAMS 0x0000000088600000| PB 0x0000000088600000| Complete 
| 101|0x0000000088700000, 0x0000000088800000, 0x0000000088800000|100%| E|CS|TAMS 0x0000000088700000| PB 0x0000000088700000| Complete 
| 102|0x0000000088800000, 0x0000000088900000, 0x0000000088900000|100%| E|CS|TAMS 0x0000000088800000| PB 0x0000000088800000| Complete 
| 103|0x0000000088900000, 0x0000000088a00000, 0x0000000088a00000|100%| E|CS|TAMS 0x0000000088900000| PB 0x0000000088900000| Complete 
| 104|0x0000000088a00000, 0x0000000088b00000, 0x0000000088b00000|100%| E|CS|TAMS 0x0000000088a00000| PB 0x0000000088a00000| Complete 
| 105|0x0000000088b00000, 0x0000000088c00000, 0x0000000088c00000|100%| E|CS|TAMS 0x0000000088b00000| PB 0x0000000088b00000| Complete 
| 106|0x0000000088c00000, 0x0000000088d00000, 0x0000000088d00000|100%| E|CS|TAMS 0x0000000088c00000| PB 0x0000000088c00000| Complete 
| 107|0x0000000088d00000, 0x0000000088e00000, 0x0000000088e00000|100%| E|CS|TAMS 0x0000000088d00000| PB 0x0000000088d00000| Complete 
| 108|0x0000000088e00000, 0x0000000088f00000, 0x0000000088f00000|100%| E|CS|TAMS 0x0000000088e00000| PB 0x0000000088e00000| Complete 
| 109|0x0000000088f00000, 0x0000000089000000, 0x0000000089000000|100%| E|CS|TAMS 0x0000000088f00000| PB 0x0000000088f00000| Complete 
| 110|0x0000000089000000, 0x0000000089100000, 0x0000000089100000|100%| E|CS|TAMS 0x0000000089000000| PB 0x0000000089000000| Complete 
| 111|0x0000000089100000, 0x0000000089200000, 0x0000000089200000|100%| E|CS|TAMS 0x0000000089100000| PB 0x0000000089100000| Complete 
| 112|0x0000000089200000, 0x0000000089300000, 0x0000000089300000|100%| E|CS|TAMS 0x0000000089200000| PB 0x0000000089200000| Complete 
| 113|0x0000000089300000, 0x0000000089400000, 0x0000000089400000|100%| E|CS|TAMS 0x0000000089300000| PB 0x0000000089300000| Complete 
| 114|0x0000000089400000, 0x0000000089500000, 0x0000000089500000|100%| E|CS|TAMS 0x0000000089400000| PB 0x0000000089400000| Complete 
| 115|0x0000000089500000, 0x0000000089600000, 0x0000000089600000|100%| E|CS|TAMS 0x0000000089500000| PB 0x0000000089500000| Complete 
| 116|0x0000000089600000, 0x0000000089700000, 0x0000000089700000|100%| E|CS|TAMS 0x0000000089600000| PB 0x0000000089600000| Complete 
| 117|0x0000000089700000, 0x0000000089800000, 0x0000000089800000|100%| E|CS|TAMS 0x0000000089700000| PB 0x0000000089700000| Complete 
| 118|0x0000000089800000, 0x0000000089900000, 0x0000000089900000|100%| E|CS|TAMS 0x0000000089800000| PB 0x0000000089800000| Complete 
| 119|0x0000000089900000, 0x0000000089a00000, 0x0000000089a00000|100%| E|CS|TAMS 0x0000000089900000| PB 0x0000000089900000| Complete 
| 120|0x0000000089a00000, 0x0000000089b00000, 0x0000000089b00000|100%| E|CS|TAMS 0x0000000089a00000| PB 0x0000000089a00000| Complete 
| 121|0x0000000089b00000, 0x0000000089c00000, 0x0000000089c00000|100%| E|CS|TAMS 0x0000000089b00000| PB 0x0000000089b00000| Complete 
| 122|0x0000000089c00000, 0x0000000089d00000, 0x0000000089d00000|100%| E|CS|TAMS 0x0000000089c00000| PB 0x0000000089c00000| Complete 
| 123|0x0000000089d00000, 0x0000000089e00000, 0x0000000089e00000|100%| E|CS|TAMS 0x0000000089d00000| PB 0x0000000089d00000| Complete 
| 124|0x0000000089e00000, 0x0000000089f00000, 0x0000000089f00000|100%| E|CS|TAMS 0x0000000089e00000| PB 0x0000000089e00000| Complete 
| 125|0x0000000089f00000, 0x000000008a000000, 0x000000008a000000|100%| E|CS|TAMS 0x0000000089f00000| PB 0x0000000089f00000| Complete 

Card table byte_map: [0x0000020d1fda0000,0x0000020d20190000] _byte_map_base: 0x0000020d1f98f000

Marking Bits: (CMBitMap*) 0x0000020d0859fa70
 Bits: [0x0000020d20190000, 0x0000020d22108000)

Polling page: 0x0000020d06540000

Metaspace:

Usage:
  Non-class:      7.33 MB used.
      Class:    923.49 KB used.
       Both:      8.23 MB used.

Virtual space:
  Non-class space:       64.00 MB reserved,       7.44 MB ( 12%) committed,  1 nodes.
      Class space:        1.00 GB reserved,       1.00 MB ( <1%) committed,  1 nodes.
             Both:        1.06 GB reserved,       8.44 MB ( <1%) committed. 

Chunk freelists:
   Non-Class:  8.48 MB
       Class:  15.04 MB
        Both:  23.52 MB

MaxMetaspaceSize: unlimited
CompressedClassSpaceSize: 1.00 GB
Initial GC threshold: 21.00 MB
Current GC threshold: 21.00 MB
CDS: on
 - commit_granule_bytes: 65536.
 - commit_granule_words: 8192.
 - virtual_space_node_default_size: 8388608.
 - enlarge_chunks_in_place: 1.
 - use_allocation_guard: 0.


Internal statistics:

num_allocs_failed_limit: 0.
num_arena_births: 152.
num_arena_deaths: 0.
num_vsnodes_births: 2.
num_vsnodes_deaths: 0.
num_space_committed: 135.
num_space_uncommitted: 0.
num_chunks_returned_to_freelist: 0.
num_chunks_taken_from_freelist: 191.
num_chunk_merges: 0.
num_chunk_splits: 112.
num_chunks_enlarged: 42.
num_inconsistent_stats: 0.

CodeHeap 'non-profiled nmethods': size=120000Kb used=401Kb max_used=401Kb free=119598Kb
 bounds [0x0000020d18480000, 0x0000020d186f0000, 0x0000020d1f9b0000]
CodeHeap 'profiled nmethods': size=120000Kb used=1801Kb max_used=1801Kb free=118199Kb
 bounds [0x0000020d109b0000, 0x0000020d10c20000, 0x0000020d17ee0000]
CodeHeap 'non-nmethods': size=5760Kb used=1563Kb max_used=1601Kb free=4196Kb
 bounds [0x0000020d17ee0000, 0x0000020d18150000, 0x0000020d18480000]
 total_blobs=1705 nmethods=1073 adapters=537
 compilation: enabled
              stopped_count=0, restarted_count=0
 full_count=0

Compilation events (20 events):
Event: 5.252 Thread 0x0000020d245d1bd0 1062       4       java.util.concurrent.locks.ReentrantLock::lock (8 bytes)
Event: 5.261 Thread 0x0000020d245d1bd0 nmethod 1062 0x0000020d184e3e90 code [0x0000020d184e4040, 0x0000020d184e4320]
Event: 5.622 Thread 0x0000020d245d79a0 1065       3       java.lang.Math::ceil (5 bytes)
Event: 5.622 Thread 0x0000020d245d79a0 nmethod 1065 0x0000020d10b6fb10 code [0x0000020d10b6fcc0, 0x0000020d10b6fdd8]
Event: 5.622 Thread 0x0000020d245d79a0 1067       3       java.awt.geom.Rectangle2D::<init> (5 bytes)
Event: 5.622 Thread 0x0000020d245d79a0 nmethod 1067 0x0000020d10b6fe90 code [0x0000020d10b70040, 0x0000020d10b70208]
Event: 5.622 Thread 0x0000020d245d79a0 1068       3       java.awt.geom.RectangularShape::<init> (5 bytes)
Event: 5.622 Thread 0x0000020d245d79a0 nmethod 1068 0x0000020d10b70310 code [0x0000020d10b704c0, 0x0000020d10b70628]
Event: 5.622 Thread 0x0000020d245d79a0 1069       3       java.awt.Rectangle::<init> (26 bytes)
Event: 5.622 Thread 0x0000020d245d79a0 nmethod 1069 0x0000020d10b70710 code [0x0000020d10b708c0, 0x0000020d10b70af0]
Event: 5.622 Thread 0x0000020d245d79a0 1066       3       java.lang.StrictMath::ceil (10 bytes)
Event: 5.623 Thread 0x0000020d245d79a0 nmethod 1066 0x0000020d10b70c10 code [0x0000020d10b70de0, 0x0000020d10b70f10]
Event: 6.129 Thread 0x0000020d245d79a0 1070       3       sun.java2d.pipe.Region::dimAdd (20 bytes)
Event: 6.130 Thread 0x0000020d245d79a0 nmethod 1070 0x0000020d10b70f90 code [0x0000020d10b71140, 0x0000020d10b71300]
Event: 6.291 Thread 0x0000020d245d79a0 1071       3       java.awt.Component::isVisible (5 bytes)
Event: 6.291 Thread 0x0000020d245d79a0 nmethod 1071 0x0000020d10b71390 code [0x0000020d10b71520, 0x0000020d10b71648]
Event: 1039.160 Thread 0x0000020d245d79a0 1072       3       sun.awt.EventQueueItem::<init> (10 bytes)
Event: 1039.160 Thread 0x0000020d245d79a0 nmethod 1072 0x0000020d10b71710 code [0x0000020d10b718c0, 0x0000020d10b71a78]
Event: 1039.164 Thread 0x0000020d245d1bd0 1073       4       java.util.Arrays::binarySearch0 (95 bytes)
Event: 1039.165 Thread 0x0000020d245d79a0 1074   !   3       java.awt.Component::firePropertyChange (59 bytes)

GC Heap History (12 events):
Event: 0.691 GC heap before
{Heap before GC invocations=0 (full 0):
 garbage-first heap   total 129024K, used 17408K [0x0000000082200000, 0x0000000100000000)
  region size 1024K, 13 young (13312K), 0 survivors (0K)
 Metaspace       used 6158K, committed 6336K, reserved 1114112K
  class space    used 669K, committed 768K, reserved 1048576K
}
Event: 0.696 GC heap after
{Heap after GC invocations=1 (full 0):
 garbage-first heap   total 129024K, used 6779K [0x0000000082200000, 0x0000000100000000)
  region size 1024K, 2 young (2048K), 2 survivors (2048K)
 Metaspace       used 6158K, committed 6336K, reserved 1114112K
  class space    used 669K, committed 768K, reserved 1048576K
}
Event: 0.762 GC heap before
{Heap before GC invocations=1 (full 0):
 garbage-first heap   total 129024K, used 25211K [0x0000000082200000, 0x0000000100000000)
  region size 1024K, 20 young (20480K), 2 survivors (2048K)
 Metaspace       used 6160K, committed 6336K, reserved 1114112K
  class space    used 669K, committed 768K, reserved 1048576K
}
Event: 0.765 GC heap after
{Heap after GC invocations=2 (full 0):
 garbage-first heap   total 129024K, used 7091K [0x0000000082200000, 0x0000000100000000)
  region size 1024K, 1 young (1024K), 1 survivors (1024K)
 Metaspace       used 6160K, committed 6336K, reserved 1114112K
  class space    used 669K, committed 768K, reserved 1048576K
}
Event: 1.043 GC heap before
{Heap before GC invocations=2 (full 0):
 garbage-first heap   total 129024K, used 82867K [0x0000000082200000, 0x0000000100000000)
  region size 1024K, 75 young (76800K), 1 survivors (1024K)
 Metaspace       used 6173K, committed 6336K, reserved 1114112K
  class space    used 669K, committed 768K, reserved 1048576K
}
Event: 1.044 GC heap after
{Heap after GC invocations=3 (full 0):
 garbage-first heap   total 129024K, used 6973K [0x0000000082200000, 0x0000000100000000)
  region size 1024K, 1 young (1024K), 1 survivors (1024K)
 Metaspace       used 6173K, committed 6336K, reserved 1114112K
  class space    used 669K, committed 768K, reserved 1048576K
}
Event: 1.294 GC heap before
{Heap before GC invocations=3 (full 0):
 garbage-first heap   total 129024K, used 82749K [0x0000000082200000, 0x0000000100000000)
  region size 1024K, 75 young (76800K), 1 survivors (1024K)
 Metaspace       used 6173K, committed 6336K, reserved 1114112K
  class space    used 669K, committed 768K, reserved 1048576K
}
Event: 1.295 GC heap after
{Heap after GC invocations=4 (full 0):
 garbage-first heap   total 129024K, used 6921K [0x0000000082200000, 0x0000000100000000)
  region size 1024K, 1 young (1024K), 1 survivors (1024K)
 Metaspace       used 6173K, committed 6336K, reserved 1114112K
  class space    used 669K, committed 768K, reserved 1048576K
}
Event: 1.504 GC heap before
{Heap before GC invocations=4 (full 0):
 garbage-first heap   total 129024K, used 82697K [0x0000000082200000, 0x0000000100000000)
  region size 1024K, 75 young (76800K), 1 survivors (1024K)
 Metaspace       used 6182K, committed 6336K, reserved 1114112K
  class space    used 670K, committed 768K, reserved 1048576K
}
Event: 1.504 GC heap after
{Heap after GC invocations=5 (full 0):
 garbage-first heap   total 129024K, used 6909K [0x0000000082200000, 0x0000000100000000)
  region size 1024K, 1 young (1024K), 1 survivors (1024K)
 Metaspace       used 6182K, committed 6336K, reserved 1114112K
  class space    used 670K, committed 768K, reserved 1048576K
}
Event: 1.687 GC heap before
{Heap before GC invocations=5 (full 0):
 garbage-first heap   total 129024K, used 82685K [0x0000000082200000, 0x0000000100000000)
  region size 1024K, 75 young (76800K), 1 survivors (1024K)
 Metaspace       used 6183K, committed 6336K, reserved 1114112K
  class space    used 670K, committed 768K, reserved 1048576K
}
Event: 1.687 GC heap after
{Heap after GC invocations=6 (full 0):
 garbage-first heap   total 129024K, used 6909K [0x0000000082200000, 0x0000000100000000)
  region size 1024K, 1 young (1024K), 1 survivors (1024K)
 Metaspace       used 6183K, committed 6336K, reserved 1114112K
  class space    used 670K, committed 768K, reserved 1048576K
}

Dll operation events (9 events):
Event: 0.011 Loaded shared library C:\Program Files\Java\jdk-21\bin\java.dll
Event: 0.151 Loaded shared library C:\Program Files\Java\jdk-21\bin\jsvml.dll
Event: 0.208 Loaded shared library C:\Program Files\Java\jdk-21\bin\net.dll
Event: 0.209 Loaded shared library C:\Program Files\Java\jdk-21\bin\nio.dll
Event: 0.238 Loaded shared library C:\Program Files\Java\jdk-21\bin\zip.dll
Event: 0.258 Loaded shared library C:\Program Files\Java\jdk-21\bin\jimage.dll
Event: 0.286 Loaded shared library C:\Program Files\Java\jdk-21\bin\awt.dll
Event: 1.861 Loaded shared library C:\Program Files\Java\jdk-21\bin\freetype.dll
Event: 1.864 Loaded shared library C:\Program Files\Java\jdk-21\bin\fontmanager.dll

Deoptimization events (20 events):
Event: 1.773 Thread 0x0000020d24a9d830 DEOPT PACKING pc=0x0000020d10b191d8 sp=0x000000792d1fee80
Event: 1.773 Thread 0x0000020d24a9d830 DEOPT UNPACKING pc=0x0000020d17f34e42 sp=0x000000792d1fe3b8 mode 0
Event: 1.777 Thread 0x0000020d24a9d830 DEOPT PACKING pc=0x0000020d10b191d8 sp=0x000000792d1fee80
Event: 1.777 Thread 0x0000020d24a9d830 DEOPT UNPACKING pc=0x0000020d17f34e42 sp=0x000000792d1fe3b8 mode 0
Event: 1.781 Thread 0x0000020d24a9d830 DEOPT PACKING pc=0x0000020d10b191d8 sp=0x000000792d1fee80
Event: 1.781 Thread 0x0000020d24a9d830 DEOPT UNPACKING pc=0x0000020d17f34e42 sp=0x000000792d1fe3b8 mode 0
Event: 1.785 Thread 0x0000020d24a9d830 DEOPT PACKING pc=0x0000020d10b191d8 sp=0x000000792d1fee80
Event: 1.785 Thread 0x0000020d24a9d830 DEOPT UNPACKING pc=0x0000020d17f34e42 sp=0x000000792d1fe3b8 mode 0
Event: 1.788 Thread 0x0000020d24a9d830 DEOPT PACKING pc=0x0000020d10b191d8 sp=0x000000792d1fee80
Event: 1.788 Thread 0x0000020d24a9d830 DEOPT UNPACKING pc=0x0000020d17f34e42 sp=0x000000792d1fe3b8 mode 0
Event: 1.792 Thread 0x0000020d24a9d830 DEOPT PACKING pc=0x0000020d10b191d8 sp=0x000000792d1fee80
Event: 1.792 Thread 0x0000020d24a9d830 DEOPT UNPACKING pc=0x0000020d17f34e42 sp=0x000000792d1fe3b8 mode 0
Event: 1.796 Thread 0x0000020d24a9d830 DEOPT PACKING pc=0x0000020d10b191d8 sp=0x000000792d1fee80
Event: 1.796 Thread 0x0000020d24a9d830 DEOPT UNPACKING pc=0x0000020d17f34e42 sp=0x000000792d1fe3b8 mode 0
Event: 1.801 Thread 0x0000020d24a9d830 DEOPT PACKING pc=0x0000020d10b191d8 sp=0x000000792d1fee80
Event: 1.801 Thread 0x0000020d24a9d830 DEOPT UNPACKING pc=0x0000020d17f34e42 sp=0x000000792d1fe3b8 mode 0
Event: 1.818 Thread 0x0000020d24a29f10 Uncommon trap: trap_request=0xffffff45 fr.pc=0x0000020d184c7674 relative=0x00000000000000d4
Event: 1.818 Thread 0x0000020d24a29f10 Uncommon trap: reason=unstable_if action=reinterpret pc=0x0000020d184c7674 method=java.util.concurrent.locks.ReentrantLock$Sync.tryRelease(I)Z @ 26 c2
Event: 1.818 Thread 0x0000020d24a29f10 DEOPT PACKING pc=0x0000020d184c7674 sp=0x000000792d0fdb20
Event: 1.818 Thread 0x0000020d24a29f10 DEOPT UNPACKING pc=0x0000020d17f346a2 sp=0x000000792d0fdac0 mode 2

Classes loaded (20 events):
Event: 2.076 Loading class java/awt/Toolkit$SelectiveAWTEventListener
Event: 2.077 Loading class java/awt/Toolkit$SelectiveAWTEventListener done
Event: 2.077 Loading class java/awt/Toolkit$ToolkitEventMulticaster
Event: 2.077 Loading class java/awt/Toolkit$ToolkitEventMulticaster done
Event: 2.077 Loading class java/awt/event/MouseWheelEvent
Event: 2.077 Loading class java/awt/event/MouseWheelEvent done
Event: 2.577 Loading class javax/swing/Timer$1
Event: 2.577 Loading class javax/swing/Timer$1 done
Event: 5.262 Loading class java/awt/LightweightDispatcher$2
Event: 5.262 Loading class java/awt/LightweightDispatcher$2 done
Event: 6.270 Loading class java/awt/KeyboardFocusManager$2
Event: 6.270 Loading class java/awt/KeyboardFocusManager$2 done
Event: 6.271 Loading class sun/awt/SunToolkit$1
Event: 6.271 Loading class sun/awt/SunToolkit$1 done
Event: 1039.159 Loading class java/util/WeakHashMap$KeyIterator
Event: 1039.160 Loading class java/util/WeakHashMap$HashIterator
Event: 1039.160 Loading class java/util/WeakHashMap$HashIterator done
Event: 1039.160 Loading class java/util/WeakHashMap$KeyIterator done
Event: 1039.160 Loading class javax/swing/RepaintManager$DisplayChangedRunnable
Event: 1039.160 Loading class javax/swing/RepaintManager$DisplayChangedRunnable done

Classes unloaded (0 events):
No events

Classes redefined (0 events):
No events

Internal exceptions (14 events):
Event: 0.210 Thread 0x0000020d0643ce80 Exception <a 'sun/nio/fs/WindowsException'{0x0000000089e77b60}> (0x0000000089e77b60) 
thrown [s\open\src\hotspot\share\prims\jni.cpp, line 520]
Event: 0.212 Thread 0x0000020d0643ce80 Exception <a 'sun/nio/fs/WindowsException'{0x0000000089e7a168}> (0x0000000089e7a168) 
thrown [s\open\src\hotspot\share\prims\jni.cpp, line 520]
Event: 0.266 Thread 0x0000020d0643ce80 Exception <a 'java/lang/ClassNotFoundException'{0x0000000089d88548}: sun/awt/resources/spi/awtProvider> (0x0000000089d88548) 
thrown [s\open\src\hotspot\share\classfile\systemDictionary.cpp, line 312]
Event: 0.312 Thread 0x0000020d0643ce80 Exception <a 'java/io/FileNotFoundException'{0x0000000089ddd818}> (0x0000000089ddd818) 
thrown [s\open\src\hotspot\share\prims\jni.cpp, line 520]
Event: 0.325 Thread 0x0000020d0643ce80 Exception <a 'java/io/FileNotFoundException'{0x0000000089c07d70}> (0x0000000089c07d70) 
thrown [s\open\src\hotspot\share\prims\jni.cpp, line 520]
Event: 0.465 Thread 0x0000020d0643ce80 Exception <a 'java/lang/NoSuchMethodError'{0x0000000089b15070}: 'void java.lang.invoke.DirectMethodHandle$Holder.invokeSpecial(java.lang.Object, java.lang.Object, java.lang.Object)'> (0x0000000089b15070) 
thrown [s\open\src\hotspot\share\interpreter\linkResolver.cpp, line 773]
Event: 0.475 Thread 0x0000020d0643ce80 Exception <a 'java/lang/NoSuchMethodError'{0x0000000089b3aa38}: 'java.lang.Object java.lang.invoke.DirectMethodHandle$Holder.newInvokeSpecial(java.lang.Object, java.lang.Object, java.lang.Object, java.lang.Object, java.lang.Object)'> (0x0000000089b3aa38) 
thrown [s\open\src\hotspot\share\interpreter\linkResolver.cpp, line 773]
Event: 0.483 Thread 0x0000020d0643ce80 Exception <a 'java/lang/NoSuchMethodError'{0x0000000089b66b98}: 'java.lang.Object java.lang.invoke.DirectMethodHandle$Holder.invokeStatic(java.lang.Object, int, java.lang.Object)'> (0x0000000089b66b98) 
thrown [s\open\src\hotspot\share\interpreter\linkResolver.cpp, line 773]
Event: 0.513 Thread 0x0000020d0643ce80 Exception <a 'java/lang/ClassNotFoundException'{0x0000000089a06bd8}: com/sun/swing/internal/plaf/metal/resources/spi/metalProvider> (0x0000000089a06bd8) 
thrown [s\open\src\hotspot\share\classfile\systemDictionary.cpp, line 312]
Event: 0.514 Thread 0x0000020d0643ce80 Exception <a 'java/lang/ClassNotFoundException'{0x0000000089a0ab38}: com/sun/swing/internal/plaf/basic/resources/spi/basicProvider> (0x0000000089a0ab38) 
thrown [s\open\src\hotspot\share\classfile\systemDictionary.cpp, line 312]
Event: 0.526 Thread 0x0000020d0643ce80 Exception <a 'java/lang/NoSuchMethodError'{0x0000000089a29cb8}: 'int java.lang.invoke.Invokers$Holder.invokeExact_MT(java.lang.Object, java.lang.Object)'> (0x0000000089a29cb8) 
thrown [s\open\src\hotspot\share\interpreter\linkResolver.cpp, line 773]
Event: 0.655 Thread 0x0000020d24a9d830 Exception <a 'java/lang/NoSuchMethodError'{0x0000000089834a30}: 'java.lang.Object java.lang.invoke.DirectMethodHandle$Holder.newInvokeSpecial(java.lang.Object, java.lang.Object, java.lang.Object, int, int, int, int, int)'> (0x0000000089834a30) 
thrown [s\open\src\hotspot\share\interpreter\linkResolver.cpp, line 773]
Event: 1.853 Thread 0x0000020d0643ce80 Exception <a 'java/lang/NoSuchMethodError'{0x000000008839c470}: 'void java.lang.invoke.DirectMethodHandle$Holder.invokeStaticInit(java.lang.Object)'> (0x000000008839c470) 
thrown [s\open\src\hotspot\share\interpreter\linkResolver.cpp, line 773]
Event: 1.956 Thread 0x0000020d24a29f10 Exception <a 'java/lang/NoSuchMethodError'{0x0000000088204e00}: 'void java.lang.invoke.DirectMethodHandle$Holder.invokeVirtual(java.lang.Object, java.lang.Object)'> (0x0000000088204e00) 
thrown [s\open\src\hotspot\share\interpreter\linkResolver.cpp, line 773]

ZGC Phase Switch (0 events):
No events

VM Operations (20 events):
Event: 1.294 Executing VM operation: G1CollectForAllocation (G1 Evacuation Pause)
Event: 1.295 Executing VM operation: G1CollectForAllocation (G1 Evacuation Pause) done
Event: 1.504 Executing VM operation: G1CollectForAllocation (G1 Evacuation Pause)
Event: 1.504 Executing VM operation: G1CollectForAllocation (G1 Evacuation Pause) done
Event: 1.686 Executing VM operation: G1CollectForAllocation (G1 Evacuation Pause)
Event: 1.687 Executing VM operation: G1CollectForAllocation (G1 Evacuation Pause) done
Event: 1.750 Executing VM operation: HandshakeAllThreads (Deoptimize)
Event: 1.750 Executing VM operation: HandshakeAllThreads (Deoptimize) done
Event: 1.979 Executing VM operation: HandshakeAllThreads (Deoptimize)
Event: 1.979 Executing VM operation: HandshakeAllThreads (Deoptimize) done
Event: 2.986 Executing VM operation: Cleanup
Event: 2.986 Executing VM operation: Cleanup done
Event: 5.005 Executing VM operation: Cleanup
Event: 5.005 Executing VM operation: Cleanup done
Event: 6.017 Executing VM operation: Cleanup
Event: 6.017 Executing VM operation: Cleanup done
Event: 60.042 Executing VM operation: HandshakeAllThreads (HandshakeForDeflation)
Event: 60.042 Executing VM operation: HandshakeAllThreads (HandshakeForDeflation) done
Event: 60.042 Executing VM operation: RendezvousGCThreads
Event: 60.042 Executing VM operation: RendezvousGCThreads done

Events (20 events):
Event: 0.148 Thread 0x0000020d245bc110 Thread added: 0x0000020d245bc110
Event: 0.148 Thread 0x0000020d245beac0 Thread added: 0x0000020d245beac0
Event: 0.148 Thread 0x0000020d245c0530 Thread added: 0x0000020d245c0530
Event: 0.148 Thread 0x0000020d245c1210 Thread added: 0x0000020d245c1210
Event: 0.148 Thread 0x0000020d245c2bb0 Thread added: 0x0000020d245c2bb0
Event: 0.149 Thread 0x0000020d245d1bd0 Thread added: 0x0000020d245d1bd0
Event: 0.149 Thread 0x0000020d245d79a0 Thread added: 0x0000020d245d79a0
Event: 0.191 Thread 0x0000020d24583a90 Thread added: 0x0000020d24583a90
Event: 0.225 Thread 0x0000020d2489ee60 Thread added: 0x0000020d2489ee60
Event: 0.422 Thread 0x0000020d24a18d80 Thread added: 0x0000020d24a18d80
Event: 0.425 Thread 0x0000020d24a266e0 Thread added: 0x0000020d24a266e0
Event: 0.426 Thread 0x0000020d24a29f10 Thread added: 0x0000020d24a29f10
Event: 0.571 Thread 0x0000020d24a9d830 Thread added: 0x0000020d24a9d830
Event: 1.447 Thread 0x0000020d24a266e0 Thread exited: 0x0000020d24a266e0
Event: 1.807 Thread 0x0000020d6af427e0 Thread added: 0x0000020d6af427e0
Event: 1.818 Thread 0x0000020d6b2dc6c0 Thread added: 0x0000020d6b2dc6c0
Event: 1.960 Thread 0x0000020d0643ce80 Thread exited: 0x0000020d0643ce80
Event: 1.960 Thread 0x0000020d0643ce80 Thread added: 0x0000020d0643ce80
Event: 2.075 Thread 0x0000020d6b27eb60 Thread added: 0x0000020d6b27eb60
Event: 6.805 Thread 0x0000020d24a9d830 Thread exited: 0x0000020d24a9d830


Dynamic libraries:
0x00007ff7aec10000 - 0x00007ff7aec20000 	C:\Program Files\Java\jdk-21\bin\java.exe
0x00007ffce83d0000 - 0x00007ffce85c8000 	C:\Windows\SYSTEM32\ntdll.dll
0x00007ffce7560000 - 0x00007ffce7622000 	C:\Windows\System32\KERNEL32.DLL
0x00007ffce5d10000 - 0x00007ffce600e000 	C:\Windows\System32\KERNELBASE.dll
0x00007ffce5a70000 - 0x00007ffce5b70000 	C:\Windows\System32\ucrtbase.dll
0x00007ffce1510000 - 0x00007ffce1529000 	C:\Program Files\Java\jdk-21\bin\jli.dll
0x00007ffcd06e0000 - 0x00007ffcd06fb000 	C:\Program Files\Java\jdk-21\bin\VCRUNTIME140.dll
0x00007ffce63f0000 - 0x00007ffce64a2000 	C:\Windows\System32\ADVAPI32.dll
0x00007ffce69c0000 - 0x00007ffce6a5e000 	C:\Windows\System32\msvcrt.dll
0x00007ffce79f0000 - 0x00007ffce7a90000 	C:\Windows\System32\sechost.dll
0x00007ffce6540000 - 0x00007ffce6663000 	C:\Windows\System32\RPCRT4.dll
0x00007ffce5b70000 - 0x00007ffce5b97000 	C:\Windows\System32\bcrypt.dll
0x00007ffce6670000 - 0x00007ffce680d000 	C:\Windows\System32\USER32.dll
0x00007ffce6330000 - 0x00007ffce6352000 	C:\Windows\System32\win32u.dll
0x00007ffcd69c0000 - 0x00007ffcd6c5a000 	C:\Windows\WinSxS\amd64_microsoft.windows.common-controls_6595b64144ccf1df_6.0.19041.4355_none_60b8b9eb71f62e16\COMCTL32.dll
0x00007ffce64b0000 - 0x00007ffce64db000 	C:\Windows\System32\GDI32.dll
0x00007ffce5bf0000 - 0x00007ffce5d07000 	C:\Windows\System32\gdi32full.dll
0x00007ffce6170000 - 0x00007ffce620d000 	C:\Windows\System32\msvcp_win.dll
0x00007ffcdefd0000 - 0x00007ffcdefda000 	C:\Windows\SYSTEM32\VERSION.dll
0x00007ffce7640000 - 0x00007ffce766f000 	C:\Windows\System32\IMM32.DLL
0x00007ffcd4660000 - 0x00007ffcd466c000 	C:\Program Files\Java\jdk-21\bin\vcruntime140_1.dll
0x00007ffcb6740000 - 0x00007ffcb67ce000 	C:\Program Files\Java\jdk-21\bin\msvcp140.dll
0x00007ffc7dc60000 - 0x00007ffc7e975000 	C:\Program Files\Java\jdk-21\bin\server\jvm.dll
0x00007ffce7c20000 - 0x00007ffce7c8b000 	C:\Windows\System32\WS2_32.dll
0x00007ffcd5ff0000 - 0x00007ffcd6017000 	C:\Windows\SYSTEM32\WINMM.dll
0x00007ffce58d0000 - 0x00007ffce591b000 	C:\Windows\SYSTEM32\POWRPROF.dll
0x00007ffce58b0000 - 0x00007ffce58c2000 	C:\Windows\SYSTEM32\UMPDC.dll
0x00007ffce4290000 - 0x00007ffce42a2000 	C:\Windows\SYSTEM32\kernel.appcore.dll
0x00007ffcd0da0000 - 0x00007ffcd0daa000 	C:\Program Files\Java\jdk-21\bin\jimage.dll
0x00007ffce3680000 - 0x00007ffce3864000 	C:\Windows\SYSTEM32\DBGHELP.DLL
0x00007ffccfc50000 - 0x00007ffccfc84000 	C:\Windows\SYSTEM32\dbgcore.DLL
0x00007ffce6360000 - 0x00007ffce63e2000 	C:\Windows\System32\bcryptPrimitives.dll
0x00007ffcd0610000 - 0x00007ffcd062f000 	C:\Program Files\Java\jdk-21\bin\java.dll
0x00007ffce6df0000 - 0x00007ffce755f000 	C:\Windows\System32\SHELL32.dll
0x00007ffce3ad0000 - 0x00007ffce4274000 	C:\Windows\SYSTEM32\windows.storage.dll
0x00007ffce7690000 - 0x00007ffce79e3000 	C:\Windows\System32\combase.dll
0x00007ffce53d0000 - 0x00007ffce53fe000 	C:\Windows\SYSTEM32\Wldp.dll
0x00007ffce81d0000 - 0x00007ffce829d000 	C:\Windows\System32\OLEAUT32.dll
0x00007ffce6cc0000 - 0x00007ffce6d6d000 	C:\Windows\System32\SHCORE.dll
0x00007ffce64e0000 - 0x00007ffce6535000 	C:\Windows\System32\shlwapi.dll
0x00007ffce59a0000 - 0x00007ffce59c4000 	C:\Windows\SYSTEM32\profapi.dll
0x00007ffcb6860000 - 0x00007ffcb6937000 	C:\Program Files\Java\jdk-21\bin\jsvml.dll
0x00007ffcd0600000 - 0x00007ffcd0610000 	C:\Program Files\Java\jdk-21\bin\net.dll
0x00007ffcdc0f0000 - 0x00007ffcdc1fd000 	C:\Windows\SYSTEM32\WINHTTP.dll
0x00007ffce5130000 - 0x00007ffce519a000 	C:\Windows\system32\mswsock.dll
0x00007ffcd05e0000 - 0x00007ffcd05f6000 	C:\Program Files\Java\jdk-21\bin\nio.dll
0x00007ffccf1f0000 - 0x00007ffccf208000 	C:\Program Files\Java\jdk-21\bin\zip.dll
0x00007ffc8b2f0000 - 0x00007ffc8b47f000 	C:\Program Files\Java\jdk-21\bin\awt.dll
0x00007ffce2080000 - 0x00007ffce2114000 	C:\Windows\SYSTEM32\apphelp.dll
0x00007ffce3230000 - 0x00007ffce325f000 	C:\Windows\system32\DWMAPI.DLL
0x00007ffce3040000 - 0x00007ffce30de000 	C:\Windows\system32\uxtheme.dll
0x00007ffcd07e0000 - 0x00007ffcd0908000 	C:\Windows\system32\opengl32.dll
0x00007ffcd02e0000 - 0x00007ffcd030c000 	C:\Windows\SYSTEM32\GLU32.dll
0x00007ffce68a0000 - 0x00007ffce69b5000 	C:\Windows\System32\MSCTF.dll
0x00007ffce7af0000 - 0x00007ffce7c1b000 	C:\Windows\System32\ole32.dll
0x00007ffcb5b30000 - 0x00007ffcb5bb7000 	C:\Program Files\Java\jdk-21\bin\freetype.dll
0x00007ffc8b210000 - 0x00007ffc8b2e3000 	C:\Program Files\Java\jdk-21\bin\fontmanager.dll
0x00007ffce6c10000 - 0x00007ffce6cb9000 	C:\Windows\System32\clbcatq.dll
0x00007ffce2e30000 - 0x00007ffce2fe6000 	C:\Windows\SYSTEM32\WindowsCodecs.dll
0x00007ffcbaf40000 - 0x00007ffcbaf7e000 	C:\Windows\system32\dataexchange.dll
0x00007ffce1530000 - 0x00007ffce1714000 	C:\Windows\system32\dcomp.dll
0x00007ffce0a40000 - 0x00007ffce0ca3000 	C:\Windows\system32\d3d11.dll
0x00007ffce4300000 - 0x00007ffce43f6000 	C:\Windows\system32\dxgi.dll
0x00007ffcddf70000 - 0x00007ffcde173000 	C:\Windows\system32\twinapi.appcore.dll
0x00007ffcc0df0000 - 0x00007ffcc0ee9000 	C:\Windows\SYSTEM32\textinputframework.dll
0x00007ffce1e00000 - 0x00007ffce1ef2000 	C:\Windows\System32\CoreMessaging.dll
0x00007ffce1aa0000 - 0x00007ffce1dfb000 	C:\Windows\System32\CoreUIComponents.dll
0x00007ffce4ca0000 - 0x00007ffce4cd3000 	C:\Windows\SYSTEM32\ntmarta.dll
0x00007ffce2120000 - 0x00007ffce2277000 	C:\Windows\SYSTEM32\wintypes.dll
0x00007ffcbcd70000 - 0x00007ffcbce1e000 	C:\Windows\SYSTEM32\TextShaping.dll

dbghelp: loaded successfully - version: 4.0.5 - missing functions: none
symbol engine: initialized successfully - sym options: 0x614 - pdb path: .;C:\Program Files\Java\jdk-21\bin;C:\Windows\SYSTEM32;C:\Windows\WinSxS\amd64_microsoft.windows.common-controls_6595b64144ccf1df_6.0.19041.4355_none_60b8b9eb71f62e16;C:\Program Files\Java\jdk-21\bin\server

VM Arguments:
jvm_args: -Dfile.encoding=UTF-8 --module-path=C:\Users\User\Documents\NetBeansProjects\AirlineManagementSystem\build\classes 
java_command: airlinemanagementsystem.BoardingPass
java_class_path (initial): C:\Users\User\Desktop\.java\mysql-connector-java-8.0.28.jar;C:\Users\User\Desktop\.java\rs2xml.jar;C:\Users\User\Desktop\.java\jcalendar-tz-1.3.3-4.jar;C:\Users\User\Documents\NetBeansProjects\AirlineManagementSystem\build\classes
Launcher Type: SUN_STANDARD

[Global flags]
     intx CICompilerCount                          = 3                                         {product} {ergonomic}
     uint ConcGCThreads                            = 1                                         {product} {ergonomic}
     uint G1ConcRefinementThreads                  = 4                                         {product} {ergonomic}
   size_t G1HeapRegionSize                         = 1048576                                   {product} {ergonomic}
    uintx GCDrainStackTargetSize                   = 64                                        {product} {ergonomic}
   size_t InitialHeapSize                          = 132120576                                 {product} {ergonomic}
   size_t MarkStackSize                            = 4194304                                   {product} {ergonomic}
   size_t MaxHeapSize                              = 2111832064                                {product} {ergonomic}
   size_t MaxNewSize                               = 1266679808                                {product} {ergonomic}
   size_t MinHeapDeltaBytes                        = 1048576                                   {product} {ergonomic}
   size_t MinHeapSize                              = 8388608                                   {product} {ergonomic}
    uintx NonNMethodCodeHeapSize                   = 5832780                                {pd product} {ergonomic}
    uintx NonProfiledCodeHeapSize                  = 122912730                              {pd product} {ergonomic}
    uintx ProfiledCodeHeapSize                     = 122912730                              {pd product} {ergonomic}
    uintx ReservedCodeCacheSize                    = 251658240                              {pd product} {ergonomic}
     bool SegmentedCodeCache                       = true                                      {product} {ergonomic}
   size_t SoftMaxHeapSize                          = 2111832064                             {manageable} {ergonomic}
     bool UseCompressedOops                        = true                           {product lp64_product} {ergonomic}
     bool UseG1GC                                  = true                                      {product} {ergonomic}
     bool UseLargePagesIndividualAllocation        = false                                  {pd product} {ergonomic}

Logging:
Log output configuration:
 #0: stdout all=warning uptime,level,tags foldmultilines=false
 #1: stderr all=off uptime,level,tags foldmultilines=false

Environment Variables:
PATH=C:\Users\User\AppData\Local\Programs\Python\Python312\Scripts\;C:\Users\User\AppData\Local\Programs\Python\Python312\;C:\Program Files\Common Files\Oracle\Java\javapath;C:\Windows\system32;C:\Windows;C:\Windows\System32\Wbem;C:\Windows\System32\WindowsPowerShell\v1.0\;C:\Windows\System32\OpenSSH\;C:\MinGW\bin;C:\Program Files\Java\jdk-21\bin;C:\Program Files\Git\cmd;C:\Program Files\Git\mingw64\bin;C:\Program Files\Git\usr\bin;C:\Program Files\nodejs\;C:\ProgramData\chocolatey\bin;c:\Program Files (x86)\Microsoft SQL Server\100\Tools\Binn\;c:\Program Files\Microsoft SQL Server\100\Tools\Binn\;c:\Program Files\Microsoft SQL Server\100\DTS\Binn\;C:\Program Files\MySQL\MySQL Shell 8.0\bin\;C:\Users\User\AppData\Local\Microsoft\WindowsApps;C:\Users\User\AppData\Local\Programs\Microsoft VS Code\bin;C:\Users\User\AppData\Roaming\npm
USERNAME=User
OS=Windows_NT
PROCESSOR_IDENTIFIER=Intel64 Family 6 Model 142 Stepping 9, GenuineIntel
TMP=C:\Users\User\AppData\Local\Temp
TEMP=C:\Users\User\AppData\Local\Temp




Periodic native trim disabled

---------------  S Y S T E M  ---------------

OS:
 Windows 10 , 64 bit Build 19041 (10.0.19041.4957)
OS uptime: 0 days 1:30 hours

CPU: total 4 (initial active 4) (2 cores per cpu, 2 threads per core) family 6 model 142 stepping 9 microcode 0xb4, cx8, cmov, fxsr, ht, mmx, 3dnowpref, sse, sse2, sse3, ssse3, sse4.1, sse4.2, popcnt, lzcnt, tsc, tscinvbit, avx, avx2, aes, erms, clmul, bmi1, bmi2, adx, fma, vzeroupper, clflush, clflushopt, rdtscp, f16c
Processor Information for all 4 processors :
  Max Mhz: 2701, Current Mhz: 2701, Mhz Limit: 2701

Memory: 4k page, system-wide physical 8054M (1068M free)
TotalPageFile size 32630M (AvailPageFile size 0M)
current process WorkingSet (physical memory assigned to process): 140M, peak: 152M
current process commit charge ("private bytes"): 215M, peak: 227M

vm_info: Java HotSpot(TM) 64-Bit Server VM (21.0.1+12-LTS-29) for windows-amd64 JRE (21.0.1+12-LTS-29), built on 2023-10-05T13:27:09Z by "mach5one" with MS VC++ 17.1 (VS2022)

END.
